Removed Pin From Net: NetName=VCC_12V Pin=C31-1
Removed Pin From Net: NetName=GND2 Pin=C31-2
Removed Pin From Net: NetName=VCC_5V Pin=C32-1
Removed Pin From Net: NetName=VCC_24V Pin=D1-1
Removed Pin From Net: NetName=VCC_24V Pin=D2-1
Removed Pin From Net: NetName=GND2 Pin=D4-2
Removed Pin From Net: NetName=VCC_24V Pin=D5-1
Removed Pin From Net: NetName=VCC_24V Pin=D6-1
Removed Pin From Net: NetName=GND2 Pin=D7-2
Removed Pin From Net: NetName=GND2 Pin=D8-2
Removed Pin From Net: NetName=VCC_24V Pin=D9-1
Removed Pin From Net: NetName=VCC_24V Pin=D10-1
Removed Pin From Net: NetName=GND2 Pin=D11-2
Removed Pin From Net: NetName=GND2 Pin=D12-2
Removed Pin From Net: NetName=VCC_24V Pin=D13-1
Removed Pin From Net: NetName=VCC_24V Pin=D14-1
Removed Pin From Net: NetName=GND2 Pin=D15-2
Removed Pin From Net: NetName=GND2 Pin=D16-2
Removed Pin From Net: NetName=VCC_12V Pin=D18-1
Removed Pin From Net: NetName=VCC_12V Pin=D19-1
Removed Pin From Net: NetName=GND2 Pin=D20-2
Removed Pin From Net: NetName=GND2 Pin=D21-2
Removed Pin From Net: NetName=A1 Pin=J2-1
Removed Pin From Net: NetName=B1 Pin=J2-2
Removed Pin From Net: NetName=+5V Pin=J2-3
Removed Pin From Net: NetName=GND1 Pin=J2-4
Removed Pin From Net: NetName=A2 Pin=J3-1
Removed Pin From Net: NetName=B2 Pin=J3-2
Removed Pin From Net: NetName=+5V Pin=J3-3
Removed Pin From Net: NetName=GND1 Pin=J3-4
Removed Pin From Net: NetName=A3 Pin=J4-1
Removed Pin From Net: NetName=B3 Pin=J4-2
Removed Pin From Net: NetName=+5V Pin=J4-3
Removed Pin From Net: NetName=GND1 Pin=J4-4
Removed Pin From Net: NetName=A4 Pin=J13-1
Removed Pin From Net: NetName=B4 Pin=J13-2
Removed Pin From Net: NetName=+5V Pin=J13-3
Removed Pin From Net: NetName=GND1 Pin=J13-4
Removed Pin From Net: NetName=VCC_5V Pin=LED4-1
Removed Pin From Net: NetName=A1 Pin=R5-1
Removed Pin From Net: NetName=+5V Pin=R5-2
Removed Pin From Net: NetName=B1 Pin=R6-1
Removed Pin From Net: NetName=+5V Pin=R6-2
Removed Pin From Net: NetName=A2 Pin=R7-1
Removed Pin From Net: NetName=+5V Pin=R7-2
Removed Pin From Net: NetName=B2 Pin=R8-1
Removed Pin From Net: NetName=+5V Pin=R8-2
Removed Pin From Net: NetName=A3 Pin=R9-1
Removed Pin From Net: NetName=+5V Pin=R9-2
Removed Pin From Net: NetName=B3 Pin=R10-1
Removed Pin From Net: NetName=+5V Pin=R10-2
Removed Pin From Net: NetName=VCC_5V Pin=R24-1
Removed Pin From Net: NetName=INPUT6 Pin=R26-1
Removed Pin From Net: NetName=VCC_5V Pin=R27-1
Removed Pin From Net: NetName=INPUT7 Pin=R28-1
Removed Pin From Net: NetName=VCC_5V Pin=R30-1
Removed Pin From Net: NetName=INPUT8 Pin=R31-1
Removed Pin From Net: NetName=VCC_5V Pin=R34-1
Removed Pin From Net: NetName=INPUT9 Pin=R35-1
Removed Pin From Net: NetName=VCC_5V Pin=R36-1
Removed Pin From Net: NetName=INPUT10 Pin=R37-1
Removed Pin From Net: NetName=A4 Pin=R39-1
Removed Pin From Net: NetName=+5V Pin=R39-2
Removed Pin From Net: NetName=B4 Pin=R40-1
Removed Pin From Net: NetName=+5V Pin=R40-2
Removed Pin From Net: NetName=GND2 Pin=R42-2
Removed Pin From Net: NetName=GND2 Pin=U4-1
Removed Pin From Net: NetName=GND2 Pin=U4-2
Removed Pin From Net: NetName=VCC_24V Pin=U4-6
Removed Pin From Net: NetName=IN1 Pin=U4-7
Removed Pin From Net: NetName=VCC_5V Pin=U4-8
Removed Pin From Net: NetName=IN2 Pin=U4-9
Removed Pin From Net: NetName=GND2 Pin=U4-10
Removed Pin From Net: NetName=GND2 Pin=U4-11
Removed Pin From Net: NetName=VCC_5V Pin=U4-12
Removed Pin From Net: NetName=GND2 Pin=U4-19
Removed Pin From Net: NetName=GND2 Pin=U4-20
Removed Pin From Net: NetName=GND2 Pin=U8-1
Removed Pin From Net: NetName=GND2 Pin=U8-2
Removed Pin From Net: NetName=VCC_24V Pin=U8-6
Removed Pin From Net: NetName=IN3 Pin=U8-7
Removed Pin From Net: NetName=VCC_5V Pin=U8-8
Removed Pin From Net: NetName=IN4 Pin=U8-9
Removed Pin From Net: NetName=GND2 Pin=U8-10
Removed Pin From Net: NetName=GND2 Pin=U8-11
Removed Pin From Net: NetName=VCC_5V Pin=U8-12
Removed Pin From Net: NetName=GND2 Pin=U8-19
Removed Pin From Net: NetName=GND2 Pin=U8-20
Removed Pin From Net: NetName=GND2 Pin=U12-1
Removed Pin From Net: NetName=GND2 Pin=U12-2
Removed Pin From Net: NetName=VCC_24V Pin=U12-6
Removed Pin From Net: NetName=IN5 Pin=U12-7
Removed Pin From Net: NetName=VCC_5V Pin=U12-8
Removed Pin From Net: NetName=GND2 Pin=U12-10
Removed Pin From Net: NetName=GND2 Pin=U12-11
Removed Pin From Net: NetName=VCC_5V Pin=U12-12
Removed Pin From Net: NetName=GND2 Pin=U12-19
Removed Pin From Net: NetName=GND2 Pin=U12-20
Removed Pin From Net: NetName=NetR26_2 Pin=U13-2
Removed Pin From Net: NetName=GND1 Pin=U13-3
Removed Pin From Net: NetName=GND2 Pin=U13-5
Removed Pin From Net: NetName=VCC_5V Pin=U13-7
Removed Pin From Net: NetName=VCC_5V Pin=U13-8
Removed Pin From Net: NetName=GND1 Pin=U14-3
Removed Pin From Net: NetName=GND2 Pin=U14-5
Removed Pin From Net: NetName=VCC_5V Pin=U14-7
Removed Pin From Net: NetName=VCC_5V Pin=U14-8
Removed Pin From Net: NetName=GND2 Pin=U15-1
Removed Pin From Net: NetName=GND2 Pin=U15-2
Removed Pin From Net: NetName=VCC_24V Pin=U15-6
Removed Pin From Net: NetName=VCC_5V Pin=U15-8
Removed Pin From Net: NetName=GND2 Pin=U15-10
Removed Pin From Net: NetName=GND2 Pin=U15-11
Removed Pin From Net: NetName=VCC_5V Pin=U15-12
Removed Pin From Net: NetName=GND2 Pin=U15-19
Removed Pin From Net: NetName=GND2 Pin=U15-20
Removed Pin From Net: NetName=GND1 Pin=U16-3
Removed Pin From Net: NetName=GND2 Pin=U16-5
Removed Pin From Net: NetName=VCC_5V Pin=U16-7
Removed Pin From Net: NetName=VCC_5V Pin=U16-8
Removed Pin From Net: NetName=GND1 Pin=U18-3
Removed Pin From Net: NetName=GND2 Pin=U18-5
Removed Pin From Net: NetName=VCC_5V Pin=U18-7
Removed Pin From Net: NetName=VCC_5V Pin=U18-8
Removed Pin From Net: NetName=GND2 Pin=U20-1
Removed Pin From Net: NetName=GND2 Pin=U20-2
Removed Pin From Net: NetName=VCC_12V Pin=U20-6
Removed Pin From Net: NetName=VCC_5V Pin=U20-8
Removed Pin From Net: NetName=GND2 Pin=U20-10
Removed Pin From Net: NetName=GND2 Pin=U20-11
Removed Pin From Net: NetName=VCC_5V Pin=U20-12
Removed Pin From Net: NetName=GND2 Pin=U20-19
Removed Pin From Net: NetName=GND2 Pin=U20-20
Removed Pin From Net: NetName=GND1 Pin=U21-3
Removed Pin From Net: NetName=GND2 Pin=U21-5
Removed Pin From Net: NetName=VCC_5V Pin=U21-7
Removed Pin From Net: NetName=VCC_5V Pin=U21-8
Removed Pin From Net: NetName=VCC_12V Pin=U23-1
Removed Pin From Net: NetName=GND2 Pin=U23-2
Removed Pin From Net: NetName=VCC_5V Pin=U23-3
Removed Member From Class: ClassName=RD Member=C31
Removed Member From Class: ClassName=RD Member=C32
Removed Member From Class: ClassName=RD Member=D1
Removed Member From Class: ClassName=RD Member=D2
Removed Member From Class: ClassName=RD Member=D3
Removed Member From Class: ClassName=RD Member=D6
Removed Member From Class: ClassName=RD Member=D7
Removed Member From Class: ClassName=RD Member=D8
Removed Member From Class: ClassName=RD Member=D9
Removed Member From Class: ClassName=RD Member=D10
Removed Member From Class: ClassName=RD Member=D11
Removed Member From Class: ClassName=RD Member=D12
Removed Member From Class: ClassName=RD Member=D13
Removed Member From Class: ClassName=RD Member=D14
Removed Member From Class: ClassName=RD Member=D15
Removed Member From Class: ClassName=RD Member=D16
Removed Member From Class: ClassName=RD Member=D18
Removed Member From Class: ClassName=RD Member=D19
Removed Member From Class: ClassName=RD Member=D20
Removed Member From Class: ClassName=RD Member=D21
Removed Member From Class: ClassName=RD Member=DS1
Removed Member From Class: ClassName=RD Member=DS2
Removed Member From Class: ClassName=RD Member=DS3
Removed Member From Class: ClassName=RD Member=DS4
Removed Member From Class: ClassName=RD Member=DS5
Removed Member From Class: ClassName=RD Member=DS6
Removed Member From Class: ClassName=RD Member=DS7
Removed Member From Class: ClassName=RD Member=DS8
Removed Member From Class: ClassName=RD Member=DS9
Removed Member From Class: ClassName=RD Member=DS10
Removed Member From Class: ClassName=RD Member=J2
Removed Member From Class: ClassName=RD Member=J3
Removed Member From Class: ClassName=RD Member=J4
Removed Member From Class: ClassName=RD Member=J12
Removed Member From Class: ClassName=RD Member=J13
Removed Member From Class: ClassName=RD Member=J14
Removed Member From Class: ClassName=RD Member=J15
Removed Member From Class: ClassName=RD Member=LED4
Removed Member From Class: ClassName=RD Member=R5
Removed Member From Class: ClassName=RD Member=R6
Removed Member From Class: ClassName=RD Member=R7
Removed Member From Class: ClassName=RD Member=R8
Removed Member From Class: ClassName=RD Member=R9
Removed Member From Class: ClassName=RD Member=R10
Removed Member From Class: ClassName=RD Member=R19
Removed Member From Class: ClassName=RD Member=R24
Removed Member From Class: ClassName=RD Member=R25
Removed Member From Class: ClassName=RD Member=R26
Removed Member From Class: ClassName=RD Member=R27
Removed Member From Class: ClassName=RD Member=R28
Removed Member From Class: ClassName=RD Member=R30
Removed Member From Class: ClassName=RD Member=R31
Removed Member From Class: ClassName=RD Member=R34
Removed Member From Class: ClassName=RD Member=R35
Removed Member From Class: ClassName=RD Member=R36
Removed Member From Class: ClassName=RD Member=R37
Removed Member From Class: ClassName=RD Member=R38
Removed Member From Class: ClassName=RD Member=R39
Removed Member From Class: ClassName=RD Member=R40
Removed Member From Class: ClassName=RD Member=R42
Removed Member From Class: ClassName=RD Member=U4
Removed Member From Class: ClassName=RD Member=U8
Removed Member From Class: ClassName=RD Member=U13
Removed Member From Class: ClassName=RD Member=U14
Removed Member From Class: ClassName=RD Member=U15
Removed Member From Class: ClassName=RD Member=U16
Removed Member From Class: ClassName=RD Member=U18
Removed Member From Class: ClassName=RD Member=U20
Removed Member From Class: ClassName=RD Member=U21
Removed Member From Class: ClassName=RD Member=U23
Change Component Footprint: Designator=J10 Old Footprint=CONN-TH_2P-P3.81_DB2EVC-3.81-2P-BK New Footprint=CONN-TH_3P-P3.81_DB2EVC-3.81-3P
Change Component Footprint: Designator=J11 Old Footprint=CONN-TH_2P-P3.81_DB2EVC-3.81-2P-BK New Footprint=CONN-TH_3P-P3.81_DB2EVC-3.81-3P
Change Component Footprint: Designator=U4 Old Footprint=L298P New Footprint=AMS1117
Change Component Comment : Designator=R6 Old Comment=10K New Comment=1K
Change Component Comment : Designator=R7 Old Comment=10K New Comment=1K
Change Component Comment : Designator=R10 Old Comment=10K New Comment=1K
Change Component Comment : Designator=R8 Old Comment=10K New Comment=4.7K
Change Component Comment : Designator=R14 Old Comment=10K New Comment=330R
Change Component Comment : Designator=R9 Old Comment=10K New Comment=磁珠
Change Component Comment : Designator=R26 Old Comment=201 New Comment=100R
Change Component Comment : Designator=R24 Old Comment=332 New Comment=33R
Change Component Comment : Designator=C31 Old Comment=Cap Pol1 New Comment=227
Change Component Comment : Designator=C32 Old Comment=Cap Pol1 New Comment=227
Change Component Comment : Designator=J10 Old Comment=CON2 New Comment=CON3
Change Component Comment : Designator=J11 Old Comment=CON2 New Comment=CON3
Change Component Comment : Designator=J3 Old Comment=CON4 New Comment=CON2
Change Component Comment : Designator=J4 Old Comment=CON4 New Comment=CON5
Change Component Comment : Designator=J2 Old Comment=CON4 New Comment=USB_MINI
Change Component Comment : Designator=D3 Old Comment=Diode 1N4149 New Comment=
Change Component Comment : Designator=D5 Old Comment=Diode 1N4149 New Comment=
Change Component Comment : Designator=D2 Old Comment=Diode 1N4149 New Comment=DIODE
Change Component Comment : Designator=D4 Old Comment=Diode 1N4149 New Comment=DIODE
Change Component Comment : Designator=D1 Old Comment=Diode 1N4149 New Comment=红灯
Change Component Comment : Designator=U4 Old Comment=L298P New Comment=AMS1117_2.5
Change Component Comment : Designator=U8 Old Comment=L298P New Comment=LM2596S
Change Component Comment : Designator=U12 Old Comment=L298P New Comment=LM2596S
Change component parameters: Designator = "C31" ("C31"); Footprint = "钽电容小"; UniqueID = "\LLBNXWVM" ("\LLBNXWVM")
Change component parameters (AddParameter): Name = "LatestRevisionDate"; Value = "17-Jul-2002"; VariantName = "[No Variations]"
Change component parameters (AddParameter): Name = "LatestRevisionNote"; Value = "Re-released for DXP Platform."; VariantName = "[No Variations]"
Change component parameters (AddParameter): Name = "PackageDescription"; Value = "Polarized Capacitor (Radial); 2 Leads"; VariantName = "[No Variations]"
Change component parameters (AddParameter): Name = "PackageReference"; Value = "RB7.6-15"; VariantName = "[No Variations]"
Change component parameters (AddParameter): Name = "Published"; Value = "8-Jun-2000"; VariantName = "[No Variations]"
Change component parameters (AddParameter): Name = "Publisher"; Value = "Altium Limited"; VariantName = "[No Variations]"
Change component parameters (AddParameter): Name = "Value"; Value = "220uF"; VariantName = "[No Variations]"
Change component parameters: Designator = "C32" ("C32"); Footprint = "钽电容小"; UniqueID = "\BTBDWHLS" ("\BTBDWHLS")
Change component parameters (AddParameter): Name = "LatestRevisionDate"; Value = "17-Jul-2002"; VariantName = "[No Variations]"
Change component parameters (AddParameter): Name = "LatestRevisionNote"; Value = "Re-released for DXP Platform."; VariantName = "[No Variations]"
Change component parameters (AddParameter): Name = "PackageDescription"; Value = "Polarized Capacitor (Radial); 2 Leads"; VariantName = "[No Variations]"
Change component parameters (AddParameter): Name = "PackageReference"; Value = "RB7.6-15"; VariantName = "[No Variations]"
Change component parameters (AddParameter): Name = "Published"; Value = "8-Jun-2000"; VariantName = "[No Variations]"
Change component parameters (AddParameter): Name = "Publisher"; Value = "Altium Limited"; VariantName = "[No Variations]"
Change component parameters (AddParameter): Name = "Value"; Value = "220uF"; VariantName = "[No Variations]"
Change component parameters: Designator = "D1" ("D1"); Footprint = "肖特基二极管SS34"; UniqueID = "\LVDJAJKF" ("\LVDJAJKF")
Change component parameters (AddParameter): Name = "C"; Value = "红灯"; VariantName = "[No Variations]"
Change component parameters (AddParameter): Name = "PackageDescription"; Value = "SM LED; 2 Flat Leads"; VariantName = "[No Variations]"
Change component parameters (AddParameter): Name = "PackageReference"; Value = "0603"; VariantName = "[No Variations]"
Change component parameters (AddParameter): Name = "Value"; Value = "LED_GREEN"; VariantName = "[No Variations]"
Change component parameters (AddParameter): Name = "贴?"; Value = "SMT"; VariantName = "[No Variations]"
Change component parameters: Designator = "D2" ("D2"); Footprint = "肖特基二极管SS34"; UniqueID = "\EVMRUAAJ" ("\EVMRUAAJ")
Change component parameters: Designator = "D3" ("D3"); Footprint = "肖特基二极管SS34"; UniqueID = "\AWHKUYKL" ("\AWHKUYKL")
Change component parameters (AddParameter): Name = "PackageDescription"; Value = "SM LED; 2 Flat Leads"; VariantName = "[No Variations]"
Change component parameters (AddParameter): Name = "PackageReference"; Value = "0603"; VariantName = "[No Variations]"
Change component parameters (AddParameter): Name = "Value"; Value = "LED_GREEN"; VariantName = "[No Variations]"
Change component parameters (AddParameter): Name = "贴?"; Value = "SMT"; VariantName = "[No Variations]"
Change component parameters: Designator = "D4" ("D4"); Footprint = "肖特基二极管SS34"; UniqueID = "\SQSWBYGY" ("\SQSWBYGY")
Change component parameters: Designator = "D5" ("D5"); Footprint = "肖特基二极管SS34"; UniqueID = "\MKBNBGSO" ("\MKBNBGSO")
Change component parameters (AddParameter): Name = "PackageDescription"; Value = "SM LED; 2 Flat Leads"; VariantName = "[No Variations]"
Change component parameters (AddParameter): Name = "PackageReference"; Value = "0603"; VariantName = "[No Variations]"
Change component parameters (AddParameter): Name = "Value"; Value = "LED_GREEN"; VariantName = "[No Variations]"
Change component parameters (AddParameter): Name = "贴?"; Value = "SMT"; VariantName = "[No Variations]"
Change component parameters: Designator = "J2" ("J2"); Footprint = "CONN4B"; UniqueID = "\TKJDGSGJ" ("\TKJDGSGJ")
Change component parameters (AddParameter): Name = "PackageReference"; Value = "USB Mini"; VariantName = "[No Variations]"
Change component parameters (AddParameter): Name = "Value"; Value = "USB Mini"; VariantName = "[No Variations]"
Change component parameters (AddParameter): Name = "贴?"; Value = "SMT"; VariantName = "[No Variations]"
Change component parameters: Designator = "J10" ("J10"); Footprint = "CONN-TH_2P-P3.81_DB2EVC-3.81-2P-BK"; UniqueID = "\FRUINISF" ("\FRUINISF")
Change component parameters (AddParameter): Name = "LatestRevisionDate"; Value = "17-Jul-2002"; VariantName = "[No Variations]"
Change component parameters (AddParameter): Name = "LatestRevisionNote"; Value = "Re-released for DXP Platform."; VariantName = "[No Variations]"
Change component parameters (AddParameter): Name = "Publisher"; Value = "Altium Limited"; VariantName = "[No Variations]"
Change component parameters: Designator = "J11" ("J11"); Footprint = "CONN-TH_2P-P3.81_DB2EVC-3.81-2P-BK"; UniqueID = "\NEXKXJTJ" ("\NEXKXJTJ")
Change component parameters (AddParameter): Name = "LatestRevisionDate"; Value = "17-Jul-2002"; VariantName = "[No Variations]"
Change component parameters (AddParameter): Name = "LatestRevisionNote"; Value = "Re-released for DXP Platform."; VariantName = "[No Variations]"
Change component parameters (AddParameter): Name = "Publisher"; Value = "Altium Limited"; VariantName = "[No Variations]"
Change component parameters: Designator = "R5" ("R5"); Footprint = "0805"; UniqueID = "\CAYHNKPO" ("\CAYHNKPO")
Change component parameters (AddParameter): Name = "PackageDescription"; Value = "R0603"; VariantName = "[No Variations]"
Change component parameters (AddParameter): Name = "PackageReference"; Value = "R0603"; VariantName = "[No Variations]"
Change component parameters (AddParameter): Name = "Value"; Value = "33R"; VariantName = "[No Variations]"
Change component parameters (AddParameter): Name = "贴?"; Value = "SMT"; VariantName = "[No Variations]"
Change component parameters: Designator = "R6" ("R6"); Footprint = "0805"; UniqueID = "\PTSGBJII" ("\PTSGBJII")
Change component parameters (AddParameter): Name = "PackageDescription"; Value = "Chip Resistor"; VariantName = "[No Variations]"
Change component parameters (AddParameter): Name = "PackageReference"; Value = "R0603"; VariantName = "[No Variations]"
Change component parameters (AddParameter): Name = "Value"; Value = "1K"; VariantName = "[No Variations]"
Change component parameters (AddParameter): Name = "贴?"; Value = "SMT"; VariantName = "[No Variations]"
Change component parameters: Designator = "R7" ("R7"); Footprint = "0805"; UniqueID = "\HDNIBFJB" ("\HDNIBFJB")
Change component parameters (AddParameter): Name = "PackageDescription"; Value = "Chip Resistor"; VariantName = "[No Variations]"
Change component parameters (AddParameter): Name = "PackageReference"; Value = "R0603"; VariantName = "[No Variations]"
Change component parameters (AddParameter): Name = "Value"; Value = "1K"; VariantName = "[No Variations]"
Change component parameters (AddParameter): Name = "贴?"; Value = "SMT"; VariantName = "[No Variations]"
Change component parameters: Designator = "R8" ("R8"); Footprint = "0805"; UniqueID = "\XOXNBCIK" ("\XOXNBCIK")
Change component parameters (AddParameter): Name = "PackageDescription"; Value = "R0603"; VariantName = "[No Variations]"
Change component parameters (AddParameter): Name = "PackageReference"; Value = "R0603"; VariantName = "[No Variations]"
Change component parameters (AddParameter): Name = "Value"; Value = "33R"; VariantName = "[No Variations]"
Change component parameters (AddParameter): Name = "贴?"; Value = "SMT"; VariantName = "[No Variations]"
Change component parameters: Designator = "R9" ("R9"); Footprint = "0805"; UniqueID = "\WABKLGVB" ("\WABKLGVB")
Change component parameters (AddParameter): Name = "PackageDescription"; Value = "R0603"; VariantName = "[No Variations]"
Change component parameters (AddParameter): Name = "PackageReference"; Value = "R0603"; VariantName = "[No Variations]"
Change component parameters (AddParameter): Name = "Value"; Value = "磁珠"; VariantName = "[No Variations]"
Change component parameters (AddParameter): Name = "贴?"; Value = "SMT"; VariantName = "[No Variations]"
Change component parameters: Designator = "R10" ("R10"); Footprint = "0805"; UniqueID = "\PPHNBXSE" ("\PPHNBXSE")
Change component parameters (AddParameter): Name = "PackageDescription"; Value = "R0603"; VariantName = "[No Variations]"
Change component parameters (AddParameter): Name = "PackageReference"; Value = "R0603"; VariantName = "[No Variations]"
Change component parameters (AddParameter): Name = "Value"; Value = "33R"; VariantName = "[No Variations]"
Change component parameters (AddParameter): Name = "贴?"; Value = "SMT"; VariantName = "[No Variations]"
Change component parameters: Designator = "R14" ("R14"); Footprint = "0805"; UniqueID = "\HIAQXPFJ" ("\HIAQXPFJ")
Change component parameters (AddParameter): Name = "PackageDescription"; Value = "Chip Resistor"; VariantName = "[No Variations]"
Change component parameters (AddParameter): Name = "PackageReference"; Value = "R0603"; VariantName = "[No Variations]"
Change component parameters (AddParameter): Name = "Value"; Value = "330R"; VariantName = "[No Variations]"
Change component parameters (AddParameter): Name = "贴?"; Value = "SMT"; VariantName = "[No Variations]"
Change component parameters: Designator = "R19" ("R19"); Footprint = "0805"; UniqueID = "\TCSTDJXH" ("\TCSTDJXH")
Change component parameters (AddParameter): Name = "PackageDescription"; Value = "R0603"; VariantName = "[No Variations]"
Change component parameters (AddParameter): Name = "PackageReference"; Value = "R0603"; VariantName = "[No Variations]"
Change component parameters (AddParameter): Name = "Value"; Value = "33R"; VariantName = "[No Variations]"
Change component parameters (AddParameter): Name = "贴?"; Value = "SMT"; VariantName = "[No Variations]"
Change component parameters: Designator = "R24" ("R24"); Footprint = "0805"; UniqueID = "\FHANARXC" ("\FHANARXC")
Change component parameters (AddParameter): Name = "PackageDescription"; Value = "R0603"; VariantName = "[No Variations]"
Change component parameters (AddParameter): Name = "PackageReference"; Value = "R0603"; VariantName = "[No Variations]"
Change component parameters (AddParameter): Name = "Value"; Value = "33R"; VariantName = "[No Variations]"
Change component parameters (AddParameter): Name = "贴?"; Value = "SMT"; VariantName = "[No Variations]"
Change component parameters: Designator = "R25" ("R25"); Footprint = "0805"; UniqueID = "\KYARERTJ" ("\KYARERTJ")
Change component parameters (AddParameter): Name = "PackageDescription"; Value = "Chip Resistor"; VariantName = "[No Variations]"
Change component parameters (AddParameter): Name = "PackageReference"; Value = "R0603"; VariantName = "[No Variations]"
Change component parameters (AddParameter): Name = "Value"; Value = "10K"; VariantName = "[No Variations]"
Change component parameters (AddParameter): Name = "贴?"; Value = "SMT"; VariantName = "[No Variations]"
Change component parameters: Designator = "R26" ("R26"); Footprint = "0805"; UniqueID = "\RUUCBKTC" ("\RUUCBKTC")
Change component parameters (AddParameter): Name = "PackageDescription"; Value = "Chip Resistor"; VariantName = "[No Variations]"
Change component parameters (AddParameter): Name = "PackageReference"; Value = "R0603"; VariantName = "[No Variations]"
Change component parameters (AddParameter): Name = "Value"; Value = "100R"; VariantName = "[No Variations]"
Change component parameters (AddParameter): Name = "贴?"; Value = "SMT"; VariantName = "[No Variations]"
Change component parameters: Designator = "R32" ("R32"); Footprint = "0805"; UniqueID = "\TUOXYZCV" ("\TUOXYZCV")
Change component parameters: Designator = "U4" ("U4"); Footprint = "L298P"; UniqueID = "\FTOSFCBB" ("\FTOSFCBB")
Change component parameters (AddParameter): Name = "PackageDesc"; Value = "4脚，6.7*7.3mm"; VariantName = "[No Variations]"
Change component parameters (AddParameter): Name = "PackageReference"; Value = "SOT223"; VariantName = "[No Variations]"
Change component parameters (AddParameter): Name = "Value"; Value = "AMS117-3.3"; VariantName = "[No Variations]"
Change component parameters (AddParameter): Name = "贴?"; Value = "SMT"; VariantName = "[No Variations]"
Added Component: Designator=F2(1206)
Added Component: Designator=J1(HDR1X3)
Add component (AddParameter): Name = "LatestRevisionDate"; Value = "17-Jul-2002"; VariantName = "[No Variations]"
Add component (AddParameter): Name = "LatestRevisionNote"; Value = "Re-released for DXP Platform."; VariantName = "[No Variations]"
Add component (AddParameter): Name = "Publisher"; Value = "Altium Limited"; VariantName = "[No Variations]"
Added Component: Designator=J7(HDR1X3)
Add component (AddParameter): Name = "LatestRevisionDate"; Value = "17-Jul-2002"; VariantName = "[No Variations]"
Add component (AddParameter): Name = "LatestRevisionNote"; Value = "Re-released for DXP Platform."; VariantName = "[No Variations]"
Add component (AddParameter): Name = "Publisher"; Value = "Altium Limited"; VariantName = "[No Variations]"
Added Component: Designator=J8(HDR1X3)
Add component (AddParameter): Name = "LatestRevisionDate"; Value = "17-Jul-2002"; VariantName = "[No Variations]"
Add component (AddParameter): Name = "LatestRevisionNote"; Value = "Re-released for DXP Platform."; VariantName = "[No Variations]"
Add component (AddParameter): Name = "Publisher"; Value = "Altium Limited"; VariantName = "[No Variations]"
Added Component: Designator=J8(CON3)
Added Component: Designator=J17(CONN-TH_2P-P3.81_DB2EVC-3.81-2P-BK)
Added Component: Designator=JTAG1(HDR2X5)
Add component (AddParameter): Name = "LatestRevisionDate"; Value = "17-Jul-2002"; VariantName = "[No Variations]"
Add component (AddParameter): Name = "LatestRevisionNote"; Value = "Re-released for DXP Platform."; VariantName = "[No Variations]"
Add component (AddParameter): Name = "Publisher"; Value = "Altium Limited"; VariantName = "[No Variations]"
Added Component: Designator=P5(HDR1X2)
Add component (AddParameter): Name = "PackageDesc"; Value = "2.54mm间距,1*2"; VariantName = "[No Variations]"
Add component (AddParameter): Name = "PackageReference"; Value = "Header1*2"; VariantName = "[No Variations]"
Add component (AddParameter): Name = "Value"; Value = "Header1*2"; VariantName = "[No Variations]"
Add component (AddParameter): Name = "贴?"; Value = "DIP"; VariantName = "[No Variations]"
Added Component: Designator=PWM1(HDR2X5)
Add component (AddParameter): Name = "LatestRevisionDate"; Value = "17-Jul-2002"; VariantName = "[No Variations]"
Add component (AddParameter): Name = "LatestRevisionNote"; Value = "Re-released for DXP Platform."; VariantName = "[No Variations]"
Add component (AddParameter): Name = "Publisher"; Value = "Altium Limited"; VariantName = "[No Variations]"
Added Component: Designator=U2(AMS1117)
Add component (AddParameter): Name = "PackageDesc"; Value = "4脚，6.7*7.3mm"; VariantName = "[No Variations]"
Add component (AddParameter): Name = "PackageReference"; Value = "SOT223"; VariantName = "[No Variations]"
Add component (AddParameter): Name = "Value"; Value = "AMS117-3.3"; VariantName = "[No Variations]"
Add component (AddParameter): Name = "贴?"; Value = "SMT"; VariantName = "[No Variations]"
Added Component: Designator=U6(AMS1117)
Add component (AddParameter): Name = "PackageDesc"; Value = "4脚，6.7*7.3mm"; VariantName = "[No Variations]"
Add component (AddParameter): Name = "PackageReference"; Value = "SOT223"; VariantName = "[No Variations]"
Add component (AddParameter): Name = "Value"; Value = "AMS117-3.3"; VariantName = "[No Variations]"
Add component (AddParameter): Name = "贴?"; Value = "SMT"; VariantName = "[No Variations]"
Added Pin To Net: NetName=GND1 Pin=C1-2
Added Pin To Net: NetName=GND1 Pin=C2-2
Added Pin To Net: NetName=GND1 Pin=C3-1
Added Pin To Net: NetName=GND1 Pin=C4-1
Added Pin To Net: NetName=GND1 Pin=C5-2
Added Pin To Net: NetName=GND1 Pin=C6-2
Added Pin To Net: NetName=GND1 Pin=C7-1
Added Pin To Net: NetName=GND1 Pin=C8-1
Added Pin To Net: NetName=GND1 Pin=C9-1
Added Pin To Net: NetName=GND1 Pin=C12-2
Added Pin To Net: NetName=GND1 Pin=C13-2
Added Pin To Net: NetName=GND1 Pin=C14-2
Added Pin To Net: NetName=GND1 Pin=C15-1
Added Pin To Net: NetName=GND1 Pin=C16-1
Added Pin To Net: NetName=GND1 Pin=C18-2
Added Pin To Net: NetName=GND1 Pin=C19-1
Added Pin To Net: NetName=GND1 Pin=C20-2
Added Pin To Net: NetName=GND1 Pin=C21-1
Added Pin To Net: NetName=GND1 Pin=C22-2
Added Pin To Net: NetName=GND1 Pin=C23-1
Added Pin To Net: NetName=GND1 Pin=C24-1
Added Pin To Net: NetName=GND1 Pin=C25-1
Added Pin To Net: NetName=GND1 Pin=C26-1
Added Pin To Net: NetName=GND2 Pin=C27-1
Added Pin To Net: NetName=GND2 Pin=C28-2
Added Pin To Net: NetName=GND2 Pin=C29-1
Added Pin To Net: NetName=GND2 Pin=C30-2
Added Pin To Net: NetName=GND1 Pin=D1-2
Added Pin To Net: NetName=GND2 Pin=D2-1
Added Pin To Net: NetName=GND2 Pin=D4-1
Added Pin To Net: NetName=GND2 Pin=D5-2
Added Pin To Net: NetName=RXA Pin=J1-1
Added Pin To Net: NetName=TXA Pin=J1-2
Added Pin To Net: NetName=GND1 Pin=J1-3
Added Pin To Net: NetName=GND2 Pin=J4-2
Added Pin To Net: NetName=GND2 Pin=J5-2
Added Pin To Net: NetName=GND2 Pin=J6-2
Added Pin To Net: NetName=GND2 Pin=J7-3
Added Pin To Net: NetName=GND1 Pin=J8-1
Added Pin To Net: NetName=IN3 Pin=J8-2
Added Pin To Net: NetName=GND2 Pin=J8-3
Added Pin To Net: NetName=IN4 Pin=J8-3
Added Pin To Net: NetName=IN2 Pin=J10-1
Added Pin To Net: NetName=GND2 Pin=J10-3
Added Pin To Net: NetName=IN1 Pin=J11-1
Added Pin To Net: NetName=GND2 Pin=J11-3
Added Pin To Net: NetName=GND1 Pin=J17-1
Added Pin To Net: NetName=IN5 Pin=J17-2
Added Pin To Net: NetName=GND1 Pin=JTAG1-2
Added Pin To Net: NetName=GND1 Pin=JTAG1-10
Added Pin To Net: NetName=GND1 Pin=P5-1
Added Pin To Net: NetName=GND2 Pin=P5-2
Added Pin To Net: NetName=GND1 Pin=PWM1-2
Added Pin To Net: NetName=GND1 Pin=PWM1-4
Added Pin To Net: NetName=GND1 Pin=PWM1-6
Added Pin To Net: NetName=GND1 Pin=PWM1-8
Added Pin To Net: NetName=GND1 Pin=PWM1-10
Added Pin To Net: NetName=GND1 Pin=R1-1
Added Pin To Net: NetName=GND1 Pin=R10-1
Added Pin To Net: NetName=GND1 Pin=R11-1
Added Pin To Net: NetName=GND2 Pin=R14-2
Added Pin To Net: NetName=GND1 Pin=R15-1
Added Pin To Net: NetName=GND2 Pin=R21-2
Added Pin To Net: NetName=GND2 Pin=TVS1-1
Added Pin To Net: NetName=GND1 Pin=U1-4
Added Pin To Net: NetName=GND1 Pin=U1-19
Added Pin To Net: NetName=GND1 Pin=U1-22
Added Pin To Net: NetName=GND1 Pin=U1-27
Added Pin To Net: NetName=GND1 Pin=U1-36
Added Pin To Net: NetName=GND1 Pin=U1-41
Added Pin To Net: NetName=GND1 Pin=U1-48
Added Pin To Net: NetName=GND1 Pin=U1-57
Added Pin To Net: NetName=GND1 Pin=U1-63
Added Pin To Net: NetName=GND1 Pin=U1-79
Added Pin To Net: NetName=GND1 Pin=U1-82
Added Pin To Net: NetName=GND1 Pin=U1-95
Added Pin To Net: NetName=GND1 Pin=U2-1
Added Pin To Net: NetName=GND1 Pin=U3-4
Added Pin To Net: NetName=GND1 Pin=U4-1
Added Pin To Net: NetName=GND1 Pin=U6-1
Added Pin To Net: NetName=GND1 Pin=U7-1
Added Pin To Net: NetName=GND2 Pin=U8-3
Added Pin To Net: NetName=GND2 Pin=U8-5
Added Pin To Net: NetName=GND2 Pin=U9-6
Added Pin To Net: NetName=GND2 Pin=U9-7
Added Pin To Net: NetName=VCC_12V Pin=U12-1
Added Pin To Net: NetName=GND2 Pin=U12-3
Added Pin To Net: NetName=GND2 Pin=U12-5
Added Pin To Net: NetName=ASDO Pin=U1-6
Added Net: Name=ASDO
Added Pin To Net: NetName=CH340_D+ Pin=J2-3
Added Pin To Net: NetName=CH340_D+ Pin=U7-5
Added Net: Name=CH340_D+
Added Pin To Net: NetName=CH340_D- Pin=J2-2
Added Pin To Net: NetName=CH340_D- Pin=U7-6
Added Net: Name=CH340_D-
Added Pin To Net: NetName=CONF_DONE Pin=R17-2
Added Pin To Net: NetName=CONF_DONE Pin=U1-92
Added Net: Name=CONF_DONE
Added Pin To Net: NetName=DATA0 Pin=R2-1
Added Pin To Net: NetName=DATA0 Pin=U1-13
Added Net: Name=DATA0
Added Pin To Net: NetName=DCLK Pin=U1-12
Added Net: Name=DCLK
Added Pin To Net: NetName=GPIO2 Pin=U1-84
Added Net: Name=GPIO2
Added Pin To Net: NetName=GPIO3 Pin=U1-85
Added Net: Name=GPIO3
Added Pin To Net: NetName=GPIO4 Pin=U1-80
Added Net: Name=GPIO4
Added Pin To Net: NetName=GPIO5 Pin=U1-83
Added Net: Name=GPIO5
Added Pin To Net: NetName=GPIO6 Pin=U1-76
Added Net: Name=GPIO6
Added Pin To Net: NetName=GPIO7 Pin=U1-77
Added Net: Name=GPIO7
Added Pin To Net: NetName=GPIO8 Pin=U1-74
Added Net: Name=GPIO8
Added Pin To Net: NetName=GPIO9 Pin=U1-75
Added Net: Name=GPIO9
Added Pin To Net: NetName=GPIO10 Pin=PWM1-1
Added Pin To Net: NetName=GPIO10 Pin=U1-72
Added Net: Name=GPIO10
Added Pin To Net: NetName=GPIO11 Pin=U1-73
Added Net: Name=GPIO11
Added Pin To Net: NetName=GPIO12 Pin=PWM1-5
Added Pin To Net: NetName=GPIO12 Pin=U1-70
Added Net: Name=GPIO12
Added Pin To Net: NetName=GPIO13 Pin=PWM1-3
Added Pin To Net: NetName=GPIO13 Pin=U1-71
Added Net: Name=GPIO13
Added Pin To Net: NetName=GPIO14 Pin=PWM1-9
Added Pin To Net: NetName=GPIO14 Pin=U1-68
Added Net: Name=GPIO14
Added Pin To Net: NetName=GPIO15 Pin=PWM1-7
Added Pin To Net: NetName=GPIO15 Pin=U1-69
Added Net: Name=GPIO15
Added Pin To Net: NetName=GPIO16 Pin=U1-66
Added Net: Name=GPIO16
Added Pin To Net: NetName=GPIO17 Pin=U1-67
Added Net: Name=GPIO17
Added Pin To Net: NetName=GPIO18 Pin=U1-64
Added Net: Name=GPIO18
Added Pin To Net: NetName=GPIO19 Pin=U1-65
Added Net: Name=GPIO19
Added Pin To Net: NetName=GPIO20 Pin=U1-59
Added Net: Name=GPIO20
Added Pin To Net: NetName=GPIO21 Pin=U1-60
Added Net: Name=GPIO21
Added Pin To Net: NetName=GPIO22 Pin=U1-55
Added Net: Name=GPIO22
Added Pin To Net: NetName=GPIO23 Pin=U1-58
Added Net: Name=GPIO23
Added Pin To Net: NetName=GPIO24 Pin=U1-53
Added Net: Name=GPIO24
Added Pin To Net: NetName=GPIO25 Pin=U1-54
Added Net: Name=GPIO25
Added Pin To Net: NetName=GPIO26 Pin=U1-52
Added Net: Name=GPIO26
Added Pin To Net: NetName=GPIO27 Pin=U1-51
Added Net: Name=GPIO27
Added Pin To Net: NetName=GPIO28 Pin=U1-50
Added Net: Name=GPIO28
Added Pin To Net: NetName=GPIO29 Pin=U1-49
Added Net: Name=GPIO29
Added Pin To Net: NetName=GPIO30 Pin=U1-46
Added Net: Name=GPIO30
Added Pin To Net: NetName=GPIO32 Pin=U1-43
Added Net: Name=GPIO32
Added Pin To Net: NetName=GPIO34 Pin=U1-39
Added Net: Name=GPIO34
Added Pin To Net: NetName=GPIO35 Pin=U1-38
Added Net: Name=GPIO35
Added Pin To Net: NetName=GPIO36 Pin=U1-3
Added Net: Name=GPIO36
Added Pin To Net: NetName=GPIO37 Pin=J7-1
Added Pin To Net: NetName=GPIO37 Pin=U1-2
Added Net: Name=GPIO37
Added Pin To Net: NetName=GPIO38 Pin=J8-1
Added Pin To Net: NetName=GPIO38 Pin=U1-1
Added Net: Name=GPIO38
Added Net: Name=GPIO40
Added Net: Name=GPIO41
Added Net: Name=GPIO42
Added Net: Name=GPIO43
Added Net: Name=GPIO44
Added Net: Name=GPIO45
Added Net: Name=GPIO46
Added Net: Name=GPIO47
Added Net: Name=GPIO48
Added Net: Name=GPIO49
Added Net: Name=GPIO50
Added Net: Name=GPIO51
Added Net: Name=GPIO52
Added Net: Name=GPIO53
Added Net: Name=GPIO54
Added Net: Name=GPIO55
Added Net: Name=GPIO56
Added Net: Name=GPIO57
Added Net: Name=GPIO58
Added Net: Name=GPIO59
Added Net: Name=GPIO60
Added Net: Name=GPIO61
Added Net: Name=GPIO62
Added Net: Name=GPIO63
Added Net: Name=GPIO64
Added Net: Name=GPIO65
Added Net: Name=GPIO66
Added Net: Name=GPIO67
Added Net: Name=GPIO68
Added Pin To Net: NetName=GPIO69 Pin=U1-100
Added Net: Name=GPIO69
Added Pin To Net: NetName=GPIO70 Pin=U1-99
Added Net: Name=GPIO70
Added Pin To Net: NetName=GPIO71 Pin=U1-98
Added Net: Name=GPIO71
Added Pin To Net: NetName=KEY1 Pin=U1-89
Added Net: Name=KEY1
Added Pin To Net: NetName=KEY2 Pin=U1-90
Added Net: Name=KEY2
Added Pin To Net: NetName=LED1 Pin=U1-32
Added Net: Name=LED1
Added Pin To Net: NetName=LED2 Pin=U1-33
Added Net: Name=LED2
Added Pin To Net: NetName=LED3 Pin=U1-34
Added Net: Name=LED3
Added Pin To Net: NetName=M_clk Pin=R24-2
Added Pin To Net: NetName=M_clk Pin=U1-23
Added Net: Name=M_clk
Added Pin To Net: NetName=NCE Pin=R15-2
Added Pin To Net: NetName=NCE Pin=U1-21
Added Net: Name=NCE
Added Pin To Net: NetName=NCONFIG Pin=R18-2
Added Pin To Net: NetName=NCONFIG Pin=U1-14
Added Net: Name=NCONFIG
Added Pin To Net: NetName=NCSO Pin=U1-8
Added Pin To Net: NetName=NCSO Pin=U3-1
Added Net: Name=NCSO
Added Pin To Net: NetName=Net _2 Pin=D5-1
Added Net: Name=Net _2
Added Pin To Net: NetName=NetC10_1 Pin=C10-1
Added Pin To Net: NetName=NetC10_1 Pin=U5-2
Added Net: Name=NetC10_1
Added Pin To Net: NetName=NetC12_1 Pin=C12-1
Added Pin To Net: NetName=NetC12_1 Pin=U5-6
Added Net: Name=NetC12_1
Added Pin To Net: NetName=NetC17_1 Pin=C17-1
Added Pin To Net: NetName=NetC17_1 Pin=U5-5
Added Net: Name=NetC17_1
Added Pin To Net: NetName=NetC17_2 Pin=C17-2
Added Pin To Net: NetName=NetC17_2 Pin=U5-4
Added Net: Name=NetC17_2
Added Pin To Net: NetName=NetC18_1 Pin=C18-1
Added Pin To Net: NetName=NetC18_1 Pin=C19-2
Added Pin To Net: NetName=NetC18_1 Pin=C20-1
Added Pin To Net: NetName=NetC18_1 Pin=R9-2
Added Pin To Net: NetName=NetC18_1 Pin=U1-35
Added Net: Name=NetC18_1
Added Pin To Net: NetName=NetC21_2 Pin=C21-2
Added Pin To Net: NetName=NetC21_2 Pin=C22-1
Added Pin To Net: NetName=NetC21_2 Pin=C23-2
Added Pin To Net: NetName=NetC21_2 Pin=R12-2
Added Net: Name=NetC21_2
Added Pin To Net: NetName=NetC25_2 Pin=C25-2
Added Pin To Net: NetName=NetC25_2 Pin=U7-7
Added Pin To Net: NetName=NetC25_2 Pin=Y1-1
Added Net: Name=NetC25_2
Added Pin To Net: NetName=NetC26_2 Pin=C26-2
Added Pin To Net: NetName=NetC26_2 Pin=U7-8
Added Pin To Net: NetName=NetC26_2 Pin=Y1-2
Added Net: Name=NetC26_2
Added Pin To Net: NetName=NetC27_2 Pin=C27-2
Added Net: Name=NetC27_2
Added Pin To Net: NetName=NetC31_1 Pin=C31-1
Added Pin To Net: NetName=NetC31_1 Pin=F2-2
Added Pin To Net: NetName=NetC31_1 Pin=U9-1
Added Net: Name=NetC31_1
Added Pin To Net: NetName=NetC31_2 Pin=C31-2
Added Pin To Net: NetName=NetC31_2 Pin=J3-2
Added Pin To Net: NetName=NetC31_2 Pin=U9-5
Added Net: Name=NetC31_2
Added Pin To Net: NetName=NetCONFIG_LED1_1 Pin=R20-2
Added Net: Name=NetCONFIG_LED1_1
Added Pin To Net: NetName=NetCY1_3 Pin=R24-1
Added Net: Name=NetCY1_3
Added Pin To Net: NetName=NetD1_1 Pin=D1-1
Added Pin To Net: NetName=NetD1_1 Pin=R16-2
Added Net: Name=NetD1_1
Added Pin To Net: NetName=NetD2_2 Pin=D2-2
Added Pin To Net: NetName=NetD2_2 Pin=U8-2
Added Net: Name=NetD2_2
Added Pin To Net: NetName=NetD3_1 Pin=D3-1
Added Pin To Net: NetName=NetD3_1 Pin=R23-2
Added Net: Name=NetD3_1
Added Pin To Net: NetName=NetD4_2 Pin=D4-2
Added Pin To Net: NetName=NetD4_2 Pin=U12-2
Added Net: Name=NetD4_2
Added Pin To Net: NetName=NetF1_2 Pin=F1-2
Added Pin To Net: NetName=NetF1_2 Pin=R16-1
Added Net: Name=NetF1_2
Added Pin To Net: NetName=NetLED_RX1_1 Pin=R7-1
Added Net: Name=NetLED_RX1_1
Added Pin To Net: NetName=NetLED_TX1_1 Pin=R6-1
Added Net: Name=NetLED_TX1_1
Added Pin To Net: NetName=NetR2_2 Pin=R2-2
Added Pin To Net: NetName=NetR2_2 Pin=U3-2
Added Net: Name=NetR2_2
Added Pin To Net: NetName=NetR8_2 Pin=R8-2
Added Pin To Net: NetName=NetR8_2 Pin=U1-96
Added Net: Name=NetR8_2
Added Pin To Net: NetName=NetR10_2 Pin=R10-2
Added Pin To Net: NetName=NetR10_2 Pin=U1-94
Added Net: Name=NetR10_2
Added Pin To Net: NetName=NetR11_2 Pin=R11-2
Added Pin To Net: NetName=NetR11_2 Pin=U1-97
Added Net: Name=NetR11_2
Added Pin To Net: NetName=NetR14_1 Pin=R14-1
Added Pin To Net: NetName=NetR14_1 Pin=R32-1
Added Pin To Net: NetName=NetR14_1 Pin=U12-4
Added Net: Name=NetR14_1
Added Pin To Net: NetName=NetR19_2 Pin=R19-2
Added Pin To Net: NetName=NetR19_2 Pin=U1-9
Added Net: Name=NetR19_2
Added Pin To Net: NetName=NetR21_1 Pin=R21-1
Added Pin To Net: NetName=NetR21_1 Pin=R22-1
Added Pin To Net: NetName=NetR21_1 Pin=U8-4
Added Net: Name=NetR21_1
Added Pin To Net: NetName=OUT+ Pin=C30-1
Added Pin To Net: NetName=OUT+ Pin=J7-2
Added Pin To Net: NetName=OUT+ Pin=J8-2
Added Pin To Net: NetName=OUT+ Pin=J10-2
Added Pin To Net: NetName=OUT+ Pin=J11-2
Added Pin To Net: NetName=OUT+ Pin=R22-2
Added Pin To Net: NetName=OUT+ Pin=R23-1
Added Pin To Net: NetName=OUT+ Pin=R32-2
Added Net: Name=OUT+
Added Pin To Net: NetName=PS Pin=C1-1
Added Pin To Net: NetName=PS Pin=C3-2
Added Pin To Net: NetName=PS Pin=C5-1
Added Pin To Net: NetName=PS Pin=C7-2
Added Pin To Net: NetName=PS Pin=F1-1
Added Pin To Net: NetName=PS Pin=J2-1
Added Pin To Net: NetName=PS Pin=U2-3
Added Pin To Net: NetName=PS Pin=U4-3
Added Net: Name=PS
Added Pin To Net: NetName=RESET Pin=R25-1
Added Pin To Net: NetName=RESET Pin=R26-1
Added Net: Name=RESET
Added Pin To Net: NetName=RXD1 Pin=U1-24
Added Net: Name=RXD1
Added Pin To Net: NetName=RXD2 Pin=U1-44
Added Pin To Net: NetName=RXD2 Pin=U7-3
Added Net: Name=RXD2
Added Pin To Net: NetName=TCK Pin=JTAG1-1
Added Pin To Net: NetName=TCK Pin=R1-2
Added Pin To Net: NetName=TCK Pin=U1-16
Added Net: Name=TCK
Added Pin To Net: NetName=TDI Pin=JTAG1-9
Added Pin To Net: NetName=TDI Pin=R5-2
Added Pin To Net: NetName=TDI Pin=U1-15
Added Net: Name=TDI
Added Pin To Net: NetName=TDO Pin=JTAG1-3
Added Pin To Net: NetName=TDO Pin=R3-2
Added Pin To Net: NetName=TDO Pin=U1-20
Added Net: Name=TDO
Added Pin To Net: NetName=TMS Pin=JTAG1-5
Added Pin To Net: NetName=TMS Pin=R4-2
Added Pin To Net: NetName=TMS Pin=U1-18
Added Net: Name=TMS
Added Pin To Net: NetName=TXD1 Pin=U1-31
Added Net: Name=TXD1
Added Pin To Net: NetName=TXD2 Pin=U1-42
Added Pin To Net: NetName=TXD2 Pin=U7-2
Added Net: Name=TXD2
Added Pin To Net: NetName=VCC12 Pin=C28-1
Added Pin To Net: NetName=VCC12 Pin=C29-2
Added Pin To Net: NetName=VCC12 Pin=C32-1
Added Pin To Net: NetName=VCC12 Pin=J4-1
Added Pin To Net: NetName=VCC12 Pin=J5-1
Added Pin To Net: NetName=VCC12 Pin=J6-1
Added Pin To Net: NetName=VCC12 Pin=TVS1-2
Added Pin To Net: NetName=VCC12 Pin=U8-1
Added Net: Name=VCC12
Added Pin To Net: NetName=VDD1.2 Pin=C14-1
Added Pin To Net: NetName=VDD1.2 Pin=C16-2
Added Pin To Net: NetName=VDD1.2 Pin=U1-5
Added Pin To Net: NetName=VDD1.2 Pin=U1-29
Added Pin To Net: NetName=VDD1.2 Pin=U1-37
Added Pin To Net: NetName=VDD1.2 Pin=U1-45
Added Pin To Net: NetName=VDD1.2 Pin=U1-61
Added Pin To Net: NetName=VDD1.2 Pin=U1-78
Added Pin To Net: NetName=VDD1.2 Pin=U6-2
Added Net: Name=VDD1.2
Added Pin To Net: NetName=VDD2.5 Pin=C6-1
Added Pin To Net: NetName=VDD2.5 Pin=C8-2
Added Pin To Net: NetName=VDD2.5 Pin=R8-1
Added Pin To Net: NetName=VDD2.5 Pin=R9-1
Added Pin To Net: NetName=VDD2.5 Pin=R12-1
Added Pin To Net: NetName=VDD2.5 Pin=U4-2
Added Net: Name=VDD2.5
Added Pin To Net: NetName=VDD3.3 Pin=C2-1
Added Pin To Net: NetName=VDD3.3 Pin=C4-2
Added Pin To Net: NetName=VDD3.3 Pin=C9-2
Added Pin To Net: NetName=VDD3.3 Pin=C10-2
Added Pin To Net: NetName=VDD3.3 Pin=C13-1
Added Pin To Net: NetName=VDD3.3 Pin=C15-2
Added Pin To Net: NetName=VDD3.3 Pin=C24-2
Added Pin To Net: NetName=VDD3.3 Pin=JTAG1-4
Added Pin To Net: NetName=VDD3.3 Pin=R3-1
Added Pin To Net: NetName=VDD3.3 Pin=R4-1
Added Pin To Net: NetName=VDD3.3 Pin=R5-1
Added Pin To Net: NetName=VDD3.3 Pin=R6-2
Added Pin To Net: NetName=VDD3.3 Pin=R7-2
Added Pin To Net: NetName=VDD3.3 Pin=R17-1
Added Pin To Net: NetName=VDD3.3 Pin=R18-1
Added Pin To Net: NetName=VDD3.3 Pin=R19-1
Added Pin To Net: NetName=VDD3.3 Pin=R20-1
Added Pin To Net: NetName=VDD3.3 Pin=R25-2
Added Pin To Net: NetName=VDD3.3 Pin=U1-17
Added Pin To Net: NetName=VDD3.3 Pin=U1-26
Added Pin To Net: NetName=VDD3.3 Pin=U1-40
Added Pin To Net: NetName=VDD3.3 Pin=U1-47
Added Pin To Net: NetName=VDD3.3 Pin=U1-56
Added Pin To Net: NetName=VDD3.3 Pin=U1-62
Added Pin To Net: NetName=VDD3.3 Pin=U1-81
Added Pin To Net: NetName=VDD3.3 Pin=U1-93
Added Pin To Net: NetName=VDD3.3 Pin=U2-2
Added Pin To Net: NetName=VDD3.3 Pin=U3-3
Added Pin To Net: NetName=VDD3.3 Pin=U6-3
Added Pin To Net: NetName=VDD3.3 Pin=U7-4
Added Net: Name=VDD3.3
Added Class: Name=Tui
Added Member To Class: ClassName=RD Member=Component J8 CON3
Added Member To Class: ClassName=RD Member=Component J17 CON2
Added Room: Name=Tui
