Removed Pin From Net: NetName=5V Pin=C28-2
Removed Pin From Net: NetName=5V Pin=C29-1
Removed Pin From Net: NetName=5V Pin=L1-2
Removed Pin From Net: NetName=5V Pin=LED3-1
Removed Pin From Net: NetName=IN3 Pin=R12-2
Removed Pin From Net: NetName=IN4 Pin=R15-2
Removed Pin From Net: NetName=IN1 Pin=R17-2
Removed Pin From Net: NetName=IN2 Pin=R20-2
Removed Pin From Net: NetName=IN9 Pin=R22-2
Removed Pin From Net: NetName=IN10 Pin=R24-2
Removed Pin From Net: NetName=IN5 Pin=R34-2
Removed Pin From Net: NetName=IN6 Pin=R36-2
Removed Pin From Net: NetName=5V Pin=U4-8
Removed Pin From Net: NetName=5V Pin=U4-12
Removed Pin From Net: NetName=IN3 Pin=U6-6
Removed Pin From Net: NetName=IN4 Pin=U7-6
Removed Pin From Net: NetName=5V Pin=U8-8
Removed Pin From Net: NetName=5V Pin=U8-12
Removed Pin From Net: NetName=IN1 Pin=U9-6
Removed Pin From Net: NetName=IN2 Pin=U10-6
Removed Pin From Net: NetName=IN9 Pin=U11-6
Removed Pin From Net: NetName=5V Pin=U12-8
Removed Pin From Net: NetName=5V Pin=U12-12
Removed Pin From Net: NetName=IN10 Pin=U13-6
Removed Pin From Net: NetName=5V Pin=U15-8
Removed Pin From Net: NetName=5V Pin=U15-12
Removed Pin From Net: NetName=5V Pin=U17-3
Removed Pin From Net: NetName=IN5 Pin=U18-6
Removed Pin From Net: NetName=5V Pin=U20-8
Removed Pin From Net: NetName=5V Pin=U20-12
Removed Pin From Net: NetName=IN6 Pin=U21-6
Added Component: Designator=C12(0805)
Added Pin To Net: NetName=+3.3V Pin=C12-1
Added Pin To Net: NetName=GND1 Pin=C12-2
Added Pin To Net: NetName=IN1 Pin=R12-2
Added Pin To Net: NetName=IN2 Pin=R15-2
Added Pin To Net: NetName=IN3 Pin=R17-2
Added Pin To Net: NetName=IN4 Pin=R20-2
Added Pin To Net: NetName=IN5 Pin=R22-2
Added Pin To Net: NetName=IN6 Pin=R24-2
Added Pin To Net: NetName=IN9 Pin=R34-2
Added Pin To Net: NetName=IN10 Pin=R36-2
Added Pin To Net: NetName=IN1 Pin=U6-6
Added Pin To Net: NetName=IN2 Pin=U7-6
Added Pin To Net: NetName=IN3 Pin=U9-6
Added Pin To Net: NetName=IN4 Pin=U10-6
Added Pin To Net: NetName=IN5 Pin=U11-6
Added Pin To Net: NetName=IN6 Pin=U13-6
Added Pin To Net: NetName=IN9 Pin=U18-6
Added Pin To Net: NetName=IN10 Pin=U21-6
Added Pin To Net: NetName=VCC_5V Pin=C28-2
Added Pin To Net: NetName=VCC_5V Pin=C29-1
Added Pin To Net: NetName=VCC_5V Pin=L1-2
Added Pin To Net: NetName=VCC_5V Pin=LED3-1
Added Pin To Net: NetName=VCC_5V Pin=U4-8
Added Pin To Net: NetName=VCC_5V Pin=U4-12
Added Pin To Net: NetName=VCC_5V Pin=U8-8
Added Pin To Net: NetName=VCC_5V Pin=U8-12
Added Pin To Net: NetName=VCC_5V Pin=U12-8
Added Pin To Net: NetName=VCC_5V Pin=U12-12
Added Pin To Net: NetName=VCC_5V Pin=U15-8
Added Pin To Net: NetName=VCC_5V Pin=U15-12
Added Pin To Net: NetName=VCC_5V Pin=U17-3
Added Pin To Net: NetName=VCC_5V Pin=U20-8
Added Pin To Net: NetName=VCC_5V Pin=U20-12
Added Net: Name=VCC_5V
Added Member To Class: ClassName=AC Member=Component C11 104
Added Member To Class: ClassName=AC Member=Component C12 104
