Removed Pin From Net: NetName=GND1 Pin=C1-1
Removed Pin From Net: NetName=NetC1_2 Pin=C1-2
Removed Pin From Net: NetName=GND1 Pin=C10-1
Removed Pin From Net: NetName=OSCIN Pin=C10-2
Removed Pin From Net: NetName=GND1 Pin=C11-1
Removed Pin From Net: NetName=OSCOUT Pin=C11-2
Removed Pin From Net: NetName=GND1 Pin=C12-1
Removed Pin From Net: NetName=OSC32IN Pin=C12-2
Removed Pin From Net: NetName=GND1 Pin=C13-1
Removed Pin From Net: NetName=OSC32OUT Pin=C13-2
Removed Pin From Net: NetName=RST Pin=C14-1
Removed Pin From Net: NetName=GND1 Pin=C14-2
Removed Pin From Net: NetName=NetC16_1 Pin=C16-1
Removed Pin From Net: NetName=NetC17_1 Pin=C17-1
Removed Pin From Net: NetName=NetC17_2 Pin=C17-2
Removed Pin From Net: NetName=3.3V Pin=C18-2
Removed Pin From Net: NetName=GND1 Pin=C19-1
Removed Pin From Net: NetName=3.3V Pin=C20-1
Removed Pin From Net: NetName=GND1 Pin=C20-2
Removed Pin From Net: NetName=12V Pin=C27-1
Removed Pin From Net: NetName=+5V Pin=C31-1
Removed Pin From Net: NetName=GND1 Pin=C31-2
Removed Pin From Net: NetName=+5V Pin=C32-1
Removed Pin From Net: NetName=GND1 Pin=C32-2
Removed Pin From Net: NetName=3.3V Pin=C33-1
Removed Pin From Net: NetName=GND1 Pin=C33-2
Removed Pin From Net: NetName=+5V Pin=J1-1
Removed Pin From Net: NetName=GND1 Pin=J1-3
Removed Pin From Net: NetName=3.3V Pin=J2-1
Removed Pin From Net: NetName=GND1 Pin=J2-2
Removed Pin From Net: NetName=SWDIO Pin=J2-3
Removed Pin From Net: NetName=SWCLK Pin=J2-4
Removed Pin From Net: NetName=A1 Pin=J3-1
Removed Pin From Net: NetName=B1 Pin=J3-2
Removed Pin From Net: NetName=+5V Pin=J3-3
Removed Pin From Net: NetName=GND1 Pin=J3-4
Removed Pin From Net: NetName=A2 Pin=J5-1
Removed Pin From Net: NetName=B2 Pin=J5-2
Removed Pin From Net: NetName=+5V Pin=J5-3
Removed Pin From Net: NetName=GND1 Pin=J5-4
Removed Pin From Net: NetName=A3 Pin=J7-1
Removed Pin From Net: NetName=B3 Pin=J7-2
Removed Pin From Net: NetName=+5V Pin=J7-3
Removed Pin From Net: NetName=GND1 Pin=J7-4
Removed Pin From Net: NetName=TXA Pin=J20-1
Removed Pin From Net: NetName=RXA Pin=J20-2
Removed Pin From Net: NetName=GND1 Pin=J20-3
Removed Pin From Net: NetName=RXA Pin=J21-1
Removed Pin From Net: NetName=TXA Pin=J21-2
Removed Pin From Net: NetName=GND1 Pin=J21-3
Removed Pin From Net: NetName=RST Pin=K1-1
Removed Pin From Net: NetName=GND1 Pin=K1-2
Removed Pin From Net: NetName=3.3V Pin=LED1-1
Removed Pin From Net: NetName=NetLED1_2 Pin=LED1-2
Removed Pin From Net: NetName=INPUT11 Pin=P1-1
Removed Pin From Net: NetName=INPUT12 Pin=P1-2
Removed Pin From Net: NetName=GND1 Pin=P2-2
Removed Pin From Net: NetName=GND1 Pin=P3-1
Removed Pin From Net: NetName=RST Pin=R1-1
Removed Pin From Net: NetName=3.3V Pin=R1-2
Removed Pin From Net: NetName=NetLED1_2 Pin=R10-1
Removed Pin From Net: NetName=GND1 Pin=R10-2
Removed Pin From Net: NetName=A1 Pin=R11-1
Removed Pin From Net: NetName=+5V Pin=R11-2
Removed Pin From Net: NetName=B1 Pin=R12-1
Removed Pin From Net: NetName=+5V Pin=R12-2
Removed Pin From Net: NetName=A2 Pin=R13-1
Removed Pin From Net: NetName=+5V Pin=R13-2
Removed Pin From Net: NetName=B2 Pin=R14-1
Removed Pin From Net: NetName=+5V Pin=R14-2
Removed Pin From Net: NetName=A3 Pin=R15-1
Removed Pin From Net: NetName=+5V Pin=R15-2
Removed Pin From Net: NetName=B3 Pin=R16-1
Removed Pin From Net: NetName=+5V Pin=R16-2
Removed Pin From Net: NetName=INPUT1 Pin=R19-1
Removed Pin From Net: NetName=NetR19_2 Pin=R19-2
Removed Pin From Net: NetName=5V Pin=R20-1
Removed Pin From Net: NetName=IN1 Pin=R20-2
Removed Pin From Net: NetName=INPUT2 Pin=R21-1
Removed Pin From Net: NetName=NetR21_2 Pin=R21-2
Removed Pin From Net: NetName=5V Pin=R22-1
Removed Pin From Net: NetName=IN2 Pin=R22-2
Removed Pin From Net: NetName=INPUT3 Pin=R23-1
Removed Pin From Net: NetName=NetR23_2 Pin=R23-2
Removed Pin From Net: NetName=5V Pin=R24-1
Removed Pin From Net: NetName=IN3 Pin=R24-2
Removed Pin From Net: NetName=INPUT4 Pin=R25-1
Removed Pin From Net: NetName=NetR25_2 Pin=R25-2
Removed Pin From Net: NetName=5V Pin=R26-1
Removed Pin From Net: NetName=IN4 Pin=R26-2
Removed Pin From Net: NetName=INPUT5 Pin=R27-1
Removed Pin From Net: NetName=NetR27_2 Pin=R27-2
Removed Pin From Net: NetName=5V Pin=R28-1
Removed Pin From Net: NetName=IN5 Pin=R28-2
Removed Pin From Net: NetName=INPUT6 Pin=R29-1
Removed Pin From Net: NetName=NetR29_2 Pin=R29-2
Removed Pin From Net: NetName=5V Pin=R30-1
Removed Pin From Net: NetName=IN6 Pin=R30-2
Removed Pin From Net: NetName=INPUT7 Pin=R31-1
Removed Pin From Net: NetName=NetR31_2 Pin=R31-2
Removed Pin From Net: NetName=5V Pin=R32-1
Removed Pin From Net: NetName=IN7 Pin=R32-2
Removed Pin From Net: NetName=INPUT8 Pin=R33-1
Removed Pin From Net: NetName=NetR33_2 Pin=R33-2
Removed Pin From Net: NetName=5V Pin=R34-1
Removed Pin From Net: NetName=IN8 Pin=R34-2
Removed Pin From Net: NetName=INPUT9 Pin=R35-1
Removed Pin From Net: NetName=NetR35_2 Pin=R35-2
Removed Pin From Net: NetName=5V Pin=R36-1
Removed Pin From Net: NetName=IN9 Pin=R36-2
Removed Pin From Net: NetName=INPUT10 Pin=R37-1
Removed Pin From Net: NetName=NetR37_2 Pin=R37-2
Removed Pin From Net: NetName=5V Pin=R38-1
Removed Pin From Net: NetName=IN10 Pin=R38-2
Removed Pin From Net: NetName=GND2 Pin=R39-1
Removed Pin From Net: NetName=3.3V Pin=R43-1
Removed Pin From Net: NetName=SWDIO Pin=R43-2
Removed Pin From Net: NetName=GND1 Pin=U0-1
Removed Pin From Net: NetName=3.3V Pin=U0-2
Removed Pin From Net: NetName=3.3V Pin=U0-2
Removed Pin From Net: NetName=+5V Pin=U0-3
Removed Pin From Net: NetName=NetC16_1 Pin=U2-3
Removed Pin From Net: NetName=NetC17_2 Pin=U2-4
Removed Pin From Net: NetName=NetC17_1 Pin=U2-5
Removed Pin From Net: NetName=TXD Pin=U2-11
Removed Pin From Net: NetName=RXD Pin=U2-12
Removed Pin From Net: NetName=RXA Pin=U2-13
Removed Pin From Net: NetName=TXA Pin=U2-14
Removed Pin From Net: NetName=GND1 Pin=U2-15
Removed Pin From Net: NetName=3.3V Pin=U2-16
Removed Pin From Net: NetName=NetR19_2 Pin=U11-2
Removed Pin From Net: NetName=GND1 Pin=U11-3
Removed Pin From Net: NetName=GND2 Pin=U11-5
Removed Pin From Net: NetName=IN1 Pin=U11-6
Removed Pin From Net: NetName=5V Pin=U11-7
Removed Pin From Net: NetName=5V Pin=U11-8
Removed Pin From Net: NetName=NetR21_2 Pin=U12-2
Removed Pin From Net: NetName=GND1 Pin=U12-3
Removed Pin From Net: NetName=GND2 Pin=U12-5
Removed Pin From Net: NetName=IN2 Pin=U12-6
Removed Pin From Net: NetName=5V Pin=U12-7
Removed Pin From Net: NetName=5V Pin=U12-8
Removed Pin From Net: NetName=NetR23_2 Pin=U13-2
Removed Pin From Net: NetName=GND1 Pin=U13-3
Removed Pin From Net: NetName=GND2 Pin=U13-5
Removed Pin From Net: NetName=IN3 Pin=U13-6
Removed Pin From Net: NetName=5V Pin=U13-7
Removed Pin From Net: NetName=5V Pin=U13-8
Removed Pin From Net: NetName=NetR25_2 Pin=U14-2
Removed Pin From Net: NetName=GND1 Pin=U14-3
Removed Pin From Net: NetName=GND2 Pin=U14-5
Removed Pin From Net: NetName=IN4 Pin=U14-6
Removed Pin From Net: NetName=5V Pin=U14-7
Removed Pin From Net: NetName=5V Pin=U14-8
Removed Pin From Net: NetName=NetR27_2 Pin=U15-2
Removed Pin From Net: NetName=GND1 Pin=U15-3
Removed Pin From Net: NetName=GND2 Pin=U15-5
Removed Pin From Net: NetName=IN5 Pin=U15-6
Removed Pin From Net: NetName=5V Pin=U15-7
Removed Pin From Net: NetName=5V Pin=U15-8
Removed Pin From Net: NetName=NetR29_2 Pin=U16-2
Removed Pin From Net: NetName=GND1 Pin=U16-3
Removed Pin From Net: NetName=GND2 Pin=U16-5
Removed Pin From Net: NetName=IN6 Pin=U16-6
Removed Pin From Net: NetName=5V Pin=U16-7
Removed Pin From Net: NetName=5V Pin=U16-8
Removed Pin From Net: NetName=NetR31_2 Pin=U17-2
Removed Pin From Net: NetName=GND1 Pin=U17-3
Removed Pin From Net: NetName=GND2 Pin=U17-5
Removed Pin From Net: NetName=IN7 Pin=U17-6
Removed Pin From Net: NetName=5V Pin=U17-7
Removed Pin From Net: NetName=5V Pin=U17-8
Removed Pin From Net: NetName=NetR33_2 Pin=U18-2
Removed Pin From Net: NetName=GND1 Pin=U18-3
Removed Pin From Net: NetName=GND2 Pin=U18-5
Removed Pin From Net: NetName=IN8 Pin=U18-6
Removed Pin From Net: NetName=5V Pin=U18-7
Removed Pin From Net: NetName=5V Pin=U18-8
Removed Pin From Net: NetName=NetR35_2 Pin=U19-2
Removed Pin From Net: NetName=GND1 Pin=U19-3
Removed Pin From Net: NetName=GND2 Pin=U19-5
Removed Pin From Net: NetName=IN9 Pin=U19-6
Removed Pin From Net: NetName=5V Pin=U19-7
Removed Pin From Net: NetName=5V Pin=U19-8
Removed Pin From Net: NetName=NetR37_2 Pin=U20-2
Removed Pin From Net: NetName=GND1 Pin=U20-3
Removed Pin From Net: NetName=GND2 Pin=U20-5
Removed Pin From Net: NetName=IN10 Pin=U20-6
Removed Pin From Net: NetName=5V Pin=U20-7
Removed Pin From Net: NetName=5V Pin=U20-8
Removed Pin From Net: NetName=OSCIN Pin=Y1-1
Removed Pin From Net: NetName=OSCOUT Pin=Y1-2
Removed Pin From Net: NetName=OSC32IN Pin=Y2-1
Removed Pin From Net: NetName=OSC32OUT Pin=Y2-2
Removed Member From Class: ClassName=merge Member=C31
Removed Member From Class: ClassName=merge Member=C32
Removed Member From Class: ClassName=merge Member=C33
Removed Member From Class: ClassName=merge Member=J20
Removed Member From Class: ClassName=merge Member=J21
Removed Member From Class: ClassName=merge Member=P1
Removed Member From Class: ClassName=merge Member=P2
Removed Member From Class: ClassName=merge Member=P3
Removed Member From Class: ClassName=merge Member=R1
Removed Member From Class: ClassName=merge Member=R39
Removed Member From Class: ClassName=merge Member=R43
Removed Member From Class: ClassName=merge Member=U0
Change Component Designator: OldDesignator=10R NewDesignator=R1
Change Component Designator: OldDesignator=R2 NewDesignator=R11
Change Component Designator: OldDesignator=R3 NewDesignator=R12
Change Component Designator: OldDesignator=R4 NewDesignator=R13
Change Component Designator: OldDesignator=R5 NewDesignator=R14
Change Component Designator: OldDesignator=R6 NewDesignator=R15
Change Component Designator: OldDesignator=R7 NewDesignator=R16
Change Component Designator: OldDesignator=R8 NewDesignator=R17
Change Component Designator: OldDesignator=R9 NewDesignator=R38
Change component parameters: Designator = "10R" ("R1"); Footprint = "RES-SMALL"; UniqueID = "\GSGFNWZT" ("\GSGFNWZT")
Change component parameters (AddParameter): Name = "LatestRevisionDate"; Value = "17-Jul-2002"; VariantName = "[No Variations]"
Change component parameters (AddParameter): Name = "LatestRevisionNote"; Value = "Re-released for DXP Platform."; VariantName = "[No Variations]"
Change component parameters (AddParameter): Name = "PackageDescription"; Value = "Axial Device, Thru-Hole; 2 Leads; 0.4 in Pin Spacing"; VariantName = "[No Variations]"
Change component parameters (AddParameter): Name = "PackageReference"; Value = "AXIAL-0.4"; VariantName = "[No Variations]"
Change component parameters (AddParameter): Name = "Published"; Value = "8-Jun-2000"; VariantName = "[No Variations]"
Change component parameters (AddParameter): Name = "Publisher"; Value = "Altium Limited"; VariantName = "[No Variations]"
Change component parameters (AddParameter): Name = "Value"; Value = "10K"; VariantName = "[No Variations]"
Added Component: Designator=C1(cap-small-top)
Add component (AddParameter): Name = "LatestRevisionDate"; Value = "17-Jul-2002"; VariantName = "[No Variations]"
Add component (AddParameter): Name = "LatestRevisionNote"; Value = "Re-released for DXP Platform."; VariantName = "[No Variations]"
Add component (AddParameter): Name = "PackageDescription"; Value = "Radial Cap, Thru-Hole; 2 Leads; 0.3 in Pin Spacing"; VariantName = "[No Variations]"
Add component (AddParameter): Name = "PackageReference"; Value = "RAD-0.3"; VariantName = "[No Variations]"
Add component (AddParameter): Name = "Published"; Value = "8-Jun-2000"; VariantName = "[No Variations]"
Add component (AddParameter): Name = "Publisher"; Value = "Altium Limited"; VariantName = "[No Variations]"
Add component (AddParameter): Name = "Value"; Value = "4.7uF"; VariantName = "[No Variations]"
Added Component: Designator=C10(cap-small-top)
Added Component: Designator=C11(cap-small-top)
Added Component: Designator=C12(cap-small-top)
Added Component: Designator=C13(cap-small-top)
Added Component: Designator=C14(cap-small-top)
Added Component: Designator=C20(jxcap-big-bottom)
Add component (AddParameter): Name = "LatestRevisionDate"; Value = "17-Jul-2002"; VariantName = "[No Variations]"
Add component (AddParameter): Name = "LatestRevisionNote"; Value = "Re-released for DXP Platform."; VariantName = "[No Variations]"
Add component (AddParameter): Name = "PackageDescription"; Value = "Polarized Capacitor (Radial); 2 Leads"; VariantName = "[No Variations]"
Add component (AddParameter): Name = "PackageReference"; Value = "RB7.6-15"; VariantName = "[No Variations]"
Add component (AddParameter): Name = "Published"; Value = "8-Jun-2000"; VariantName = "[No Variations]"
Add component (AddParameter): Name = "Publisher"; Value = "Altium Limited"; VariantName = "[No Variations]"
Add component (AddParameter): Name = "Value"; Value = "10uF"; VariantName = "[No Variations]"
Added Component: Designator=C22(jxcap-big-bottom)
Add component (AddParameter): Name = "LatestRevisionDate"; Value = "17-Jul-2002"; VariantName = "[No Variations]"
Add component (AddParameter): Name = "LatestRevisionNote"; Value = "Re-released for DXP Platform."; VariantName = "[No Variations]"
Add component (AddParameter): Name = "PackageDescription"; Value = "Polarized Capacitor (Radial); 2 Leads"; VariantName = "[No Variations]"
Add component (AddParameter): Name = "PackageReference"; Value = "RB7.6-15"; VariantName = "[No Variations]"
Add component (AddParameter): Name = "Published"; Value = "8-Jun-2000"; VariantName = "[No Variations]"
Add component (AddParameter): Name = "Publisher"; Value = "Altium Limited"; VariantName = "[No Variations]"
Add component (AddParameter): Name = "Value"; Value = "10uF"; VariantName = "[No Variations]"
Added Component: Designator=J1(CON4)
Added Component: Designator=J2(CON3)
Added Component: Designator=J3(CON3)
Added Component: Designator=J4(con4-big)
Added Component: Designator=J4(con4-big)
Added Component: Designator=J5(con4-big)
Added Component: Designator=J6(con2-big)
Added Component: Designator=J7(con2-big)
Added Component: Designator=J8(CON3)
Added Component: Designator=K1(按钮)
Added Component: Designator=LED1(LED-new)
Add component (AddParameter): Name = "LatestRevisionDate"; Value = "17-Jul-2002"; VariantName = "[No Variations]"
Add component (AddParameter): Name = "LatestRevisionNote"; Value = "Re-released for DXP Platform."; VariantName = "[No Variations]"
Add component (AddParameter): Name = "PackageDocument"; Value = "Feb-2002"; VariantName = "[No Variations]"
Add component (AddParameter): Name = "PackageReference"; Value = "3.2X1.6X1.1"; VariantName = "[No Variations]"
Add component (AddParameter): Name = "Published"; Value = "8-Jun-2000"; VariantName = "[No Variations]"
Add component (AddParameter): Name = "Publisher"; Value = "Altium Limited"; VariantName = "[No Variations]"
Added Component: Designator=R2(res-small)
Added Component: Designator=R3(0805)
Added Component: Designator=R4(0805)
Add component (AddParameter): Name = "LatestRevisionDate"; Value = "17-Jul-2002"; VariantName = "[No Variations]"
Add component (AddParameter): Name = "LatestRevisionNote"; Value = "Re-released for DXP Platform."; VariantName = "[No Variations]"
Add component (AddParameter): Name = "PackageDescription"; Value = "Axial Device, Thru-Hole; 2 Leads; 0.4 in Pin Spacing"; VariantName = "[No Variations]"
Add component (AddParameter): Name = "PackageReference"; Value = "AXIAL-0.4"; VariantName = "[No Variations]"
Add component (AddParameter): Name = "Published"; Value = "8-Jun-2000"; VariantName = "[No Variations]"
Add component (AddParameter): Name = "Publisher"; Value = "Altium Limited"; VariantName = "[No Variations]"
Add component (AddParameter): Name = "Value"; Value = "10K"; VariantName = "[No Variations]"
Added Component: Designator=R5(0805)
Add component (AddParameter): Name = "LatestRevisionDate"; Value = "17-Jul-2002"; VariantName = "[No Variations]"
Add component (AddParameter): Name = "LatestRevisionNote"; Value = "Re-released for DXP Platform."; VariantName = "[No Variations]"
Add component (AddParameter): Name = "PackageDescription"; Value = "Axial Device, Thru-Hole; 2 Leads; 0.4 in Pin Spacing"; VariantName = "[No Variations]"
Add component (AddParameter): Name = "PackageReference"; Value = "AXIAL-0.4"; VariantName = "[No Variations]"
Add component (AddParameter): Name = "Published"; Value = "8-Jun-2000"; VariantName = "[No Variations]"
Add component (AddParameter): Name = "Publisher"; Value = "Altium Limited"; VariantName = "[No Variations]"
Add component (AddParameter): Name = "Value"; Value = "10K"; VariantName = "[No Variations]"
Added Component: Designator=R6(0805)
Add component (AddParameter): Name = "LatestRevisionDate"; Value = "17-Jul-2002"; VariantName = "[No Variations]"
Add component (AddParameter): Name = "LatestRevisionNote"; Value = "Re-released for DXP Platform."; VariantName = "[No Variations]"
Add component (AddParameter): Name = "PackageDescription"; Value = "Axial Device, Thru-Hole; 2 Leads; 0.4 in Pin Spacing"; VariantName = "[No Variations]"
Add component (AddParameter): Name = "PackageReference"; Value = "AXIAL-0.4"; VariantName = "[No Variations]"
Add component (AddParameter): Name = "Published"; Value = "8-Jun-2000"; VariantName = "[No Variations]"
Add component (AddParameter): Name = "Publisher"; Value = "Altium Limited"; VariantName = "[No Variations]"
Add component (AddParameter): Name = "Value"; Value = "10K"; VariantName = "[No Variations]"
Added Component: Designator=R7(0805)
Add component (AddParameter): Name = "LatestRevisionDate"; Value = "17-Jul-2002"; VariantName = "[No Variations]"
Add component (AddParameter): Name = "LatestRevisionNote"; Value = "Re-released for DXP Platform."; VariantName = "[No Variations]"
Add component (AddParameter): Name = "PackageDescription"; Value = "Axial Device, Thru-Hole; 2 Leads; 0.4 in Pin Spacing"; VariantName = "[No Variations]"
Add component (AddParameter): Name = "PackageReference"; Value = "AXIAL-0.4"; VariantName = "[No Variations]"
Add component (AddParameter): Name = "Published"; Value = "8-Jun-2000"; VariantName = "[No Variations]"
Add component (AddParameter): Name = "Publisher"; Value = "Altium Limited"; VariantName = "[No Variations]"
Add component (AddParameter): Name = "Value"; Value = "10K"; VariantName = "[No Variations]"
Added Component: Designator=R8(0805)
Add component (AddParameter): Name = "LatestRevisionDate"; Value = "17-Jul-2002"; VariantName = "[No Variations]"
Add component (AddParameter): Name = "LatestRevisionNote"; Value = "Re-released for DXP Platform."; VariantName = "[No Variations]"
Add component (AddParameter): Name = "PackageDescription"; Value = "Axial Device, Thru-Hole; 2 Leads; 0.4 in Pin Spacing"; VariantName = "[No Variations]"
Add component (AddParameter): Name = "PackageReference"; Value = "AXIAL-0.4"; VariantName = "[No Variations]"
Add component (AddParameter): Name = "Published"; Value = "8-Jun-2000"; VariantName = "[No Variations]"
Add component (AddParameter): Name = "Publisher"; Value = "Altium Limited"; VariantName = "[No Variations]"
Add component (AddParameter): Name = "Value"; Value = "10K"; VariantName = "[No Variations]"
Added Component: Designator=R9(0805)
Add component (AddParameter): Name = "LatestRevisionDate"; Value = "17-Jul-2002"; VariantName = "[No Variations]"
Add component (AddParameter): Name = "LatestRevisionNote"; Value = "Re-released for DXP Platform."; VariantName = "[No Variations]"
Add component (AddParameter): Name = "PackageDescription"; Value = "Axial Device, Thru-Hole; 2 Leads; 0.4 in Pin Spacing"; VariantName = "[No Variations]"
Add component (AddParameter): Name = "PackageReference"; Value = "AXIAL-0.4"; VariantName = "[No Variations]"
Add component (AddParameter): Name = "Published"; Value = "8-Jun-2000"; VariantName = "[No Variations]"
Add component (AddParameter): Name = "Publisher"; Value = "Altium Limited"; VariantName = "[No Variations]"
Add component (AddParameter): Name = "Value"; Value = "10K"; VariantName = "[No Variations]"
Added Component: Designator=R10(0805)
Add component (AddParameter): Name = "LatestRevisionDate"; Value = "17-Jul-2002"; VariantName = "[No Variations]"
Add component (AddParameter): Name = "LatestRevisionNote"; Value = "Re-released for DXP Platform."; VariantName = "[No Variations]"
Add component (AddParameter): Name = "PackageDescription"; Value = "Axial Device, Thru-Hole; 2 Leads; 0.4 in Pin Spacing"; VariantName = "[No Variations]"
Add component (AddParameter): Name = "PackageReference"; Value = "AXIAL-0.4"; VariantName = "[No Variations]"
Add component (AddParameter): Name = "Published"; Value = "8-Jun-2000"; VariantName = "[No Variations]"
Add component (AddParameter): Name = "Publisher"; Value = "Altium Limited"; VariantName = "[No Variations]"
Add component (AddParameter): Name = "Value"; Value = "10K"; VariantName = "[No Variations]"
Added Component: Designator=R18(res-small)
Add component (AddParameter): Name = "LatestRevisionDate"; Value = "17-Jul-2002"; VariantName = "[No Variations]"
Add component (AddParameter): Name = "LatestRevisionNote"; Value = "Re-released for DXP Platform."; VariantName = "[No Variations]"
Add component (AddParameter): Name = "PackageDescription"; Value = "Axial Device, Thru-Hole; 2 Leads; 0.4 in Pin Spacing"; VariantName = "[No Variations]"
Add component (AddParameter): Name = "PackageReference"; Value = "AXIAL-0.4"; VariantName = "[No Variations]"
Add component (AddParameter): Name = "Published"; Value = "8-Jun-2000"; VariantName = "[No Variations]"
Add component (AddParameter): Name = "Publisher"; Value = "Altium Limited"; VariantName = "[No Variations]"
Add component (AddParameter): Name = "Value"; Value = "332"; VariantName = "[No Variations]"
Added Component: Designator=R19(res-small)
Add component (AddParameter): Name = "LatestRevisionDate"; Value = "17-Jul-2002"; VariantName = "[No Variations]"
Add component (AddParameter): Name = "LatestRevisionNote"; Value = "Re-released for DXP Platform."; VariantName = "[No Variations]"
Add component (AddParameter): Name = "PackageDescription"; Value = "Axial Device, Thru-Hole; 2 Leads; 0.4 in Pin Spacing"; VariantName = "[No Variations]"
Add component (AddParameter): Name = "PackageReference"; Value = "AXIAL-0.4"; VariantName = "[No Variations]"
Add component (AddParameter): Name = "Published"; Value = "8-Jun-2000"; VariantName = "[No Variations]"
Add component (AddParameter): Name = "Publisher"; Value = "Altium Limited"; VariantName = "[No Variations]"
Add component (AddParameter): Name = "Value"; Value = "200"; VariantName = "[No Variations]"
Added Component: Designator=R20(res-small)
Add component (AddParameter): Name = "LatestRevisionDate"; Value = "17-Jul-2002"; VariantName = "[No Variations]"
Add component (AddParameter): Name = "LatestRevisionNote"; Value = "Re-released for DXP Platform."; VariantName = "[No Variations]"
Add component (AddParameter): Name = "PackageDescription"; Value = "Axial Device, Thru-Hole; 2 Leads; 0.4 in Pin Spacing"; VariantName = "[No Variations]"
Add component (AddParameter): Name = "PackageReference"; Value = "AXIAL-0.4"; VariantName = "[No Variations]"
Add component (AddParameter): Name = "Published"; Value = "8-Jun-2000"; VariantName = "[No Variations]"
Add component (AddParameter): Name = "Publisher"; Value = "Altium Limited"; VariantName = "[No Variations]"
Add component (AddParameter): Name = "Value"; Value = "332"; VariantName = "[No Variations]"
Added Component: Designator=R21(res-small)
Add component (AddParameter): Name = "LatestRevisionDate"; Value = "17-Jul-2002"; VariantName = "[No Variations]"
Add component (AddParameter): Name = "LatestRevisionNote"; Value = "Re-released for DXP Platform."; VariantName = "[No Variations]"
Add component (AddParameter): Name = "PackageDescription"; Value = "Axial Device, Thru-Hole; 2 Leads; 0.4 in Pin Spacing"; VariantName = "[No Variations]"
Add component (AddParameter): Name = "PackageReference"; Value = "AXIAL-0.4"; VariantName = "[No Variations]"
Add component (AddParameter): Name = "Published"; Value = "8-Jun-2000"; VariantName = "[No Variations]"
Add component (AddParameter): Name = "Publisher"; Value = "Altium Limited"; VariantName = "[No Variations]"
Add component (AddParameter): Name = "Value"; Value = "200"; VariantName = "[No Variations]"
Added Component: Designator=R22(res-small)
Add component (AddParameter): Name = "LatestRevisionDate"; Value = "17-Jul-2002"; VariantName = "[No Variations]"
Add component (AddParameter): Name = "LatestRevisionNote"; Value = "Re-released for DXP Platform."; VariantName = "[No Variations]"
Add component (AddParameter): Name = "PackageDescription"; Value = "Axial Device, Thru-Hole; 2 Leads; 0.4 in Pin Spacing"; VariantName = "[No Variations]"
Add component (AddParameter): Name = "PackageReference"; Value = "AXIAL-0.4"; VariantName = "[No Variations]"
Add component (AddParameter): Name = "Published"; Value = "8-Jun-2000"; VariantName = "[No Variations]"
Add component (AddParameter): Name = "Publisher"; Value = "Altium Limited"; VariantName = "[No Variations]"
Add component (AddParameter): Name = "Value"; Value = "332"; VariantName = "[No Variations]"
Added Component: Designator=R23(res-small)
Add component (AddParameter): Name = "LatestRevisionDate"; Value = "17-Jul-2002"; VariantName = "[No Variations]"
Add component (AddParameter): Name = "LatestRevisionNote"; Value = "Re-released for DXP Platform."; VariantName = "[No Variations]"
Add component (AddParameter): Name = "PackageDescription"; Value = "Axial Device, Thru-Hole; 2 Leads; 0.4 in Pin Spacing"; VariantName = "[No Variations]"
Add component (AddParameter): Name = "PackageReference"; Value = "AXIAL-0.4"; VariantName = "[No Variations]"
Add component (AddParameter): Name = "Published"; Value = "8-Jun-2000"; VariantName = "[No Variations]"
Add component (AddParameter): Name = "Publisher"; Value = "Altium Limited"; VariantName = "[No Variations]"
Add component (AddParameter): Name = "Value"; Value = "200"; VariantName = "[No Variations]"
Added Component: Designator=R24(res-small)
Add component (AddParameter): Name = "LatestRevisionDate"; Value = "17-Jul-2002"; VariantName = "[No Variations]"
Add component (AddParameter): Name = "LatestRevisionNote"; Value = "Re-released for DXP Platform."; VariantName = "[No Variations]"
Add component (AddParameter): Name = "PackageDescription"; Value = "Axial Device, Thru-Hole; 2 Leads; 0.4 in Pin Spacing"; VariantName = "[No Variations]"
Add component (AddParameter): Name = "PackageReference"; Value = "AXIAL-0.4"; VariantName = "[No Variations]"
Add component (AddParameter): Name = "Published"; Value = "8-Jun-2000"; VariantName = "[No Variations]"
Add component (AddParameter): Name = "Publisher"; Value = "Altium Limited"; VariantName = "[No Variations]"
Add component (AddParameter): Name = "Value"; Value = "332"; VariantName = "[No Variations]"
Added Component: Designator=R25(res-small)
Add component (AddParameter): Name = "LatestRevisionDate"; Value = "17-Jul-2002"; VariantName = "[No Variations]"
Add component (AddParameter): Name = "LatestRevisionNote"; Value = "Re-released for DXP Platform."; VariantName = "[No Variations]"
Add component (AddParameter): Name = "PackageDescription"; Value = "Axial Device, Thru-Hole; 2 Leads; 0.4 in Pin Spacing"; VariantName = "[No Variations]"
Add component (AddParameter): Name = "PackageReference"; Value = "AXIAL-0.4"; VariantName = "[No Variations]"
Add component (AddParameter): Name = "Published"; Value = "8-Jun-2000"; VariantName = "[No Variations]"
Add component (AddParameter): Name = "Publisher"; Value = "Altium Limited"; VariantName = "[No Variations]"
Add component (AddParameter): Name = "Value"; Value = "200"; VariantName = "[No Variations]"
Added Component: Designator=R26(res-small)
Add component (AddParameter): Name = "LatestRevisionDate"; Value = "17-Jul-2002"; VariantName = "[No Variations]"
Add component (AddParameter): Name = "LatestRevisionNote"; Value = "Re-released for DXP Platform."; VariantName = "[No Variations]"
Add component (AddParameter): Name = "PackageDescription"; Value = "Axial Device, Thru-Hole; 2 Leads; 0.4 in Pin Spacing"; VariantName = "[No Variations]"
Add component (AddParameter): Name = "PackageReference"; Value = "AXIAL-0.4"; VariantName = "[No Variations]"
Add component (AddParameter): Name = "Published"; Value = "8-Jun-2000"; VariantName = "[No Variations]"
Add component (AddParameter): Name = "Publisher"; Value = "Altium Limited"; VariantName = "[No Variations]"
Add component (AddParameter): Name = "Value"; Value = "332"; VariantName = "[No Variations]"
Added Component: Designator=R27(res-small)
Add component (AddParameter): Name = "LatestRevisionDate"; Value = "17-Jul-2002"; VariantName = "[No Variations]"
Add component (AddParameter): Name = "LatestRevisionNote"; Value = "Re-released for DXP Platform."; VariantName = "[No Variations]"
Add component (AddParameter): Name = "PackageDescription"; Value = "Axial Device, Thru-Hole; 2 Leads; 0.4 in Pin Spacing"; VariantName = "[No Variations]"
Add component (AddParameter): Name = "PackageReference"; Value = "AXIAL-0.4"; VariantName = "[No Variations]"
Add component (AddParameter): Name = "Published"; Value = "8-Jun-2000"; VariantName = "[No Variations]"
Add component (AddParameter): Name = "Publisher"; Value = "Altium Limited"; VariantName = "[No Variations]"
Add component (AddParameter): Name = "Value"; Value = "200"; VariantName = "[No Variations]"
Added Component: Designator=R28(res-small)
Add component (AddParameter): Name = "LatestRevisionDate"; Value = "17-Jul-2002"; VariantName = "[No Variations]"
Add component (AddParameter): Name = "LatestRevisionNote"; Value = "Re-released for DXP Platform."; VariantName = "[No Variations]"
Add component (AddParameter): Name = "PackageDescription"; Value = "Axial Device, Thru-Hole; 2 Leads; 0.4 in Pin Spacing"; VariantName = "[No Variations]"
Add component (AddParameter): Name = "PackageReference"; Value = "AXIAL-0.4"; VariantName = "[No Variations]"
Add component (AddParameter): Name = "Published"; Value = "8-Jun-2000"; VariantName = "[No Variations]"
Add component (AddParameter): Name = "Publisher"; Value = "Altium Limited"; VariantName = "[No Variations]"
Add component (AddParameter): Name = "Value"; Value = "332"; VariantName = "[No Variations]"
Added Component: Designator=R29(res-small)
Add component (AddParameter): Name = "LatestRevisionDate"; Value = "17-Jul-2002"; VariantName = "[No Variations]"
Add component (AddParameter): Name = "LatestRevisionNote"; Value = "Re-released for DXP Platform."; VariantName = "[No Variations]"
Add component (AddParameter): Name = "PackageDescription"; Value = "Axial Device, Thru-Hole; 2 Leads; 0.4 in Pin Spacing"; VariantName = "[No Variations]"
Add component (AddParameter): Name = "PackageReference"; Value = "AXIAL-0.4"; VariantName = "[No Variations]"
Add component (AddParameter): Name = "Published"; Value = "8-Jun-2000"; VariantName = "[No Variations]"
Add component (AddParameter): Name = "Publisher"; Value = "Altium Limited"; VariantName = "[No Variations]"
Add component (AddParameter): Name = "Value"; Value = "200"; VariantName = "[No Variations]"
Added Component: Designator=R30(res-small)
Add component (AddParameter): Name = "LatestRevisionDate"; Value = "17-Jul-2002"; VariantName = "[No Variations]"
Add component (AddParameter): Name = "LatestRevisionNote"; Value = "Re-released for DXP Platform."; VariantName = "[No Variations]"
Add component (AddParameter): Name = "PackageDescription"; Value = "Axial Device, Thru-Hole; 2 Leads; 0.4 in Pin Spacing"; VariantName = "[No Variations]"
Add component (AddParameter): Name = "PackageReference"; Value = "AXIAL-0.4"; VariantName = "[No Variations]"
Add component (AddParameter): Name = "Published"; Value = "8-Jun-2000"; VariantName = "[No Variations]"
Add component (AddParameter): Name = "Publisher"; Value = "Altium Limited"; VariantName = "[No Variations]"
Add component (AddParameter): Name = "Value"; Value = "332"; VariantName = "[No Variations]"
Added Component: Designator=R31(res-small)
Add component (AddParameter): Name = "LatestRevisionDate"; Value = "17-Jul-2002"; VariantName = "[No Variations]"
Add component (AddParameter): Name = "LatestRevisionNote"; Value = "Re-released for DXP Platform."; VariantName = "[No Variations]"
Add component (AddParameter): Name = "PackageDescription"; Value = "Axial Device, Thru-Hole; 2 Leads; 0.4 in Pin Spacing"; VariantName = "[No Variations]"
Add component (AddParameter): Name = "PackageReference"; Value = "AXIAL-0.4"; VariantName = "[No Variations]"
Add component (AddParameter): Name = "Published"; Value = "8-Jun-2000"; VariantName = "[No Variations]"
Add component (AddParameter): Name = "Publisher"; Value = "Altium Limited"; VariantName = "[No Variations]"
Add component (AddParameter): Name = "Value"; Value = "200"; VariantName = "[No Variations]"
Added Component: Designator=R32(res-small)
Add component (AddParameter): Name = "LatestRevisionDate"; Value = "17-Jul-2002"; VariantName = "[No Variations]"
Add component (AddParameter): Name = "LatestRevisionNote"; Value = "Re-released for DXP Platform."; VariantName = "[No Variations]"
Add component (AddParameter): Name = "PackageDescription"; Value = "Axial Device, Thru-Hole; 2 Leads; 0.4 in Pin Spacing"; VariantName = "[No Variations]"
Add component (AddParameter): Name = "PackageReference"; Value = "AXIAL-0.4"; VariantName = "[No Variations]"
Add component (AddParameter): Name = "Published"; Value = "8-Jun-2000"; VariantName = "[No Variations]"
Add component (AddParameter): Name = "Publisher"; Value = "Altium Limited"; VariantName = "[No Variations]"
Add component (AddParameter): Name = "Value"; Value = "332"; VariantName = "[No Variations]"
Added Component: Designator=R33(res-small)
Add component (AddParameter): Name = "LatestRevisionDate"; Value = "17-Jul-2002"; VariantName = "[No Variations]"
Add component (AddParameter): Name = "LatestRevisionNote"; Value = "Re-released for DXP Platform."; VariantName = "[No Variations]"
Add component (AddParameter): Name = "PackageDescription"; Value = "Axial Device, Thru-Hole; 2 Leads; 0.4 in Pin Spacing"; VariantName = "[No Variations]"
Add component (AddParameter): Name = "PackageReference"; Value = "AXIAL-0.4"; VariantName = "[No Variations]"
Add component (AddParameter): Name = "Published"; Value = "8-Jun-2000"; VariantName = "[No Variations]"
Add component (AddParameter): Name = "Publisher"; Value = "Altium Limited"; VariantName = "[No Variations]"
Add component (AddParameter): Name = "Value"; Value = "200"; VariantName = "[No Variations]"
Added Component: Designator=R34(res-small)
Add component (AddParameter): Name = "LatestRevisionDate"; Value = "17-Jul-2002"; VariantName = "[No Variations]"
Add component (AddParameter): Name = "LatestRevisionNote"; Value = "Re-released for DXP Platform."; VariantName = "[No Variations]"
Add component (AddParameter): Name = "PackageDescription"; Value = "Axial Device, Thru-Hole; 2 Leads; 0.4 in Pin Spacing"; VariantName = "[No Variations]"
Add component (AddParameter): Name = "PackageReference"; Value = "AXIAL-0.4"; VariantName = "[No Variations]"
Add component (AddParameter): Name = "Published"; Value = "8-Jun-2000"; VariantName = "[No Variations]"
Add component (AddParameter): Name = "Publisher"; Value = "Altium Limited"; VariantName = "[No Variations]"
Add component (AddParameter): Name = "Value"; Value = "332"; VariantName = "[No Variations]"
Added Component: Designator=R35(res-small)
Add component (AddParameter): Name = "LatestRevisionDate"; Value = "17-Jul-2002"; VariantName = "[No Variations]"
Add component (AddParameter): Name = "LatestRevisionNote"; Value = "Re-released for DXP Platform."; VariantName = "[No Variations]"
Add component (AddParameter): Name = "PackageDescription"; Value = "Axial Device, Thru-Hole; 2 Leads; 0.4 in Pin Spacing"; VariantName = "[No Variations]"
Add component (AddParameter): Name = "PackageReference"; Value = "AXIAL-0.4"; VariantName = "[No Variations]"
Add component (AddParameter): Name = "Published"; Value = "8-Jun-2000"; VariantName = "[No Variations]"
Add component (AddParameter): Name = "Publisher"; Value = "Altium Limited"; VariantName = "[No Variations]"
Add component (AddParameter): Name = "Value"; Value = "200"; VariantName = "[No Variations]"
Added Component: Designator=R36(res-small)
Add component (AddParameter): Name = "LatestRevisionDate"; Value = "17-Jul-2002"; VariantName = "[No Variations]"
Add component (AddParameter): Name = "LatestRevisionNote"; Value = "Re-released for DXP Platform."; VariantName = "[No Variations]"
Add component (AddParameter): Name = "PackageDescription"; Value = "Axial Device, Thru-Hole; 2 Leads; 0.4 in Pin Spacing"; VariantName = "[No Variations]"
Add component (AddParameter): Name = "PackageReference"; Value = "AXIAL-0.4"; VariantName = "[No Variations]"
Add component (AddParameter): Name = "Published"; Value = "8-Jun-2000"; VariantName = "[No Variations]"
Add component (AddParameter): Name = "Publisher"; Value = "Altium Limited"; VariantName = "[No Variations]"
Add component (AddParameter): Name = "Value"; Value = "332"; VariantName = "[No Variations]"
Added Component: Designator=R37(res-small)
Add component (AddParameter): Name = "LatestRevisionDate"; Value = "17-Jul-2002"; VariantName = "[No Variations]"
Add component (AddParameter): Name = "LatestRevisionNote"; Value = "Re-released for DXP Platform."; VariantName = "[No Variations]"
Add component (AddParameter): Name = "PackageDescription"; Value = "Axial Device, Thru-Hole; 2 Leads; 0.4 in Pin Spacing"; VariantName = "[No Variations]"
Add component (AddParameter): Name = "PackageReference"; Value = "AXIAL-0.4"; VariantName = "[No Variations]"
Add component (AddParameter): Name = "Published"; Value = "8-Jun-2000"; VariantName = "[No Variations]"
Add component (AddParameter): Name = "Publisher"; Value = "Altium Limited"; VariantName = "[No Variations]"
Add component (AddParameter): Name = "Value"; Value = "200"; VariantName = "[No Variations]"
Added Component: Designator=U2(max3232 top)
Added Component: Designator=U11(ams1117-3.3)
Add component (AddParameter): Name = "Add into BOM"; Value = "yes"; VariantName = "[No Variations]"
Add component (AddParameter): Name = "Convert to PCB"; Value = "yes"; VariantName = "[No Variations]"
Add component (AddParameter): Name = "Datasheet"; Value = "https://atta.szlcsc.com/upload/public/pdf/source/20211011/50CC665C22E3A66C08379A4A74BDA25C.pdf"; VariantName = "[No Variations]"
Add component (AddParameter): Name = "Device"; Value = "AMS1117-3.3_C347222"; VariantName = "[No Variations]"
Add component (AddParameter): Name = "Dropout Voltage"; Value = "1.3V@(1A)"; VariantName = "[No Variations]"
Add component (AddParameter): Name = "JLCPCB Part Class"; Value = "Extended Part"; VariantName = "[No Variations]"
Add component (AddParameter): Name = "LCSC Part Name"; Value = "AMS1117-3.3"; VariantName = "[No Variations]"
Add component (AddParameter): Name = "Manufacturer"; Value = "UMW(广东友台半导体)"; VariantName = "[No Variations]"
Add component (AddParameter): Name = "Manufacturer Part"; Value = "AMS1117-3.3"; VariantName = "[No Variations]"
Add component (AddParameter): Name = "Maximum Input Voltage"; Value = "18V"; VariantName = "[No Variations]"
Add component (AddParameter): Name = "Name"; Value = "AMS1117-3.3"; VariantName = "[No Variations]"
Add component (AddParameter): Name = "Number of Outputs"; Value = "1"; VariantName = "[No Variations]"
Add component (AddParameter): Name = "Output Current"; Value = "1A"; VariantName = "[No Variations]"
Add component (AddParameter): Name = "Output Polarity"; Value = "正"; VariantName = "[No Variations]"
Add component (AddParameter): Name = "Output Type"; Value = "固定"; VariantName = "[No Variations]"
Add component (AddParameter): Name = "Output Voltage"; Value = "3.3V"; VariantName = "[No Variations]"
Add component (AddParameter): Name = "Power Supply Rejection Ratio (PSRR)"; Value = "60dB@(120Hz)"; VariantName = "[No Variations]"
Add component (AddParameter): Name = "Supplier"; Value = "LCSC"; VariantName = "[No Variations]"
Add component (AddParameter): Name = "Supplier Footprint"; Value = "SOT-223"; VariantName = "[No Variations]"
Add component (AddParameter): Name = "Supplier Part"; Value = "C347222"; VariantName = "[No Variations]"
Add component (AddParameter): Name = "Symbol"; Value = "AMS1117-3.3_C347222"; VariantName = "[No Variations]"
Added Component: Designator=U12(6n137)
Added Component: Designator=U13(6n137)
Added Component: Designator=U14(6n137)
Added Component: Designator=U15(6n137)
Added Component: Designator=U16(6n137)
Added Component: Designator=U17(6n137)
Added Component: Designator=U18(6n137)
Added Component: Designator=U19(6n137)
Added Component: Designator=U20(6n137)
Added Component: Designator=U21(6n137)
Added Component: Designator=Y1(XTAL8)
Add component (AddParameter): Name = "LatestRevisionDate"; Value = "17-Jul-2002"; VariantName = "[No Variations]"
Add component (AddParameter): Name = "LatestRevisionNote"; Value = "Re-released for DXP Platform."; VariantName = "[No Variations]"
Add component (AddParameter): Name = "Published"; Value = "8-Jun-2000"; VariantName = "[No Variations]"
Add component (AddParameter): Name = "Publisher"; Value = "Altium Limited"; VariantName = "[No Variations]"
Added Component: Designator=Y2(XTAL32-100)
Add component (AddParameter): Name = "LatestRevisionDate"; Value = "17-Jul-2002"; VariantName = "[No Variations]"
Add component (AddParameter): Name = "LatestRevisionNote"; Value = "Re-released for DXP Platform."; VariantName = "[No Variations]"
Add component (AddParameter): Name = "Published"; Value = "8-Jun-2000"; VariantName = "[No Variations]"
Add component (AddParameter): Name = "Publisher"; Value = "Altium Limited"; VariantName = "[No Variations]"
Added Pin To Net: NetName=GND1 Pin=C1-1
Added Pin To Net: NetName=NetC1_2 Pin=C1-2
Added Pin To Net: NetName=GND1 Pin=C10-1
Added Pin To Net: NetName=OSCIN Pin=C10-2
Added Pin To Net: NetName=GND1 Pin=C11-1
Added Pin To Net: NetName=OSCOUT Pin=C11-2
Added Pin To Net: NetName=GND1 Pin=C12-1
Added Pin To Net: NetName=OSC32IN Pin=C12-2
Added Pin To Net: NetName=GND1 Pin=C13-1
Added Pin To Net: NetName=OSC32OUT Pin=C13-2
Added Pin To Net: NetName=RST Pin=C14-1
Added Pin To Net: NetName=GND1 Pin=C14-2
Added Pin To Net: NetName=+5V Pin=C20-1
Added Pin To Net: NetName=GND1 Pin=C20-2
Added Pin To Net: NetName=GND1 Pin=C21-1
Added Pin To Net: NetName=+5V Pin=C21-2
Added Pin To Net: NetName=GND1 Pin=C22-2
Added Pin To Net: NetName=3.3V Pin=J1-1
Added Pin To Net: NetName=GND1 Pin=J1-2
Added Pin To Net: NetName=SWDIO Pin=J1-3
Added Pin To Net: NetName=SWCLK Pin=J1-4
Added Pin To Net: NetName=TXA Pin=J2-1
Added Pin To Net: NetName=RXA Pin=J2-2
Added Pin To Net: NetName=GND1 Pin=J2-3
Added Pin To Net: NetName=TXA Pin=J3-1
Added Pin To Net: NetName=RXA Pin=J3-2
Added Pin To Net: NetName=GND1 Pin=J3-3
Added Pin To Net: NetName=A1 Pin=J4-1
Added Pin To Net: NetName=A2 Pin=J4-1
Added Pin To Net: NetName=B1 Pin=J4-2
Added Pin To Net: NetName=B2 Pin=J4-2
Added Pin To Net: NetName=+5V Pin=J4-3
Added Pin To Net: NetName=+5V Pin=J4-3
Added Pin To Net: NetName=GND1 Pin=J4-4
Added Pin To Net: NetName=GND1 Pin=J4-4
Added Pin To Net: NetName=A3 Pin=J5-1
Added Pin To Net: NetName=B3 Pin=J5-2
Added Pin To Net: NetName=+5V Pin=J5-3
Added Pin To Net: NetName=GND1 Pin=J5-4
Added Pin To Net: NetName=INPUT11 Pin=J6-1
Added Pin To Net: NetName=INPUT12 Pin=J6-2
Added Pin To Net: NetName=GND1 Pin=J7-1
Added Pin To Net: NetName=+5V Pin=J8-1
Added Pin To Net: NetName=GND1 Pin=J8-3
Added Pin To Net: NetName=RST Pin=K1-1
Added Pin To Net: NetName=GND1 Pin=K1-2
Added Pin To Net: NetName=GND1 Pin=LED1-1
Added Pin To Net: NetName=NetLED1_2 Pin=LED1-2
Added Pin To Net: NetName=RST Pin=R2-1
Added Pin To Net: NetName=3.3V Pin=R3-1
Added Pin To Net: NetName=SWDIO Pin=R3-2
Added Pin To Net: NetName=A1 Pin=R4-1
Added Pin To Net: NetName=+5V Pin=R4-2
Added Pin To Net: NetName=B1 Pin=R5-1
Added Pin To Net: NetName=+5V Pin=R5-2
Added Pin To Net: NetName=A2 Pin=R6-1
Added Pin To Net: NetName=+5V Pin=R6-2
Added Pin To Net: NetName=B2 Pin=R7-1
Added Pin To Net: NetName=+5V Pin=R7-2
Added Pin To Net: NetName=A3 Pin=R8-1
Added Pin To Net: NetName=+5V Pin=R8-2
Added Pin To Net: NetName=B3 Pin=R9-1
Added Pin To Net: NetName=+5V Pin=R9-2
Added Pin To Net: NetName=NetLED1_2 Pin=R10-1
Added Pin To Net: NetName=5V Pin=R18-1
Added Pin To Net: NetName=IN1 Pin=R18-2
Added Pin To Net: NetName=INPUT1 Pin=R19-1
Added Pin To Net: NetName=NetR19_2 Pin=R19-2
Added Pin To Net: NetName=5V Pin=R20-1
Added Pin To Net: NetName=IN2 Pin=R20-2
Added Pin To Net: NetName=INPUT2 Pin=R21-1
Added Pin To Net: NetName=NetR21_2 Pin=R21-2
Added Pin To Net: NetName=5V Pin=R22-1
Added Pin To Net: NetName=IN3 Pin=R22-2
Added Pin To Net: NetName=INPUT3 Pin=R23-1
Added Pin To Net: NetName=NetR23_2 Pin=R23-2
Added Pin To Net: NetName=5V Pin=R24-1
Added Pin To Net: NetName=IN4 Pin=R24-2
Added Pin To Net: NetName=INPUT4 Pin=R25-1
Added Pin To Net: NetName=NetR25_2 Pin=R25-2
Added Pin To Net: NetName=5V Pin=R26-1
Added Pin To Net: NetName=IN5 Pin=R26-2
Added Pin To Net: NetName=INPUT5 Pin=R27-1
Added Pin To Net: NetName=NetR27_2 Pin=R27-2
Added Pin To Net: NetName=5V Pin=R28-1
Added Pin To Net: NetName=IN6 Pin=R28-2
Added Pin To Net: NetName=INPUT6 Pin=R29-1
Added Pin To Net: NetName=NetR29_2 Pin=R29-2
Added Pin To Net: NetName=5V Pin=R30-1
Added Pin To Net: NetName=IN7 Pin=R30-2
Added Pin To Net: NetName=INPUT7 Pin=R31-1
Added Pin To Net: NetName=NetR31_2 Pin=R31-2
Added Pin To Net: NetName=5V Pin=R32-1
Added Pin To Net: NetName=IN8 Pin=R32-2
Added Pin To Net: NetName=INPUT8 Pin=R33-1
Added Pin To Net: NetName=NetR33_2 Pin=R33-2
Added Pin To Net: NetName=5V Pin=R34-1
Added Pin To Net: NetName=IN9 Pin=R34-2
Added Pin To Net: NetName=INPUT9 Pin=R35-1
Added Pin To Net: NetName=NetR35_2 Pin=R35-2
Added Pin To Net: NetName=5V Pin=R36-1
Added Pin To Net: NetName=IN10 Pin=R36-2
Added Pin To Net: NetName=INPUT10 Pin=R37-1
Added Pin To Net: NetName=NetR37_2 Pin=R37-2
Added Pin To Net: NetName=NetC16_1 Pin=U2-2
Added Pin To Net: NetName=NetC17_2 Pin=U2-4
Added Pin To Net: NetName=NetC17_1 Pin=U2-5
Added Pin To Net: NetName=TXD Pin=U2-11
Added Pin To Net: NetName=RXD Pin=U2-12
Added Pin To Net: NetName=RXA Pin=U2-13
Added Pin To Net: NetName=TXA Pin=U2-14
Added Pin To Net: NetName=GND1 Pin=U2-15
Added Pin To Net: NetName=GND1 Pin=U11-1
Added Pin To Net: NetName=+5V Pin=U11-3
Added Pin To Net: NetName=NetR19_2 Pin=U12-2
Added Pin To Net: NetName=GND1 Pin=U12-3
Added Pin To Net: NetName=GND2 Pin=U12-5
Added Pin To Net: NetName=IN1 Pin=U12-6
Added Pin To Net: NetName=5V Pin=U12-7
Added Pin To Net: NetName=5V Pin=U12-8
Added Pin To Net: NetName=NetR21_2 Pin=U13-2
Added Pin To Net: NetName=GND1 Pin=U13-3
Added Pin To Net: NetName=GND2 Pin=U13-5
Added Pin To Net: NetName=IN2 Pin=U13-6
Added Pin To Net: NetName=5V Pin=U13-7
Added Pin To Net: NetName=5V Pin=U13-8
Added Pin To Net: NetName=NetR23_2 Pin=U14-2
Added Pin To Net: NetName=GND1 Pin=U14-3
Added Pin To Net: NetName=GND2 Pin=U14-5
Added Pin To Net: NetName=IN3 Pin=U14-6
Added Pin To Net: NetName=5V Pin=U14-7
Added Pin To Net: NetName=5V Pin=U14-8
Added Pin To Net: NetName=NetR25_2 Pin=U15-2
Added Pin To Net: NetName=GND1 Pin=U15-3
Added Pin To Net: NetName=GND2 Pin=U15-5
Added Pin To Net: NetName=IN4 Pin=U15-6
Added Pin To Net: NetName=5V Pin=U15-7
Added Pin To Net: NetName=5V Pin=U15-8
Added Pin To Net: NetName=NetR27_2 Pin=U16-2
Added Pin To Net: NetName=GND1 Pin=U16-3
Added Pin To Net: NetName=GND2 Pin=U16-5
Added Pin To Net: NetName=IN5 Pin=U16-6
Added Pin To Net: NetName=5V Pin=U16-7
Added Pin To Net: NetName=5V Pin=U16-8
Added Pin To Net: NetName=NetR29_2 Pin=U17-2
Added Pin To Net: NetName=GND1 Pin=U17-3
Added Pin To Net: NetName=GND2 Pin=U17-5
Added Pin To Net: NetName=IN6 Pin=U17-6
Added Pin To Net: NetName=5V Pin=U17-7
Added Pin To Net: NetName=5V Pin=U17-8
Added Pin To Net: NetName=NetR31_2 Pin=U18-2
Added Pin To Net: NetName=GND1 Pin=U18-3
Added Pin To Net: NetName=GND2 Pin=U18-5
Added Pin To Net: NetName=IN7 Pin=U18-6
Added Pin To Net: NetName=5V Pin=U18-7
Added Pin To Net: NetName=5V Pin=U18-8
Added Pin To Net: NetName=NetR33_2 Pin=U19-2
Added Pin To Net: NetName=GND1 Pin=U19-3
Added Pin To Net: NetName=GND2 Pin=U19-5
Added Pin To Net: NetName=IN8 Pin=U19-6
Added Pin To Net: NetName=5V Pin=U19-7
Added Pin To Net: NetName=5V Pin=U19-8
Added Pin To Net: NetName=NetR35_2 Pin=U20-2
Added Pin To Net: NetName=GND1 Pin=U20-3
Added Pin To Net: NetName=GND2 Pin=U20-5
Added Pin To Net: NetName=IN9 Pin=U20-6
Added Pin To Net: NetName=5V Pin=U20-7
Added Pin To Net: NetName=5V Pin=U20-8
Added Pin To Net: NetName=NetR37_2 Pin=U21-2
Added Pin To Net: NetName=GND1 Pin=U21-3
Added Pin To Net: NetName=GND2 Pin=U21-5
Added Pin To Net: NetName=IN10 Pin=U21-6
Added Pin To Net: NetName=5V Pin=U21-7
Added Pin To Net: NetName=5V Pin=U21-8
Added Pin To Net: NetName=OSCIN Pin=Y1-1
Added Pin To Net: NetName=OSCOUT Pin=Y1-2
Added Pin To Net: NetName=OSC32IN Pin=Y2-1
Added Pin To Net: NetName=OSC32OUT Pin=Y2-2
Added Pin To Net: NetName=+3.3V Pin=C22-1
Added Pin To Net: NetName=+3.3V Pin=R2-2
Added Pin To Net: NetName=+3.3V Pin=R10-2
Added Pin To Net: NetName=+3.3V Pin=U2-16
Added Pin To Net: NetName=+3.3V Pin=U11-2
Added Pin To Net: NetName=+3.3V Pin=U11-2
Added Net: Name=+3.3V
Added Pin To Net: NetName=NetC15_1 Pin=U2-3
Added Net: Name=NetC15_1
Added Pin To Net: NetName=NetC15_2 Pin=U2-1
Added Net: Name=NetC15_2
Added Pin To Net: NetName=NetC18_2 Pin=U2-6
Added Net: Name=NetC18_2
Change Class Name : Old Net Name=merge New Net Name=AC
Added Member To Class: ClassName=AC Member=Component C21 Cap Pol1
Added Member To Class: ClassName=AC Member=Component C22 Cap Pol1
Added Member To Class: ClassName=AC Member=Component J4 CON4
Added Member To Class: ClassName=AC Member=Component J4 CON4
Added Member To Class: ClassName=AC Member=Component J6 CON2
Added Member To Class: ClassName=AC Member=Component J8 CON3
Added Member To Class: ClassName=AC Member=Component R17 Res2
Added Member To Class: ClassName=AC Member=Component R18 Res2
Added Member To Class: ClassName=AC Member=Component U21 6n137
Added Room: Name=AC
