Removed Pin From Net: NetName=IN1 Pin=R12-2
Removed Pin From Net: NetName=IN2 Pin=R15-2
Removed Pin From Net: NetName=IN3 Pin=R17-2
Removed Pin From Net: NetName=IN4 Pin=R20-2
Removed Pin From Net: NetName=IN1 Pin=U6-6
Removed Pin From Net: NetName=IN2 Pin=U7-6
Removed Pin From Net: NetName=IN3 Pin=U9-6
Removed Pin From Net: NetName=IN4 Pin=U10-6
Added Pin To Net: NetName=IN3 Pin=R12-2
Added Pin To Net: NetName=IN4 Pin=R15-2
Added Pin To Net: NetName=IN1 Pin=R17-2
Added Pin To Net: NetName=IN2 Pin=R20-2
Added Pin To Net: NetName=IN3 Pin=U6-6
Added Pin To Net: NetName=IN4 Pin=U7-6
Added Pin To Net: NetName=IN1 Pin=U9-6
Added Pin To Net: NetName=IN2 Pin=U10-6
Added Pin To Net: NetName=+3.3V Pin=C1-1
Added Pin To Net: NetName=+3.3V Pin=C2-1
Added Pin To Net: NetName=+3.3V Pin=C3-1
Added Pin To Net: NetName=+3.3V Pin=C4-1
Added Pin To Net: NetName=+3.3V Pin=C5-1
Added Pin To Net: NetName=+3.3V Pin=C6-1
Added Pin To Net: NetName=+3.3V Pin=C7-1
Added Pin To Net: NetName=+3.3V Pin=C12-1
Added Pin To Net: NetName=+3.3V Pin=C14-2
Added Pin To Net: NetName=+3.3V Pin=C22-1
Added Pin To Net: NetName=+3.3V Pin=J5-4
Added Pin To Net: NetName=+3.3V Pin=R1-2
Added Pin To Net: NetName=+3.3V Pin=R3-2
Added Pin To Net: NetName=+3.3V Pin=R4-2
Added Pin To Net: NetName=+3.3V Pin=R11-2
Added Pin To Net: NetName=+3.3V Pin=U1-6
Added Pin To Net: NetName=+3.3V Pin=U1-11
Added Pin To Net: NetName=+3.3V Pin=U1-19
Added Pin To Net: NetName=+3.3V Pin=U1-28
Added Pin To Net: NetName=+3.3V Pin=U1-50
Added Pin To Net: NetName=+3.3V Pin=U1-75
Added Pin To Net: NetName=+3.3V Pin=U1-100
Added Pin To Net: NetName=+3.3V Pin=U2-16
Added Pin To Net: NetName=+3.3V Pin=U3-2
Added Pin To Net: NetName=+3.3V Pin=U3-4
Added Net: Name=+3.3V
Added Pin To Net: NetName=+5V Pin=C10-1
Added Pin To Net: NetName=+5V Pin=C13-2
Added Pin To Net: NetName=+5V Pin=J2-3
Added Pin To Net: NetName=+5V Pin=J3-3
Added Pin To Net: NetName=+5V Pin=J4-3
Added Pin To Net: NetName=+5V Pin=J6-1
Added Pin To Net: NetName=+5V Pin=R5-2
Added Pin To Net: NetName=+5V Pin=R6-2
Added Pin To Net: NetName=+5V Pin=R7-2
Added Pin To Net: NetName=+5V Pin=R8-2
Added Pin To Net: NetName=+5V Pin=R9-2
Added Pin To Net: NetName=+5V Pin=R10-2
Added Pin To Net: NetName=+5V Pin=U3-3
Added Net: Name=+5V
Added Pin To Net: NetName=5V Pin=C28-2
Added Pin To Net: NetName=5V Pin=C29-1
Added Pin To Net: NetName=5V Pin=L1-2
Added Pin To Net: NetName=5V Pin=LED3-1
Added Pin To Net: NetName=5V Pin=R12-1
Added Pin To Net: NetName=5V Pin=R15-1
Added Pin To Net: NetName=5V Pin=R17-1
Added Pin To Net: NetName=5V Pin=R20-1
Added Pin To Net: NetName=5V Pin=R22-1
Added Pin To Net: NetName=5V Pin=R24-1
Added Pin To Net: NetName=5V Pin=R27-1
Added Pin To Net: NetName=5V Pin=R30-1
Added Pin To Net: NetName=5V Pin=R34-1
Added Pin To Net: NetName=5V Pin=R36-1
Added Pin To Net: NetName=5V Pin=U4-8
Added Pin To Net: NetName=5V Pin=U4-12
Added Pin To Net: NetName=5V Pin=U6-7
Added Pin To Net: NetName=5V Pin=U6-8
Added Pin To Net: NetName=5V Pin=U7-7
Added Pin To Net: NetName=5V Pin=U7-8
Added Pin To Net: NetName=5V Pin=U8-8
Added Pin To Net: NetName=5V Pin=U8-12
Added Pin To Net: NetName=5V Pin=U9-7
Added Pin To Net: NetName=5V Pin=U9-8
Added Pin To Net: NetName=5V Pin=U10-7
Added Pin To Net: NetName=5V Pin=U10-8
Added Pin To Net: NetName=5V Pin=U11-7
Added Pin To Net: NetName=5V Pin=U11-8
Added Pin To Net: NetName=5V Pin=U12-8
Added Pin To Net: NetName=5V Pin=U12-12
Added Pin To Net: NetName=5V Pin=U13-7
Added Pin To Net: NetName=5V Pin=U13-8
Added Pin To Net: NetName=5V Pin=U14-7
Added Pin To Net: NetName=5V Pin=U14-8
Added Pin To Net: NetName=5V Pin=U15-8
Added Pin To Net: NetName=5V Pin=U15-12
Added Pin To Net: NetName=5V Pin=U16-7
Added Pin To Net: NetName=5V Pin=U16-8
Added Pin To Net: NetName=5V Pin=U17-3
Added Pin To Net: NetName=5V Pin=U18-7
Added Pin To Net: NetName=5V Pin=U18-8
Added Pin To Net: NetName=5V Pin=U20-8
Added Pin To Net: NetName=5V Pin=U20-12
Added Pin To Net: NetName=5V Pin=U21-7
Added Pin To Net: NetName=5V Pin=U21-8
Added Net: Name=5V
Added Pin To Net: NetName=24V Pin=D17-2
Added Pin To Net: NetName=24V Pin=LED2-1
Added Net: Name=24V
Added Pin To Net: NetName=GND1 Pin=C1-2
Added Pin To Net: NetName=GND1 Pin=C2-2
Added Pin To Net: NetName=GND1 Pin=C3-2
Added Pin To Net: NetName=GND1 Pin=C4-2
Added Pin To Net: NetName=GND1 Pin=C5-2
Added Pin To Net: NetName=GND1 Pin=C6-2
Added Pin To Net: NetName=GND1 Pin=C7-2
Added Pin To Net: NetName=GND1 Pin=C8-1
Added Pin To Net: NetName=GND1 Pin=C9-1
Added Pin To Net: NetName=GND1 Pin=C10-2
Added Pin To Net: NetName=GND1 Pin=C12-2
Added Pin To Net: NetName=GND1 Pin=C13-1
Added Pin To Net: NetName=GND1 Pin=C15-1
Added Pin To Net: NetName=GND1 Pin=C16-1
Added Pin To Net: NetName=GND1 Pin=C17-1
Added Pin To Net: NetName=GND1 Pin=C18-1
Added Pin To Net: NetName=GND1 Pin=C20-1
Added Pin To Net: NetName=GND1 Pin=C21-2
Added Pin To Net: NetName=GND1 Pin=C22-2
Added Pin To Net: NetName=GND1 Pin=J1-1
Added Pin To Net: NetName=GND1 Pin=J2-4
Added Pin To Net: NetName=GND1 Pin=J3-4
Added Pin To Net: NetName=GND1 Pin=J4-4
Added Pin To Net: NetName=GND1 Pin=J5-1
Added Pin To Net: NetName=GND1 Pin=J6-3
Added Pin To Net: NetName=GND1 Pin=J7-1
Added Pin To Net: NetName=GND1 Pin=J8-1
Added Pin To Net: NetName=GND1 Pin=K1-2
Added Pin To Net: NetName=GND1 Pin=LED1-1
Added Pin To Net: NetName=GND1 Pin=R2-2
Added Pin To Net: NetName=GND1 Pin=U1-10
Added Pin To Net: NetName=GND1 Pin=U1-20
Added Pin To Net: NetName=GND1 Pin=U1-27
Added Pin To Net: NetName=GND1 Pin=U1-74
Added Pin To Net: NetName=GND1 Pin=U1-99
Added Pin To Net: NetName=GND1 Pin=U2-15
Added Pin To Net: NetName=GND1 Pin=U3-1
Added Pin To Net: NetName=GND1 Pin=U6-3
Added Pin To Net: NetName=GND1 Pin=U7-3
Added Pin To Net: NetName=GND1 Pin=U9-3
Added Pin To Net: NetName=GND1 Pin=U10-3
Added Pin To Net: NetName=GND1 Pin=U11-3
Added Pin To Net: NetName=GND1 Pin=U13-3
Added Pin To Net: NetName=GND1 Pin=U14-3
Added Pin To Net: NetName=GND1 Pin=U16-3
Added Pin To Net: NetName=GND1 Pin=U18-3
Added Pin To Net: NetName=GND1 Pin=U21-3
Added Net: Name=GND1
Added Pin To Net: NetName=GND2 Pin=C26-2
Added Pin To Net: NetName=GND2 Pin=C27-2
Added Pin To Net: NetName=GND2 Pin=C28-1
Added Pin To Net: NetName=GND2 Pin=C29-2
Added Pin To Net: NetName=GND2 Pin=D3-1
Added Pin To Net: NetName=GND2 Pin=D4-1
Added Pin To Net: NetName=GND2 Pin=D7-1
Added Pin To Net: NetName=GND2 Pin=D8-1
Added Pin To Net: NetName=GND2 Pin=D11-1
Added Pin To Net: NetName=GND2 Pin=D12-1
Added Pin To Net: NetName=GND2 Pin=D15-1
Added Pin To Net: NetName=GND2 Pin=D16-1
Added Pin To Net: NetName=GND2 Pin=D20-1
Added Pin To Net: NetName=GND2 Pin=D21-1
Added Pin To Net: NetName=GND2 Pin=R29-2
Added Pin To Net: NetName=GND2 Pin=R33-2
Added Pin To Net: NetName=GND2 Pin=TVS1-1
Added Pin To Net: NetName=GND2 Pin=U4-1
Added Pin To Net: NetName=GND2 Pin=U4-2
Added Pin To Net: NetName=GND2 Pin=U4-10
Added Pin To Net: NetName=GND2 Pin=U4-11
Added Pin To Net: NetName=GND2 Pin=U4-19
Added Pin To Net: NetName=GND2 Pin=U4-20
Added Pin To Net: NetName=GND2 Pin=U5-6
Added Pin To Net: NetName=GND2 Pin=U5-7
Added Pin To Net: NetName=GND2 Pin=U6-5
Added Pin To Net: NetName=GND2 Pin=U7-5
Added Pin To Net: NetName=GND2 Pin=U8-1
Added Pin To Net: NetName=GND2 Pin=U8-2
Added Pin To Net: NetName=GND2 Pin=U8-10
Added Pin To Net: NetName=GND2 Pin=U8-11
Added Pin To Net: NetName=GND2 Pin=U8-19
Added Pin To Net: NetName=GND2 Pin=U8-20
Added Pin To Net: NetName=GND2 Pin=U9-5
Added Pin To Net: NetName=GND2 Pin=U10-5
Added Pin To Net: NetName=GND2 Pin=U11-5
Added Pin To Net: NetName=GND2 Pin=U12-1
Added Pin To Net: NetName=GND2 Pin=U12-2
Added Pin To Net: NetName=GND2 Pin=U12-10
Added Pin To Net: NetName=GND2 Pin=U12-11
Added Pin To Net: NetName=GND2 Pin=U12-19
Added Pin To Net: NetName=GND2 Pin=U12-20
Added Pin To Net: NetName=GND2 Pin=U13-5
Added Pin To Net: NetName=GND2 Pin=U14-5
Added Pin To Net: NetName=GND2 Pin=U15-1
Added Pin To Net: NetName=GND2 Pin=U15-2
Added Pin To Net: NetName=GND2 Pin=U15-10
Added Pin To Net: NetName=GND2 Pin=U15-11
Added Pin To Net: NetName=GND2 Pin=U15-19
Added Pin To Net: NetName=GND2 Pin=U15-20
Added Pin To Net: NetName=GND2 Pin=U16-5
Added Pin To Net: NetName=GND2 Pin=U17-5
Added Pin To Net: NetName=GND2 Pin=U17-6
Added Pin To Net: NetName=GND2 Pin=U17-7
Added Pin To Net: NetName=GND2 Pin=U17-8
Added Pin To Net: NetName=GND2 Pin=U18-5
Added Pin To Net: NetName=GND2 Pin=U19-2
Added Pin To Net: NetName=GND2 Pin=U20-1
Added Pin To Net: NetName=GND2 Pin=U20-2
Added Pin To Net: NetName=GND2 Pin=U20-10
Added Pin To Net: NetName=GND2 Pin=U20-11
Added Pin To Net: NetName=GND2 Pin=U20-19
Added Pin To Net: NetName=GND2 Pin=U20-20
Added Pin To Net: NetName=GND2 Pin=U21-5
Added Net: Name=GND2
Added Pin To Net: NetName=VCC_24V Pin=C26-1
Added Pin To Net: NetName=VCC_24V Pin=D1-2
Added Pin To Net: NetName=VCC_24V Pin=D2-2
Added Pin To Net: NetName=VCC_24V Pin=D5-2
Added Pin To Net: NetName=VCC_24V Pin=D6-2
Added Pin To Net: NetName=VCC_24V Pin=D9-2
Added Pin To Net: NetName=VCC_24V Pin=D10-2
Added Pin To Net: NetName=VCC_24V Pin=D13-2
Added Pin To Net: NetName=VCC_24V Pin=D14-2
Added Pin To Net: NetName=VCC_24V Pin=D18-2
Added Pin To Net: NetName=VCC_24V Pin=D19-2
Added Pin To Net: NetName=VCC_24V Pin=TVS1-2
Added Pin To Net: NetName=VCC_24V Pin=U4-6
Added Pin To Net: NetName=VCC_24V Pin=U5-9
Added Pin To Net: NetName=VCC_24V Pin=U5-10
Added Pin To Net: NetName=VCC_24V Pin=U8-6
Added Pin To Net: NetName=VCC_24V Pin=U12-6
Added Pin To Net: NetName=VCC_24V Pin=U15-6
Added Pin To Net: NetName=VCC_24V Pin=U20-6
Added Net: Name=VCC_24V
Added Pin To Net: NetName=VDD Pin=R1-1
Added Pin To Net: NetName=VDD Pin=U1-21
Added Pin To Net: NetName=VDD Pin=U1-22
Added Net: Name=VDD
Added Room: Name=AC
