Added Pin To Net: NetName=+5V Pin=C10-1
Added Pin To Net: NetName=+5V Pin=C13-2
Added Pin To Net: NetName=+5V Pin=J2-3
Added Pin To Net: NetName=+5V Pin=J3-3
Added Pin To Net: NetName=+5V Pin=J4-3
Added Pin To Net: NetName=+5V Pin=J6-1
Added Pin To Net: NetName=+5V Pin=R5-2
Added Pin To Net: NetName=+5V Pin=R6-2
Added Pin To Net: NetName=+5V Pin=R7-2
Added Pin To Net: NetName=+5V Pin=R8-2
Added Pin To Net: NetName=+5V Pin=R9-2
Added Pin To Net: NetName=+5V Pin=R10-2
Added Pin To Net: NetName=+5V Pin=U3-3
Added Net: Name=+5V
Added Pin To Net: NetName=5V Pin=C28-2
Added Pin To Net: NetName=5V Pin=C29-1
Added Pin To Net: NetName=5V Pin=L1-2
Added Pin To Net: NetName=5V Pin=LED3-1
Added Pin To Net: NetName=5V Pin=R12-1
Added Pin To Net: NetName=5V Pin=R15-1
Added Pin To Net: NetName=5V Pin=R17-1
Added Pin To Net: NetName=5V Pin=R20-1
Added Pin To Net: NetName=5V Pin=R22-1
Added Pin To Net: NetName=5V Pin=R24-1
Added Pin To Net: NetName=5V Pin=R27-1
Added Pin To Net: NetName=5V Pin=R30-1
Added Pin To Net: NetName=5V Pin=R34-1
Added Pin To Net: NetName=5V Pin=R36-1
Added Pin To Net: NetName=5V Pin=U4-8
Added Pin To Net: NetName=5V Pin=U4-12
Added Pin To Net: NetName=5V Pin=U6-7
Added Pin To Net: NetName=5V Pin=U6-8
Added Pin To Net: NetName=5V Pin=U7-7
Added Pin To Net: NetName=5V Pin=U7-8
Added Pin To Net: NetName=5V Pin=U8-8
Added Pin To Net: NetName=5V Pin=U8-12
Added Pin To Net: NetName=5V Pin=U9-7
Added Pin To Net: NetName=5V Pin=U9-8
Added Pin To Net: NetName=5V Pin=U10-7
Added Pin To Net: NetName=5V Pin=U10-8
Added Pin To Net: NetName=5V Pin=U11-7
Added Pin To Net: NetName=5V Pin=U11-8
Added Pin To Net: NetName=5V Pin=U12-8
Added Pin To Net: NetName=5V Pin=U12-12
Added Pin To Net: NetName=5V Pin=U13-7
Added Pin To Net: NetName=5V Pin=U13-8
Added Pin To Net: NetName=5V Pin=U14-7
Added Pin To Net: NetName=5V Pin=U14-8
Added Pin To Net: NetName=5V Pin=U15-8
Added Pin To Net: NetName=5V Pin=U15-12
Added Pin To Net: NetName=5V Pin=U16-7
Added Pin To Net: NetName=5V Pin=U16-8
Added Pin To Net: NetName=5V Pin=U17-3
Added Pin To Net: NetName=5V Pin=U18-7
Added Pin To Net: NetName=5V Pin=U18-8
Added Pin To Net: NetName=5V Pin=U20-8
Added Pin To Net: NetName=5V Pin=U20-12
Added Pin To Net: NetName=5V Pin=U21-7
Added Pin To Net: NetName=5V Pin=U21-8
Added Net: Name=5V
