Removed Pin From Net: NetName=PS Pin=C1-1
Removed Pin From Net: NetName=VDD3.3 Pin=C2-1
Removed Pin From Net: NetName=GND1 Pin=C3-1
Removed Pin From Net: NetName=PS Pin=C3-2
Removed Pin From Net: NetName=GND1 Pin=C4-1
Removed Pin From Net: NetName=VDD3.3 Pin=C4-2
Removed Pin From Net: NetName=PS Pin=C5-1
Removed Pin From Net: NetName=VDD2.5 Pin=C6-1
Removed Pin From Net: NetName=GND1 Pin=C7-1
Removed Pin From Net: NetName=PS Pin=C7-2
Removed Pin From Net: NetName=VDD2.5 Pin=C8-2
Removed Pin From Net: NetName=VDD3.3 Pin=C9-2
Removed Pin From Net: NetName=NetC10_1 Pin=C10-1
Removed Pin From Net: NetName=VDD3.3 Pin=C10-2
Removed Pin From Net: NetName=NetC12_1 Pin=C12-1
Removed Pin From Net: NetName=VDD3.3 Pin=C13-1
Removed Pin From Net: NetName=GND1 Pin=C13-2
Removed Pin From Net: NetName=VDD1.2 Pin=C14-1
Removed Pin From Net: NetName=GND1 Pin=C14-2
Removed Pin From Net: NetName=VDD3.3 Pin=C15-2
Removed Pin From Net: NetName=VDD1.2 Pin=C16-2
Removed Pin From Net: NetName=NetC17_1 Pin=C17-1
Removed Pin From Net: NetName=NetC18_1 Pin=C18-1
Removed Pin From Net: NetName=NetC18_1 Pin=C20-1
Removed Pin From Net: NetName=NetC21_2 Pin=C21-2
Removed Pin From Net: NetName=NetC21_2 Pin=C22-1
Removed Pin From Net: NetName=VDD3.3 Pin=C24-2
Removed Pin From Net: NetName=NetC25_2 Pin=C25-2
Removed Pin From Net: NetName=NetC26_2 Pin=C26-2
Removed Pin From Net: NetName=VCC12 Pin=C28-1
Removed Pin From Net: NetName=VCC12 Pin=C29-2
Removed Pin From Net: NetName=PS Pin=F1-1
Removed Pin From Net: NetName=NetF1_2 Pin=F1-2
Removed Pin From Net: NetName=VCC12 Pin=J5-1
Removed Pin From Net: NetName=VCC12 Pin=J6-1
Removed Pin From Net: NetName=GND2 Pin=J6-2
Removed Pin From Net: NetName=TCK Pin=R1-2
Removed Pin From Net: NetName=NetR2_2 Pin=R2-2
Removed Pin From Net: NetName=VDD3.3 Pin=R3-1
Removed Pin From Net: NetName=TDO Pin=R3-2
Removed Pin From Net: NetName=VDD3.3 Pin=R4-1
Removed Pin From Net: NetName=TMS Pin=R4-2
Removed Pin From Net: NetName=NetR11_2 Pin=R11-2
Removed Pin From Net: NetName=VDD2.5 Pin=R12-1
Removed Pin From Net: NetName=NetC21_2 Pin=R12-2
Removed Pin From Net: NetName=NCE Pin=R15-2
Removed Pin From Net: NetName=NetF1_2 Pin=R16-1
Removed Pin From Net: NetName=VDD3.3 Pin=R17-1
Removed Pin From Net: NetName=VDD3.3 Pin=R18-1
Removed Pin From Net: NetName=VDD3.3 Pin=R20-1
Removed Pin From Net: NetName=NetCONFIG_LED1_1 Pin=R20-2
Removed Pin From Net: NetName=NetR21_1 Pin=R21-1
Removed Pin From Net: NetName=OUT+ Pin=R22-2
Removed Pin From Net: NetName=OUT+ Pin=R23-1
Removed Pin From Net: NetName=GPIO38 Pin=U1-1
Removed Pin From Net: NetName=GPIO37 Pin=U1-2
Removed Pin From Net: NetName=GPIO36 Pin=U1-3
Removed Pin From Net: NetName=GND1 Pin=U1-4
Removed Pin From Net: NetName=VDD1.2 Pin=U1-5
Removed Pin From Net: NetName=ASDO Pin=U1-6
Removed Pin From Net: NetName=TDI Pin=U1-15
Removed Pin From Net: NetName=TCK Pin=U1-16
Removed Pin From Net: NetName=VDD3.3 Pin=U1-17
Removed Pin From Net: NetName=TMS Pin=U1-18
Removed Pin From Net: NetName=GND1 Pin=U1-19
Removed Pin From Net: NetName=TDO Pin=U1-20
Removed Pin From Net: NetName=M_clk Pin=U1-23
Removed Pin From Net: NetName=VDD3.3 Pin=U1-26
Removed Pin From Net: NetName=VDD1.2 Pin=U1-29
Removed Pin From Net: NetName=TXD1 Pin=U1-31
Removed Pin From Net: NetName=LED2 Pin=U1-33
Removed Pin From Net: NetName=LED3 Pin=U1-34
Removed Pin From Net: NetName=NetC18_1 Pin=U1-35
Removed Pin From Net: NetName=GND1 Pin=U1-36
Removed Pin From Net: NetName=VDD1.2 Pin=U1-37
Removed Pin From Net: NetName=GPIO35 Pin=U1-38
Removed Pin From Net: NetName=GPIO34 Pin=U1-39
Removed Pin From Net: NetName=VDD3.3 Pin=U1-40
Removed Pin From Net: NetName=GND1 Pin=U1-41
Removed Pin From Net: NetName=TXD2 Pin=U1-42
Removed Pin From Net: NetName=GPIO32 Pin=U1-43
Removed Pin From Net: NetName=RXD2 Pin=U1-44
Removed Pin From Net: NetName=VDD1.2 Pin=U1-45
Removed Pin From Net: NetName=GPIO30 Pin=U1-46
Removed Pin From Net: NetName=VDD3.3 Pin=U1-47
Removed Pin From Net: NetName=GND1 Pin=U1-48
Removed Pin From Net: NetName=GPIO28 Pin=U1-50
Removed Pin From Net: NetName=GPIO27 Pin=U1-51
Removed Pin From Net: NetName=GPIO26 Pin=U1-52
Removed Pin From Net: NetName=VDD3.3 Pin=U1-56
Removed Pin From Net: NetName=GND1 Pin=U1-57
Removed Pin From Net: NetName=GPIO23 Pin=U1-58
Removed Pin From Net: NetName=GPIO20 Pin=U1-59
Removed Pin From Net: NetName=GPIO21 Pin=U1-60
Removed Pin From Net: NetName=VDD1.2 Pin=U1-61
Removed Pin From Net: NetName=VDD3.3 Pin=U1-62
Removed Pin From Net: NetName=GPIO16 Pin=U1-66
Removed Pin From Net: NetName=GPIO14 Pin=U1-68
Removed Pin From Net: NetName=GPIO15 Pin=U1-69
Removed Pin From Net: NetName=GPIO12 Pin=U1-70
Removed Pin From Net: NetName=GPIO13 Pin=U1-71
Removed Pin From Net: NetName=GPIO8 Pin=U1-74
Removed Pin From Net: NetName=GPIO9 Pin=U1-75
Removed Pin From Net: NetName=VDD1.2 Pin=U1-78
Removed Pin From Net: NetName=GND1 Pin=U1-79
Removed Pin From Net: NetName=GPIO4 Pin=U1-80
Removed Pin From Net: NetName=VDD3.3 Pin=U1-81
Removed Pin From Net: NetName=GND1 Pin=U1-82
Removed Pin From Net: NetName=GPIO5 Pin=U1-83
Removed Pin From Net: NetName=GPIO2 Pin=U1-84
Removed Pin From Net: NetName=GPIO3 Pin=U1-85
Removed Pin From Net: NetName=VDD3.3 Pin=U1-93
Removed Pin From Net: NetName=NetR10_2 Pin=U1-94
Removed Pin From Net: NetName=GND1 Pin=U1-95
Removed Pin From Net: NetName=NetR8_2 Pin=U1-96
Removed Pin From Net: NetName=NetR11_2 Pin=U1-97
Removed Pin From Net: NetName=GPIO71 Pin=U1-98
Removed Pin From Net: NetName=GPIO70 Pin=U1-99
Removed Pin From Net: NetName=GPIO69 Pin=U1-100
Removed Pin From Net: NetName=NetC11_1 Pin=U2-3
Removed Pin From Net: NetName=NCSO Pin=U3-1
Removed Pin From Net: NetName=NetR2_2 Pin=U3-2
Removed Pin From Net: NetName=VDD3.3 Pin=U3-3
Removed Pin From Net: NetName=GND1 Pin=U3-4
Removed Pin From Net: NetName=NetC10_1 Pin=U5-2
Removed Pin From Net: NetName=NetC17_2 Pin=U5-4
Removed Pin From Net: NetName=NetC12_1 Pin=U5-6
Removed Pin From Net: NetName=GND1 Pin=U7-1
Removed Pin From Net: NetName=TXD2 Pin=U7-2
Removed Pin From Net: NetName=RXD2 Pin=U7-3
Removed Pin From Net: NetName=VDD3.3 Pin=U7-4
Removed Pin From Net: NetName=NetC31_1 Pin=U9-1
Removed Pin From Net: NetName=NetC31_2 Pin=U9-5
Added Pin To Net: NetName=+3.3V Pin=C1-1
Added Pin To Net: NetName=PS Pin=C1-1
Added Pin To Net: NetName=GND1 Pin=C1-2
Added Pin To Net: NetName=+3.3V Pin=C2-1
Added Pin To Net: NetName=VDD3.3 Pin=C2-1
Added Pin To Net: NetName=GND1 Pin=C2-2
Added Pin To Net: NetName=+3.3V Pin=C3-1
Added Pin To Net: NetName=GND1 Pin=C3-1
Added Pin To Net: NetName=GND1 Pin=C3-2
Added Pin To Net: NetName=PS Pin=C3-2
Added Pin To Net: NetName=+3.3V Pin=C4-1
Added Pin To Net: NetName=GND1 Pin=C4-1
Added Pin To Net: NetName=GND1 Pin=C4-2
Added Pin To Net: NetName=VDD3.3 Pin=C4-2
Added Pin To Net: NetName=+3.3V Pin=C5-1
Added Pin To Net: NetName=PS Pin=C5-1
Added Pin To Net: NetName=GND1 Pin=C5-2
Added Pin To Net: NetName=+3.3V Pin=C6-1
Added Pin To Net: NetName=VDD2.5 Pin=C6-1
Added Pin To Net: NetName=GND1 Pin=C6-2
Added Pin To Net: NetName=+3.3V Pin=C7-1
Added Pin To Net: NetName=GND1 Pin=C7-1
Added Pin To Net: NetName=GND1 Pin=C7-2
Added Pin To Net: NetName=PS Pin=C7-2
Added Pin To Net: NetName=GND1 Pin=C8-1
Added Pin To Net: NetName=NetC8_2 Pin=C8-2
Added Pin To Net: NetName=VDD2.5 Pin=C8-2
Added Pin To Net: NetName=GND1 Pin=C9-1
Added Pin To Net: NetName=NetC9_2 Pin=C9-2
Added Pin To Net: NetName=VDD3.3 Pin=C9-2
Added Pin To Net: NetName=+5V Pin=C10-1
Added Pin To Net: NetName=NetC10_1 Pin=C10-1
Added Pin To Net: NetName=GND1 Pin=C10-2
Added Pin To Net: NetName=VDD3.3 Pin=C10-2
Added Pin To Net: NetName=A3 Pin=C11-1
Added Pin To Net: NetName=A2 Pin=C11-2
Added Pin To Net: NetName=NetC11_2 Pin=C11-2
Added Pin To Net: NetName=+3.3V Pin=C12-1
Added Pin To Net: NetName=NetC12_1 Pin=C12-1
Added Pin To Net: NetName=GND1 Pin=C12-2
Added Pin To Net: NetName=GND1 Pin=C13-1
Added Pin To Net: NetName=VDD3.3 Pin=C13-1
Added Pin To Net: NetName=+5V Pin=C13-2
Added Pin To Net: NetName=GND1 Pin=C13-2
Added Pin To Net: NetName=NetC14_1 Pin=C14-1
Added Pin To Net: NetName=VDD1.2 Pin=C14-1
Added Pin To Net: NetName=+3.3V Pin=C14-2
Added Pin To Net: NetName=GND1 Pin=C14-2
Added Pin To Net: NetName=GND1 Pin=C15-1
Added Pin To Net: NetName=OSCIN Pin=C15-2
Added Pin To Net: NetName=VDD3.3 Pin=C15-2
Added Pin To Net: NetName=GND1 Pin=C16-1
Added Pin To Net: NetName=OSCOUT Pin=C16-2
Added Pin To Net: NetName=VDD1.2 Pin=C16-2
Added Pin To Net: NetName=GND1 Pin=C17-1
Added Pin To Net: NetName=NetC17_1 Pin=C17-1
Added Pin To Net: NetName=NetC17_2 Pin=C17-2
Added Pin To Net: NetName=GND1 Pin=C18-1
Added Pin To Net: NetName=NetC18_1 Pin=C18-1
Added Pin To Net: NetName=GND1 Pin=C18-2
Added Pin To Net: NetName=GND1 Pin=C19-1
Added Pin To Net: NetName=NetC18_1 Pin=C19-2
Added Pin To Net: NetName=GND1 Pin=C20-1
Added Pin To Net: NetName=NetC18_1 Pin=C20-1
Added Pin To Net: NetName=GND1 Pin=C20-2
Added Pin To Net: NetName=GND1 Pin=C21-1
Added Pin To Net: NetName=GND1 Pin=C21-2
Added Pin To Net: NetName=NetC21_2 Pin=C21-2
Added Pin To Net: NetName=+3.3V Pin=C22-1
Added Pin To Net: NetName=NetC21_2 Pin=C22-1
Added Pin To Net: NetName=GND1 Pin=C22-2
Added Pin To Net: NetName=GND1 Pin=C23-1
Added Pin To Net: NetName=NetC21_2 Pin=C23-2
Added Pin To Net: NetName=GND1 Pin=C24-1
Added Pin To Net: NetName=NetC23_2 Pin=C24-2
Added Pin To Net: NetName=VDD3.3 Pin=C24-2
Added Pin To Net: NetName=GND1 Pin=C25-1
Added Pin To Net: NetName=NetC23_2 Pin=C25-2
Added Pin To Net: NetName=NetC25_2 Pin=C25-2
Added Pin To Net: NetName=GND1 Pin=C26-1
Added Pin To Net: NetName=GND2 Pin=C26-2
Added Pin To Net: NetName=NetC26_2 Pin=C26-2
Added Pin To Net: NetName=GND2 Pin=C27-1
Added Pin To Net: NetName=NetC27_2 Pin=C27-2
Added Pin To Net: NetName=GND2 Pin=C28-1
Added Pin To Net: NetName=VCC12 Pin=C28-1
Added Pin To Net: NetName=GND2 Pin=C28-2
Added Pin To Net: NetName=GND2 Pin=C29-1
Added Pin To Net: NetName=GND2 Pin=C29-2
Added Pin To Net: NetName=VCC12 Pin=C29-2
Added Pin To Net: NetName=OUT+ Pin=C30-1
Added Pin To Net: NetName=GND2 Pin=C30-2
Added Pin To Net: NetName=NetF1_1 Pin=F1-1
Added Pin To Net: NetName=PS Pin=F1-1
Added Pin To Net: NetName=NetC23_1 Pin=F1-2
Added Pin To Net: NetName=NetF1_2 Pin=F1-2
Added Pin To Net: NetName=GND1 Pin=J5-1
Added Pin To Net: NetName=VCC12 Pin=J5-1
Added Pin To Net: NetName=GND2 Pin=J5-2
Added Pin To Net: NetName=GND1 Pin=J6-1
Added Pin To Net: NetName=VCC12 Pin=J6-1
Added Pin To Net: NetName=+5V Pin=J6-2
Added Pin To Net: NetName=GND2 Pin=J6-2
Added Pin To Net: NetName=GND1 Pin=R1-1
Added Pin To Net: NetName=+3.3V Pin=R1-2
Added Pin To Net: NetName=TCK Pin=R1-2
Added Pin To Net: NetName=DATA0 Pin=R2-1
Added Pin To Net: NetName=GND1 Pin=R2-2
Added Pin To Net: NetName=NetR2_2 Pin=R2-2
Added Pin To Net: NetName=RST Pin=R3-1
Added Pin To Net: NetName=VDD3.3 Pin=R3-1
Added Pin To Net: NetName=+3.3V Pin=R3-2
Added Pin To Net: NetName=TDO Pin=R3-2
Added Pin To Net: NetName=NetLED1_1 Pin=R4-1
Added Pin To Net: NetName=VDD3.3 Pin=R4-1
Added Pin To Net: NetName=+3.3V Pin=R4-2
Added Pin To Net: NetName=TMS Pin=R4-2
Added Pin To Net: NetName=GND1 Pin=R11-1
Added Pin To Net: NetName=+3.3V Pin=R11-2
Added Pin To Net: NetName=NetR11_2 Pin=R11-2
Added Pin To Net: NetName=VCC_5V Pin=R12-1
Added Pin To Net: NetName=VDD2.5 Pin=R12-1
Added Pin To Net: NetName=IN1 Pin=R12-2
Added Pin To Net: NetName=NetC21_2 Pin=R12-2
Added Pin To Net: NetName=GND1 Pin=R15-1
Added Pin To Net: NetName=IN2 Pin=R15-2
Added Pin To Net: NetName=NCE Pin=R15-2
Added Pin To Net: NetName=INPUT2 Pin=R16-1
Added Pin To Net: NetName=NetF1_2 Pin=R16-1
Added Pin To Net: NetName=NetD1_1 Pin=R16-2
Added Pin To Net: NetName=VCC_5V Pin=R17-1
Added Pin To Net: NetName=VDD3.3 Pin=R17-1
Added Pin To Net: NetName=NetC11_2 Pin=R17-2
Added Pin To Net: NetName=INPUT3 Pin=R18-1
Added Pin To Net: NetName=VDD3.3 Pin=R18-1
Added Pin To Net: NetName=NCONFIG Pin=R18-2
Added Pin To Net: NetName=VCC_5V Pin=R20-1
Added Pin To Net: NetName=VDD3.3 Pin=R20-1
Added Pin To Net: NetName=IN4 Pin=R20-2
Added Pin To Net: NetName=NetCONFIG_LED1_1 Pin=R20-2
Added Pin To Net: NetName=INPUT4 Pin=R21-1
Added Pin To Net: NetName=NetR21_1 Pin=R21-1
Added Pin To Net: NetName=GND2 Pin=R21-2
Added Pin To Net: NetName=NetR21_1 Pin=R22-1
Added Pin To Net: NetName=IN5 Pin=R22-2
Added Pin To Net: NetName=OUT+ Pin=R22-2
Added Pin To Net: NetName=INPUT5 Pin=R23-1
Added Pin To Net: NetName=OUT+ Pin=R23-1
Added Pin To Net: NetName=NetD3_1 Pin=R23-2
Added Pin To Net: NetName=GND2 Pin=TVS1-1
Added Pin To Net: NetName=VCC12 Pin=TVS1-2
Added Pin To Net: NetName=GPIO38 Pin=U1-1
Added Pin To Net: NetName=GPIO37 Pin=U1-2
Added Pin To Net: NetName=GPIO36 Pin=U1-3
Added Pin To Net: NetName=GND1 Pin=U1-4
Added Pin To Net: NetName=VDD1.2 Pin=U1-5
Added Pin To Net: NetName=+3.3V Pin=U1-6
Added Pin To Net: NetName=ASDO Pin=U1-6
Added Pin To Net: NetName=NCSO Pin=U1-8
Added Pin To Net: NetName=NetR19_2 Pin=U1-9
Added Pin To Net: NetName=DCLK Pin=U1-12
Added Pin To Net: NetName=DATA0 Pin=U1-13
Added Pin To Net: NetName=NCONFIG Pin=U1-14
Added Pin To Net: NetName=TDI Pin=U1-15
Added Pin To Net: NetName=TCK Pin=U1-16
Added Pin To Net: NetName=VDD3.3 Pin=U1-17
Added Pin To Net: NetName=TMS Pin=U1-18
Added Pin To Net: NetName=+3.3V Pin=U1-19
Added Pin To Net: NetName=GND1 Pin=U1-19
Added Pin To Net: NetName=GND1 Pin=U1-20
Added Pin To Net: NetName=TDO Pin=U1-20
Added Pin To Net: NetName=NCE Pin=U1-21
Added Pin To Net: NetName=GND1 Pin=U1-22
Added Pin To Net: NetName=INPUT7 Pin=U1-23
Added Pin To Net: NetName=M_clk Pin=U1-23
Added Pin To Net: NetName=A1 Pin=U1-24
Added Pin To Net: NetName=INPUT10 Pin=U1-26
Added Pin To Net: NetName=VDD3.3 Pin=U1-26
Added Pin To Net: NetName=GND1 Pin=U1-27
Added Pin To Net: NetName=VDD1.2 Pin=U1-29
Added Pin To Net: NetName=INPUT5 Pin=U1-31
Added Pin To Net: NetName=TXD1 Pin=U1-31
Added Pin To Net: NetName=A4 Pin=U1-32
Added Pin To Net: NetName=LED2 Pin=U1-33
Added Pin To Net: NetName=LED3 Pin=U1-34
Added Pin To Net: NetName=NetC18_1 Pin=U1-35
Added Pin To Net: NetName=GND1 Pin=U1-36
Added Pin To Net: NetName=VDD1.2 Pin=U1-37
Added Pin To Net: NetName=GPIO35 Pin=U1-38
Added Pin To Net: NetName=GPIO34 Pin=U1-39
Added Pin To Net: NetName=VDD3.3 Pin=U1-40
Added Pin To Net: NetName=GND1 Pin=U1-41
Added Pin To Net: NetName=TXD2 Pin=U1-42
Added Pin To Net: NetName=GPIO32 Pin=U1-43
Added Pin To Net: NetName=INPUT_CeTui3 Pin=U1-44
Added Pin To Net: NetName=RXD2 Pin=U1-44
Added Pin To Net: NetName=INPUT_CeTui4 Pin=U1-45
Added Pin To Net: NetName=VDD1.2 Pin=U1-45
Added Pin To Net: NetName=GPIO30 Pin=U1-46
Added Pin To Net: NetName=VDD3.3 Pin=U1-47
Added Pin To Net: NetName=GND1 Pin=U1-48
Added Pin To Net: NetName=GPIO29 Pin=U1-49
Added Pin To Net: NetName=+3.3V Pin=U1-50
Added Pin To Net: NetName=GPIO28 Pin=U1-50
Added Pin To Net: NetName=GPIO27 Pin=U1-51
Added Pin To Net: NetName=GPIO26 Pin=U1-52
Added Pin To Net: NetName=GPIO24 Pin=U1-53
Added Pin To Net: NetName=GPIO25 Pin=U1-54
Added Pin To Net: NetName=GPIO22 Pin=U1-55
Added Pin To Net: NetName=RXD Pin=U1-56
Added Pin To Net: NetName=VDD3.3 Pin=U1-56
Added Pin To Net: NetName=GND1 Pin=U1-57
Added Pin To Net: NetName=GPIO23 Pin=U1-58
Added Pin To Net: NetName=GPIO20 Pin=U1-59
Added Pin To Net: NetName=GPIO21 Pin=U1-60
Added Pin To Net: NetName=INPUT_DuoJi1 Pin=U1-61
Added Pin To Net: NetName=VDD1.2 Pin=U1-61
Added Pin To Net: NetName=INPUT_DuoJi2 Pin=U1-62
Added Pin To Net: NetName=VDD3.3 Pin=U1-62
Added Pin To Net: NetName=GND1 Pin=U1-63
Added Pin To Net: NetName=GPIO18 Pin=U1-64
Added Pin To Net: NetName=INPUT8 Pin=U1-65
Added Pin To Net: NetName=GPIO16 Pin=U1-66
Added Pin To Net: NetName=INPUT_ZhuTui Pin=U1-67
Added Pin To Net: NetName=B1 Pin=U1-68
Added Pin To Net: NetName=GPIO14 Pin=U1-68
Added Pin To Net: NetName=GPIO15 Pin=U1-69
Added Pin To Net: NetName=GPIO12 Pin=U1-70
Added Pin To Net: NetName=GPIO13 Pin=U1-71
Added Pin To Net: NetName=GPIO10 Pin=U1-72
Added Pin To Net: NetName=GPIO11 Pin=U1-73
Added Pin To Net: NetName=GND1 Pin=U1-74
Added Pin To Net: NetName=GPIO8 Pin=U1-74
Added Pin To Net: NetName=+3.3V Pin=U1-75
Added Pin To Net: NetName=GPIO9 Pin=U1-75
Added Pin To Net: NetName=GPIO6 Pin=U1-76
Added Pin To Net: NetName=NetC11_1 Pin=U1-77
Added Pin To Net: NetName=VDD1.2 Pin=U1-78
Added Pin To Net: NetName=GND1 Pin=U1-79
Added Pin To Net: NetName=GPIO4 Pin=U1-80
Added Pin To Net: NetName=VDD3.3 Pin=U1-81
Added Pin To Net: NetName=GND1 Pin=U1-82
Added Pin To Net: NetName=GPIO5 Pin=U1-83
Added Pin To Net: NetName=GPIO2 Pin=U1-84
Added Pin To Net: NetName=GPIO3 Pin=U1-85
Added Pin To Net: NetName=INPUT6 Pin=U1-89
Added Pin To Net: NetName=B2 Pin=U1-90
Added Pin To Net: NetName=NetC11_2 Pin=U1-92
Added Pin To Net: NetName=B4 Pin=U1-93
Added Pin To Net: NetName=VDD3.3 Pin=U1-93
Added Pin To Net: NetName=NetR2_1 Pin=U1-94
Added Pin To Net: NetName=NetR10_2 Pin=U1-94
Added Pin To Net: NetName=GND1 Pin=U1-95
Added Pin To Net: NetName=NetR8_2 Pin=U1-96
Added Pin To Net: NetName=NetR11_2 Pin=U1-97
Added Pin To Net: NetName=GPIO71 Pin=U1-98
Added Pin To Net: NetName=GND1 Pin=U1-99
Added Pin To Net: NetName=GPIO70 Pin=U1-99
Added Pin To Net: NetName=+3.3V Pin=U1-100
Added Pin To Net: NetName=GPIO69 Pin=U1-100
Added Pin To Net: NetName=NetC11_1 Pin=U2-3
Added Pin To Net: NetName=GND1 Pin=U3-1
Added Pin To Net: NetName=NCSO Pin=U3-1
Added Pin To Net: NetName=+3.3V Pin=U3-2
Added Pin To Net: NetName=NetR2_2 Pin=U3-2
Added Pin To Net: NetName=+5V Pin=U3-3
Added Pin To Net: NetName=VDD3.3 Pin=U3-3
Added Pin To Net: NetName=+3.3V Pin=U3-4
Added Pin To Net: NetName=GND1 Pin=U3-4
Added Pin To Net: NetName=A2 Pin=U5-1
Added Pin To Net: NetName=NetC23_1 Pin=U5-1
Added Pin To Net: NetName=NetC10_1 Pin=U5-2
Added Pin To Net: NetName=A3 Pin=U5-3
Added Pin To Net: NetName=NetC17_2 Pin=U5-4
Added Pin To Net: NetName=NetC17_1 Pin=U5-5
Added Pin To Net: NetName=GND2 Pin=U5-6
Added Pin To Net: NetName=NetC12_1 Pin=U5-6
Added Pin To Net: NetName=GND1 Pin=U7-1
Added Pin To Net: NetName=NetR16_2 Pin=U7-2
Added Pin To Net: NetName=TXD2 Pin=U7-2
Added Pin To Net: NetName=GND1 Pin=U7-3
Added Pin To Net: NetName=RXD2 Pin=U7-3
Added Pin To Net: NetName=VDD3.3 Pin=U7-4
Added Pin To Net: NetName=CH340_D+ Pin=U7-5
Added Pin To Net: NetName=CH340_D- Pin=U7-6
Added Pin To Net: NetName=NetC25_2 Pin=U7-7
Added Pin To Net: NetName=NetC26_2 Pin=U7-8
Added Pin To Net: NetName=NetC31_1 Pin=U9-1
Added Pin To Net: NetName=GND2 Pin=U9-5
Added Pin To Net: NetName=NetC31_2 Pin=U9-5
Added Pin To Net: NetName=GND2 Pin=U9-6
Added Pin To Net: NetName=GND2 Pin=U9-7
Added Pin To Net: NetName=NetC25_2 Pin=Y1-1
Added Pin To Net: NetName=NetC26_2 Pin=Y1-2
Change Net Name : Old Net Name=A1 New Net Name=RXD1
Change Net Name : Old Net Name=A2 New Net Name=NetC11_2
Change Net Name : Old Net Name=A3 New Net Name=NetC11_1
Change Net Name : Old Net Name=A4 New Net Name=LED1
Change Net Name : Old Net Name=B2 New Net Name=KEY2
Change Net Name : Old Net Name=CONF_DONE New Net Name=A4
Change Net Name : Old Net Name=GPIO7 New Net Name=A2
Change Net Name : Old Net Name=GPIO17 New Net Name=A1
Change Net Name : Old Net Name=GPIO19 New Net Name=INPUT_ZhuTui
Change Net Name : Old Net Name=INPUT6 New Net Name=KEY1
Change Net Name : Old Net Name=INPUT8 New Net Name=GPIO19
Change Net Name : Old Net Name=INPUT_ZhuTui New Net Name=GPIO17
Change Net Name : Old Net Name=KEY1 New Net Name=B2
Change Net Name : Old Net Name=KEY2 New Net Name=A3
Change Net Name : Old Net Name=LED1 New Net Name=INPUT6
Change Net Name : Old Net Name=NetC11_1 New Net Name=GPIO7
Change Net Name : Old Net Name=NetC11_2 New Net Name=CONF_DONE
Change Net Name : Old Net Name=RXD1 New Net Name=INPUT8
