Added Component: Designator= 1(0805R)
Add component (AddParameter): Name = "PackageDescription"; Value = "R0603"; VariantName = "[No Variations]"
Add component (AddParameter): Name = "PackageReference"; Value = "R0603"; VariantName = "[No Variations]"
Add component (AddParameter): Name = "Value"; Value = "1k"; VariantName = "[No Variations]"
Add component (AddParameter): Name = "?"; Value = "SMT"; VariantName = "[No Variations]"
Added Component: Designator=C23(0805C)
Add component (AddParameter): Name = "PackageDescription"; Value = "Chip Capacitor"; VariantName = "[No Variations]"
Add component (AddParameter): Name = "PackageReference"; Value = "C0603"; VariantName = "[No Variations]"
Add component (AddParameter): Name = "Value"; Value = "105"; VariantName = "[No Variations]"
Add component (AddParameter): Name = "?"; Value = "SMT"; VariantName = "[No Variations]"
Added Component: Designator=C24(CAP+)
Add component (AddParameter): Name = "LatestRevisionDate"; Value = "17-Jul-2002"; VariantName = "[No Variations]"
Add component (AddParameter): Name = "LatestRevisionNote"; Value = "Re-released for DXP Platform."; VariantName = "[No Variations]"
Add component (AddParameter): Name = "PackageDescription"; Value = "Polarized Capacitor (Radial); 2 Leads"; VariantName = "[No Variations]"
Add component (AddParameter): Name = "PackageReference"; Value = "RB7.6-15"; VariantName = "[No Variations]"
Add component (AddParameter): Name = "Published"; Value = "8-Jun-2000"; VariantName = "[No Variations]"
Add component (AddParameter): Name = "Publisher"; Value = "Altium Limited"; VariantName = "[No Variations]"
Add component (AddParameter): Name = "Value"; Value = "100uF"; VariantName = "[No Variations]"
Added Component: Designator=C25(0805C)
Add component (AddParameter): Name = "PackageDescription"; Value = "Chip Capacitor"; VariantName = "[No Variations]"
Add component (AddParameter): Name = "PackageReference"; Value = "C0603"; VariantName = "[No Variations]"
Add component (AddParameter): Name = "Value"; Value = "104"; VariantName = "[No Variations]"
Add component (AddParameter): Name = "?"; Value = "SMT"; VariantName = "[No Variations]"
Added Component: Designator=C26(CAP+)
Add component (AddParameter): Name = "LatestRevisionDate"; Value = "17-Jul-2002"; VariantName = "[No Variations]"
Add component (AddParameter): Name = "LatestRevisionNote"; Value = "Re-released for DXP Platform."; VariantName = "[No Variations]"
Add component (AddParameter): Name = "PackageDescription"; Value = "Polarized Capacitor (Radial); 2 Leads"; VariantName = "[No Variations]"
Add component (AddParameter): Name = "PackageReference"; Value = "RB7.6-15"; VariantName = "[No Variations]"
Add component (AddParameter): Name = "Published"; Value = "8-Jun-2000"; VariantName = "[No Variations]"
Add component (AddParameter): Name = "Publisher"; Value = "Altium Limited"; VariantName = "[No Variations]"
Add component (AddParameter): Name = "Value"; Value = "220uF"; VariantName = "[No Variations]"
Added Component: Designator=D1(SS34)
Added Component: Designator=D2(LED_0603_GRN)
Add component (AddParameter): Name = "PackageDescription"; Value = "SM LED; 2 Flat Leads"; VariantName = "[No Variations]"
Add component (AddParameter): Name = "PackageReference"; Value = "0603"; VariantName = "[No Variations]"
Add component (AddParameter): Name = "Value"; Value = "LED_GREEN"; VariantName = "[No Variations]"
Add component (AddParameter): Name = "?"; Value = "SMT"; VariantName = "[No Variations]"
Added Component: Designator=L1(470)
Added Component: Designator=R12(0805R)
Add component (AddParameter): Name = "PackageDescription"; Value = "Chip Resistor"; VariantName = "[No Variations]"
Add component (AddParameter): Name = "PackageReference"; Value = "R0603"; VariantName = "[No Variations]"
Add component (AddParameter): Name = "Value"; Value = "330R"; VariantName = "[No Variations]"
Add component (AddParameter): Name = "?"; Value = "SMT"; VariantName = "[No Variations]"
Added Component: Designator=R15(RESPACK)
Added Component: Designator=U7(LM2596S)
Added Pin To Net: NetName=OUT+ Pin= 1-1
Added Pin To Net: NetName=Net 1_2 Pin= 1-2
Added Pin To Net: NetName=GND2 Pin=C23-1
Added Pin To Net: NetName=OUT+ Pin=C23-2
Added Pin To Net: NetName=VCC_12V Pin=C24-1
Added Pin To Net: NetName=GND2 Pin=C24-2
Added Pin To Net: NetName=GND2 Pin=C25-1
Added Pin To Net: NetName=VCC_12V Pin=C25-2
Added Pin To Net: NetName=OUT+ Pin=C26-1
Added Pin To Net: NetName=GND2 Pin=C26-2
Added Pin To Net: NetName=GND2 Pin=D1-1
Added Pin To Net: NetName=NetD1_2 Pin=D1-2
Added Pin To Net: NetName=Net 1_2 Pin=D2-1
Added Pin To Net: NetName=GND2 Pin=D2-2
Added Pin To Net: NetName=OUT+ Pin=L1-1
Added Pin To Net: NetName=NetD1_2 Pin=L1-2
Added Pin To Net: NetName=NetR12_1 Pin=R12-1
Added Pin To Net: NetName=GND2 Pin=R12-2
Added Pin To Net: NetName=NetR12_1 Pin=R15-1
Added Pin To Net: NetName=OUT+ Pin=R15-2
Added Pin To Net: NetName=OUT+ Pin=R15-3
Added Pin To Net: NetName=GND2 Pin=U7-0
Added Pin To Net: NetName=VCC_12V Pin=U7-1
Added Pin To Net: NetName=NetD1_2 Pin=U7-2
Added Pin To Net: NetName=GND2 Pin=U7-3
Added Pin To Net: NetName=NetR12_1 Pin=U7-4
Added Pin To Net: NetName=GND2 Pin=U7-5
Added Member To Class: ClassName=RD Member=Component  1 1k
Added Member To Class: ClassName=RD Member=Component C23 105
Added Member To Class: ClassName=RD Member=Component C24 107T
Added Member To Class: ClassName=RD Member=Component C25 104
Added Member To Class: ClassName=RD Member=Component C26 227V
Added Member To Class: ClassName=RD Member=Component D1 DIODE
Added Member To Class: ClassName=RD Member=Component D2
Added Member To Class: ClassName=RD Member=Component L1 470
Added Member To Class: ClassName=RD Member=Component R12 330R
Added Member To Class: ClassName=RD Member=Component R15 10K
Added Member To Class: ClassName=RD Member=Component U7 LM2596S
