Removed Pin From Net: NetName=GND1 Pin=C3-1
Removed Pin From Net: NetName=GND1 Pin=C4-1
Removed Pin From Net: NetName=GND1 Pin=C7-1
Removed Pin From Net: NetName=GND1 Pin=C13-2
Removed Pin From Net: NetName=GND1 Pin=C14-2
Removed Pin From Net: NetName=GND2 Pin=C32-2
Removed Pin From Net: NetName=RXA Pin=J1-1
Removed Pin From Net: NetName=TXA Pin=J1-2
Removed Pin From Net: NetName=GND1 Pin=J1-3
Removed Pin From Net: NetName=GND2 Pin=J6-2
Removed Pin From Net: NetName=OUT+ Pin=J7-2
Removed Pin From Net: NetName=GND2 Pin=J7-3
Removed Pin From Net: NetName=GND1 Pin=JTAG1-2
Removed Pin From Net: NetName=GND1 Pin=JTAG1-10
Removed Pin From Net: NetName=GND1 Pin=P5-1
Removed Pin From Net: NetName=GND2 Pin=P5-2
Removed Pin From Net: NetName=GND1 Pin=PWM1-2
Removed Pin From Net: NetName=GND1 Pin=PWM1-4
Removed Pin From Net: NetName=GND1 Pin=PWM1-6
Removed Pin From Net: NetName=GND1 Pin=PWM1-8
Removed Pin From Net: NetName=GND1 Pin=PWM1-10
Removed Pin From Net: NetName=OUT+ Pin=R22-2
Removed Pin From Net: NetName=OUT+ Pin=R23-1
Removed Pin From Net: NetName=GND1 Pin=U1-4
Removed Pin From Net: NetName=GND1 Pin=U1-19
Removed Pin From Net: NetName=GND1 Pin=U1-36
Removed Pin From Net: NetName=GND1 Pin=U1-41
Removed Pin From Net: NetName=GND1 Pin=U1-48
Removed Pin From Net: NetName=GND1 Pin=U1-57
Removed Pin From Net: NetName=GND1 Pin=U1-79
Removed Pin From Net: NetName=GND1 Pin=U1-82
Removed Pin From Net: NetName=GND1 Pin=U1-95
Removed Pin From Net: NetName=GND1 Pin=U2-1
Removed Pin From Net: NetName=GND1 Pin=U3-4
Removed Pin From Net: NetName=GND1 Pin=U4-1
Removed Pin From Net: NetName=GND1 Pin=U6-1
Removed Pin From Net: NetName=GND1 Pin=U7-1
Removed Member From Class: ClassName=RD Member=J9
Removed Member From Class: ClassName=RD Member=U22
Change Component Designator: OldDesignator=C23 NewDesignator=C27
Change Component Designator: OldDesignator=C24 NewDesignator=C28
Change Component Designator: OldDesignator=C25 NewDesignator=C29
Change Component Designator: OldDesignator=C26 NewDesignator=C30
Change Component Designator: OldDesignator=C27 NewDesignator=C31
Change Component Designator: OldDesignator=C28 NewDesignator=C32
Change Component Designator: OldDesignator=C29 NewDesignator=C33
Change Component Designator: OldDesignator=C30 NewDesignator=C34
Change Component Designator: OldDesignator=J5 NewDesignator=J3
Change Component Designator: OldDesignator=J6 NewDesignator=J2
Change Component Designator: OldDesignator=J8 NewDesignator=J4
Change Component Designator: OldDesignator=J9 NewDesignator=J8
Change Component Designator: OldDesignator=J10 NewDesignator=J6
Change Component Designator: OldDesignator=J11 NewDesignator=J7
Change Component Designator: OldDesignator=J17 NewDesignator=J5
Change Component Designator: OldDesignator=R11 NewDesignator=R5
Change Component Designator: OldDesignator=R12 NewDesignator=R6
Change Component Designator: OldDesignator=R13 NewDesignator=R7
Change Component Designator: OldDesignator=R15 NewDesignator=R8
Change Component Designator: OldDesignator=R16 NewDesignator=R9
Change Component Designator: OldDesignator=R17 NewDesignator=R10
Change Component Designator: OldDesignator=R18 NewDesignator=R11
Change Component Designator: OldDesignator=R20 NewDesignator=R13
Change Component Designator: OldDesignator=R21 NewDesignator=R14
Change Component Designator: OldDesignator=R22 NewDesignator=R16
Change Component Designator: OldDesignator=R23 NewDesignator=R17
Change Component Designator: OldDesignator=R29 NewDesignator=R18
Change Component Designator: OldDesignator=R41 NewDesignator=R19
Change Component Designator: OldDesignator=U5 NewDesignator=U10
Change Component Designator: OldDesignator=U6 NewDesignator=U4
Change Component Designator: OldDesignator=U7 NewDesignator=U5
Change Component Designator: OldDesignator=U9 NewDesignator=U6
Change Component Designator: OldDesignator=U10 NewDesignator=U8
Change Component Designator: OldDesignator=U11 NewDesignator=U9
Change Component Designator: OldDesignator=U22 NewDesignator=U11
Added Pin To Net: NetName=+3.3V Pin=C1-1
Added Pin To Net: NetName=+3.3V Pin=C2-1
Added Pin To Net: NetName=+3.3V Pin=C3-1
Added Pin To Net: NetName=GND1 Pin=C3-2
Added Pin To Net: NetName=+3.3V Pin=C4-1
Added Pin To Net: NetName=GND1 Pin=C4-2
Added Pin To Net: NetName=+3.3V Pin=C5-1
Added Pin To Net: NetName=+3.3V Pin=C6-1
Added Pin To Net: NetName=+3.3V Pin=C7-1
Added Pin To Net: NetName=GND1 Pin=C7-2
Added Pin To Net: NetName=NetC8_2 Pin=C8-2
Added Pin To Net: NetName=NetC9_2 Pin=C9-2
Added Pin To Net: NetName=+5V Pin=C10-1
Added Pin To Net: NetName=GND1 Pin=C10-2
Added Pin To Net: NetName=+3.3V Pin=C12-1
Added Pin To Net: NetName=GND1 Pin=C13-1
Added Pin To Net: NetName=+5V Pin=C13-2
Added Pin To Net: NetName=NetC14_1 Pin=C14-1
Added Pin To Net: NetName=+3.3V Pin=C14-2
Added Pin To Net: NetName=OSCIN Pin=C15-2
Added Pin To Net: NetName=OSCOUT Pin=C16-2
Added Pin To Net: NetName=GND1 Pin=C17-1
Added Pin To Net: NetName=GND1 Pin=C18-1
Added Pin To Net: NetName=GND1 Pin=C20-1
Added Pin To Net: NetName=GND1 Pin=C21-2
Added Pin To Net: NetName=+3.3V Pin=C22-1
Added Pin To Net: NetName=NetC23_2 Pin=C28-2
Added Pin To Net: NetName=NetC23_2 Pin=C29-2
Added Pin To Net: NetName=GND2 Pin=C30-2
Added Pin To Net: NetName=GND2 Pin=C32-1
Added Pin To Net: NetName=GND2 Pin=C33-2
Added Pin To Net: NetName=NetF1_1 Pin=F1-1
Added Pin To Net: NetName=NetC23_1 Pin=F1-2
Added Pin To Net: NetName=GND1 Pin=J2-1
Added Pin To Net: NetName=+5V Pin=J2-2
Added Pin To Net: NetName=GND1 Pin=J3-1
Added Pin To Net: NetName=+3.3V Pin=R1-2
Added Pin To Net: NetName=GND1 Pin=R2-2
Added Pin To Net: NetName=RST Pin=R3-1
Added Pin To Net: NetName=+3.3V Pin=R3-2
Added Pin To Net: NetName=NetLED1_1 Pin=R4-1
Added Pin To Net: NetName=+3.3V Pin=R4-2
Added Pin To Net: NetName=+3.3V Pin=R5-2
Added Pin To Net: NetName=VCC_5V Pin=R6-1
Added Pin To Net: NetName=IN1 Pin=R6-2
Added Pin To Net: NetName=IN2 Pin=R8-2
Added Pin To Net: NetName=INPUT2 Pin=R9-1
Added Pin To Net: NetName=A2 Pin=R9-2
Added Pin To Net: NetName=VCC_5V Pin=R10-1
Added Pin To Net: NetName=INPUT3 Pin=R11-1
Added Pin To Net: NetName=VCC_5V Pin=R13-1
Added Pin To Net: NetName=IN4 Pin=R13-2
Added Pin To Net: NetName=INPUT4 Pin=R14-1
Added Pin To Net: NetName=IN5 Pin=R16-2
Added Pin To Net: NetName=INPUT5 Pin=R17-1
Added Pin To Net: NetName=+3.3V Pin=U1-6
Added Pin To Net: NetName=+3.3V Pin=U1-19
Added Pin To Net: NetName=GND1 Pin=U1-20
Added Pin To Net: NetName=INPUT7 Pin=U1-23
Added Pin To Net: NetName=INPUT10 Pin=U1-26
Added Pin To Net: NetName=INPUT5 Pin=U1-31
Added Pin To Net: NetName=INPUT_CeTui3 Pin=U1-44
Added Pin To Net: NetName=INPUT_CeTui4 Pin=U1-45
Added Pin To Net: NetName=+3.3V Pin=U1-50
Added Pin To Net: NetName=RXD Pin=U1-56
Added Pin To Net: NetName=INPUT_DuoJi1 Pin=U1-61
Added Pin To Net: NetName=INPUT_DuoJi2 Pin=U1-62
Added Pin To Net: NetName=GND1 Pin=U1-74
Added Pin To Net: NetName=+3.3V Pin=U1-75
Added Pin To Net: NetName=NetR2_1 Pin=U1-94
Added Pin To Net: NetName=GND1 Pin=U1-99
Added Pin To Net: NetName=+3.3V Pin=U1-100
Added Pin To Net: NetName=GND1 Pin=U3-1
Added Pin To Net: NetName=+3.3V Pin=U3-2
Added Pin To Net: NetName=+5V Pin=U3-3
Added Pin To Net: NetName=+3.3V Pin=U3-4
Added Pin To Net: NetName=A2 Pin=U5-2
Added Pin To Net: NetName=GND1 Pin=U5-3
Added Pin To Net: NetName=GND2 Pin=U6-5
Added Pin To Net: NetName=GND2 Pin=U10-6
Change Net Name : Old Net Name=A1 New Net Name=NetR12_1
Change Net Name : Old Net Name=A2 New Net Name=NetR9_2
Change Net Name : Old Net Name=A3 New Net Name=NetD1_2
Change Net Name : Old Net Name=A4 New Net Name=Net 1_2
Change Net Name : Old Net Name=GPIO19 New Net Name=INPUT_ZhuTui
Change Net Name : Old Net Name=LED1 New Net Name=INPUT6
Change Net Name : Old Net Name=NetC23_1 New Net Name=NetC27_1
Change Net Name : Old Net Name=NetC23_2 New Net Name=NetC27_2
Change Net Name : Old Net Name=NetR13_2 New Net Name=NetR7_2
Change Net Name : Old Net Name=NetR18_2 New Net Name=NetR11_2
Change Net Name : Old Net Name=NetR21_2 New Net Name=NetR14_2
Change Net Name : Old Net Name=NetR23_2 New Net Name=NetR17_2
Change Net Name : Old Net Name=RXD1 New Net Name=INPUT8
Added Member To Class: ClassName=RD Member=Component C31 0.1uF
Added Member To Class: ClassName=RD Member=Component C32 0.1uF
Added Member To Class: ClassName=RD Member=Component C33 Cap Pol1
Added Member To Class: ClassName=RD Member=Component C34 Cap Pol1
Added Member To Class: ClassName=RD Member=Component J4 CON3
Added Member To Class: ClassName=RD Member=Component U4 6n137
Added Member To Class: ClassName=RD Member=Component U10 URF4824QB-200W
Added Room: Name=RD
