Removed Pin From Net: NetName=GND1 Pin=C21-1
Removed Pin From Net: NetName=+5V Pin=C21-2
Change Component Designator: OldDesignator=C1 NewDesignator=C8
Change Component Designator: OldDesignator=C2 NewDesignator=C9
Change Component Designator: OldDesignator=C3 NewDesignator=C1
Change Component Designator: OldDesignator=C4 NewDesignator=C2
Change Component Designator: OldDesignator=C5 NewDesignator=C3
Change Component Designator: OldDesignator=C6 NewDesignator=C4
Change Component Designator: OldDesignator=C7 NewDesignator=C5
Change Component Designator: OldDesignator=C8 NewDesignator=C6
Change Component Designator: OldDesignator=C9 NewDesignator=C7
Change Component Designator: OldDesignator=C10 NewDesignator=C15
Change Component Designator: OldDesignator=C11 NewDesignator=C16
Change Component Designator: OldDesignator=C12 NewDesignator=C17
Change Component Designator: OldDesignator=C13 NewDesignator=C18
Change Component Designator: OldDesignator=C14 NewDesignator=C21
Change Component Designator: OldDesignator=C20 NewDesignator=C10
Change Component Designator: OldDesignator=C21 NewDesignator=C23
Change Component Designator: OldDesignator=C22 NewDesignator=C24
Change Component Designator: OldDesignator=C23 NewDesignator=C25
Change Component Designator: OldDesignator=C24 NewDesignator=C26
Change Component Designator: OldDesignator=C25 NewDesignator=C27
Change Component Designator: OldDesignator=C26 NewDesignator=C29
Change Component Designator: OldDesignator=C27 NewDesignator=C28
Change Component Designator: OldDesignator=C28 NewDesignator=C30
Change Component Designator: OldDesignator=C29 NewDesignator=C31
Change Component Designator: OldDesignator=C30 NewDesignator=C32
Change Component Designator: OldDesignator=J1 NewDesignator=J6
Change Component Designator: OldDesignator=J2 NewDesignator=J1
Change Component Designator: OldDesignator=J3 NewDesignator=J8
Change Component Designator: OldDesignator=J4 NewDesignator=J2
Change Component Designator: OldDesignator=J4 NewDesignator=J3
Change Component Designator: OldDesignator=J5 NewDesignator=J4
Change Component Designator: OldDesignator=J6 NewDesignator=J5
Change Component Designator: OldDesignator=J7 NewDesignator=J9
Change Component Designator: OldDesignator=J8 NewDesignator=J7
Change Component Designator: OldDesignator=J13 NewDesignator=J11
Change Component Designator: OldDesignator=J14 NewDesignator=J12
Change Component Designator: OldDesignator=J15 NewDesignator=J13
Change Component Designator: OldDesignator=J16 NewDesignator=J14
Change Component Designator: OldDesignator=J17 NewDesignator=J15
Change Component Designator: OldDesignator=J18 NewDesignator=J10
Change Component Designator: OldDesignator=R0 NewDesignator=R2
Change Component Designator: OldDesignator=R2 NewDesignator=R3
Change Component Designator: OldDesignator=R3 NewDesignator=R4
Change Component Designator: OldDesignator=R4 NewDesignator=R6
Change Component Designator: OldDesignator=R5 NewDesignator=R7
Change Component Designator: OldDesignator=R6 NewDesignator=R8
Change Component Designator: OldDesignator=R7 NewDesignator=R9
Change Component Designator: OldDesignator=R8 NewDesignator=R10
Change Component Designator: OldDesignator=R9 NewDesignator=R11
Change Component Designator: OldDesignator=R10 NewDesignator=R5
Change Component Designator: OldDesignator=R11 NewDesignator=R14
Change Component Designator: OldDesignator=R12 NewDesignator=R20
Change Component Designator: OldDesignator=R13 NewDesignator=R28
Change Component Designator: OldDesignator=R14 NewDesignator=R34
Change Component Designator: OldDesignator=R15 NewDesignator=R39
Change Component Designator: OldDesignator=R16 NewDesignator=R17
Change Component Designator: OldDesignator=R17 NewDesignator=R21
Change Component Designator: OldDesignator=R18 NewDesignator=R12
Change Component Designator: OldDesignator=R19 NewDesignator=R13
Change Component Designator: OldDesignator=R20 NewDesignator=R15
Change Component Designator: OldDesignator=R21 NewDesignator=R16
Change Component Designator: OldDesignator=R22 NewDesignator=R18
Change Component Designator: OldDesignator=R23 NewDesignator=R19
Change Component Designator: OldDesignator=R24 NewDesignator=R22
Change Component Designator: OldDesignator=R25 NewDesignator=R23
Change Component Designator: OldDesignator=R26 NewDesignator=R25
Change Component Designator: OldDesignator=R27 NewDesignator=R26
Change Component Designator: OldDesignator=R28 NewDesignator=R27
Change Component Designator: OldDesignator=R34 NewDesignator=R35
Change Component Designator: OldDesignator=R35 NewDesignator=R36
Change Component Designator: OldDesignator=R36 NewDesignator=R37
Change Component Designator: OldDesignator=R37 NewDesignator=R38
Change Component Designator: OldDesignator=R38 NewDesignator=R24
Change Component Designator: OldDesignator=TVS NewDesignator=TVS1
Change Component Designator: OldDesignator=U3 NewDesignator=U4
Change Component Designator: OldDesignator=U4 NewDesignator=U9
Change Component Designator: OldDesignator=U5 NewDesignator=U14
Change Component Designator: OldDesignator=U6 NewDesignator=U17
Change Component Designator: OldDesignator=U7 NewDesignator=U20
Change Component Designator: OldDesignator=U8 NewDesignator=U5
Change Component Designator: OldDesignator=U9 NewDesignator=U8
Change Component Designator: OldDesignator=U10 NewDesignator=U12
Change Component Designator: OldDesignator=U11 NewDesignator=U3
Change Component Designator: OldDesignator=U12 NewDesignator=U6
Change Component Designator: OldDesignator=U13 NewDesignator=U7
Change Component Designator: OldDesignator=U14 NewDesignator=U10
Change Component Designator: OldDesignator=U15 NewDesignator=U11
Change Component Designator: OldDesignator=U16 NewDesignator=U13
Change Component Designator: OldDesignator=U17 NewDesignator=U15
Change Component Designator: OldDesignator=U18 NewDesignator=U16
Change Component Designator: OldDesignator=U19 NewDesignator=U18
Change Component Designator: OldDesignator=U20 NewDesignator=U19
Added Pin To Net: NetName=NetC21_1 Pin=C23-1
Added Pin To Net: NetName=NetC21_2 Pin=C23-2
Change Net Name : Old Net Name=NetC1_2 New Net Name=NetC8_2
Change Net Name : Old Net Name=NetC2_2 New Net Name=NetC9_2
Change Net Name : Old Net Name=NetC21_1 New Net Name=NetC23_1
Change Net Name : Old Net Name=NetC21_2 New Net Name=NetC23_2
Change Net Name : Old Net Name=NetR0_1 New Net Name=NetR2_1
Change Net Name : Old Net Name=NetR19_2 New Net Name=NetR13_2
Change Net Name : Old Net Name=NetR21_2 New Net Name=NetR16_2
Change Net Name : Old Net Name=NetR23_2 New Net Name=NetR19_2
Change Net Name : Old Net Name=NetR25_2 New Net Name=NetR23_2
Change Net Name : Old Net Name=NetR27_2 New Net Name=NetR26_2
Change Net Name : Old Net Name=NetR35_2 New Net Name=NetR36_2
Change Net Name : Old Net Name=NetR37_2 New Net Name=NetR38_2
Added Pin To Net: NetName=NetC11_1 Pin=U2-3
Added Net: Name=NetC11_1
Added Pin To Net: NetName=NetC11_2 Pin=U2-1
Added Net: Name=NetC11_2
Added Pin To Net: NetName=NetC14_1 Pin=U2-2
Added Net: Name=NetC14_1
Added Pin To Net: NetName=NetC19_1 Pin=U2-5
Added Net: Name=NetC19_1
Added Pin To Net: NetName=NetC19_2 Pin=U2-4
Added Net: Name=NetC19_2
Added Pin To Net: NetName=NetC20_2 Pin=U2-6
Added Net: Name=NetC20_2
Added Member To Class: ClassName=AC Member=Component C9 Cap
Added Member To Class: ClassName=AC Member=Component C10 Cap Pol1
Added Member To Class: ClassName=AC Member=Component C15 22pF
Added Member To Class: ClassName=AC Member=Component C16 22pF
Added Member To Class: ClassName=AC Member=Component C17 22pF
Added Member To Class: ClassName=AC Member=Component C18 22pF
Added Member To Class: ClassName=AC Member=Component C31 Cap Pol1
Added Member To Class: ClassName=AC Member=Component C32 Cap Pol1
Added Member To Class: ClassName=AC Member=Component J1 CON3
Added Member To Class: ClassName=AC Member=Component J3 CON4
Added Member To Class: ClassName=AC Member=Component J4 CON4
Added Member To Class: ClassName=AC Member=Component J6 CON4
Added Member To Class: ClassName=AC Member=Component J8 CON3
Added Member To Class: ClassName=AC Member=Component J9 CON2
Added Member To Class: ClassName=AC Member=Component K1 KEY4
Added Member To Class: ClassName=AC Member=Component LED1 LED
Added Member To Class: ClassName=AC Member=Component R1 Res2
Added Member To Class: ClassName=AC Member=Component R3 1.5K
Added Member To Class: ClassName=AC Member=Component R4 10K
Added Member To Class: ClassName=AC Member=Component R5 Res2
Added Member To Class: ClassName=AC Member=Component R6 Res2
Added Member To Class: ClassName=AC Member=Component R7 Res2
Added Member To Class: ClassName=AC Member=Component R8 Res2
Added Member To Class: ClassName=AC Member=Component R9 Res2
Added Member To Class: ClassName=AC Member=Component R10 Res2
Added Member To Class: ClassName=AC Member=Component R11 Res2
Added Member To Class: ClassName=AC Member=Component R13 Res2
Added Member To Class: ClassName=AC Member=Component R14 Res2
Added Member To Class: ClassName=AC Member=Component R15 Res2
Added Member To Class: ClassName=AC Member=Component R16 Res2
Added Member To Class: ClassName=AC Member=Component R18 Res2
Added Member To Class: ClassName=AC Member=Component R19 Res2
Added Member To Class: ClassName=AC Member=Component R20 Res2
Added Member To Class: ClassName=AC Member=Component R21 Res2
Added Member To Class: ClassName=AC Member=Component R22 Res2
Added Member To Class: ClassName=AC Member=Component R23 Res2
Added Member To Class: ClassName=AC Member=Component R24 Res2
Added Member To Class: ClassName=AC Member=Component R25 Res2
Added Member To Class: ClassName=AC Member=Component R26 Res2
Added Member To Class: ClassName=AC Member=Component R27 Res2
Added Member To Class: ClassName=AC Member=Component R28 Res2
Added Member To Class: ClassName=AC Member=Component R29 Res2
Added Member To Class: ClassName=AC Member=Component R30 Res2
Added Member To Class: ClassName=AC Member=Component R31 Res2
Added Member To Class: ClassName=AC Member=Component R32 Res2
Added Member To Class: ClassName=AC Member=Component R33 Res2
Added Member To Class: ClassName=AC Member=Component R34 Res2
Added Member To Class: ClassName=AC Member=Component R35 Res2
Added Member To Class: ClassName=AC Member=Component R36 Res2
Added Member To Class: ClassName=AC Member=Component R37 Res2
Added Member To Class: ClassName=AC Member=Component R38 Res2
Added Member To Class: ClassName=AC Member=Component R39 Res2
Added Member To Class: ClassName=AC Member=Component U2 MAX3232
Added Member To Class: ClassName=AC Member=Component U11 6n137
Added Member To Class: ClassName=AC Member=Component U12 7805
Added Member To Class: ClassName=AC Member=Component U13 6n137
Added Member To Class: ClassName=AC Member=Component U14 L298P
Added Member To Class: ClassName=AC Member=Component U15 6n137
Added Member To Class: ClassName=AC Member=Component U16 6n137
Added Member To Class: ClassName=AC Member=Component U17 L298P
Added Member To Class: ClassName=AC Member=Component U18 6n137
Added Member To Class: ClassName=AC Member=Component U19 6n137
Added Member To Class: ClassName=AC Member=Component U20 L298P
Added Member To Class: ClassName=AC Member=Component Y1 XTAL8
Added Member To Class: ClassName=AC Member=Component Y2 XTAL32-100
