Added Component: Designator=C23(钽电容大)
Add component (AddParameter): Name = "LatestRevisionDate"; Value = "17-Jul-2002"; VariantName = "[No Variations]"
Add component (AddParameter): Name = "LatestRevisionNote"; Value = "Re-released for DXP Platform."; VariantName = "[No Variations]"
Add component (AddParameter): Name = "PackageDescription"; Value = "Polarized Capacitor (Radial); 2 Leads"; VariantName = "[No Variations]"
Add component (AddParameter): Name = "PackageReference"; Value = "RB7.6-15"; VariantName = "[No Variations]"
Add component (AddParameter): Name = "Published"; Value = "8-Jun-2000"; VariantName = "[No Variations]"
Add component (AddParameter): Name = "Publisher"; Value = "Altium Limited"; VariantName = "[No Variations]"
Add component (AddParameter): Name = "Value"; Value = "22uF"; VariantName = "[No Variations]"
Added Component: Designator=C24(钽电容大)
Add component (AddParameter): Name = "LatestRevisionDate"; Value = "17-Jul-2002"; VariantName = "[No Variations]"
Add component (AddParameter): Name = "LatestRevisionNote"; Value = "Re-released for DXP Platform."; VariantName = "[No Variations]"
Add component (AddParameter): Name = "PackageDescription"; Value = "Polarized Capacitor (Radial); 2 Leads"; VariantName = "[No Variations]"
Add component (AddParameter): Name = "PackageReference"; Value = "RB7.6-15"; VariantName = "[No Variations]"
Add component (AddParameter): Name = "Published"; Value = "8-Jun-2000"; VariantName = "[No Variations]"
Add component (AddParameter): Name = "Publisher"; Value = "Altium Limited"; VariantName = "[No Variations]"
Add component (AddParameter): Name = "Value"; Value = "100uF"; VariantName = "[No Variations]"
Added Component: Designator=C25(钽电容大)
Add component (AddParameter): Name = "LatestRevisionDate"; Value = "17-Jul-2002"; VariantName = "[No Variations]"
Add component (AddParameter): Name = "LatestRevisionNote"; Value = "Re-released for DXP Platform."; VariantName = "[No Variations]"
Add component (AddParameter): Name = "PackageDescription"; Value = "Polarized Capacitor (Radial); 2 Leads"; VariantName = "[No Variations]"
Add component (AddParameter): Name = "PackageReference"; Value = "RB7.6-15"; VariantName = "[No Variations]"
Add component (AddParameter): Name = "Published"; Value = "8-Jun-2000"; VariantName = "[No Variations]"
Add component (AddParameter): Name = "Publisher"; Value = "Altium Limited"; VariantName = "[No Variations]"
Add component (AddParameter): Name = "Value"; Value = "100uF"; VariantName = "[No Variations]"
Added Component: Designator=C26(钽电容大)
Add component (AddParameter): Name = "LatestRevisionDate"; Value = "17-Jul-2002"; VariantName = "[No Variations]"
Add component (AddParameter): Name = "LatestRevisionNote"; Value = "Re-released for DXP Platform."; VariantName = "[No Variations]"
Add component (AddParameter): Name = "PackageDescription"; Value = "Polarized Capacitor (Radial); 2 Leads"; VariantName = "[No Variations]"
Add component (AddParameter): Name = "PackageReference"; Value = "RB7.6-15"; VariantName = "[No Variations]"
Add component (AddParameter): Name = "Published"; Value = "8-Jun-2000"; VariantName = "[No Variations]"
Add component (AddParameter): Name = "Publisher"; Value = "Altium Limited"; VariantName = "[No Variations]"
Add component (AddParameter): Name = "Value"; Value = "100uF"; VariantName = "[No Variations]"
Added Component: Designator=F1(0805)
Added Pin To Net: NetName=NetC23_1 Pin=C23-1
Added Pin To Net: NetName=NetC23_2 Pin=C23-2
Added Pin To Net: NetName=NetC23_1 Pin=C24-1
Added Pin To Net: NetName=NetC23_2 Pin=C24-2
Added Pin To Net: NetName=NetC23_1 Pin=C25-1
Added Pin To Net: NetName=NetC23_2 Pin=C25-2
Added Pin To Net: NetName=VCC_24V Pin=C26-1
Added Pin To Net: NetName=GND2 Pin=C26-2
Added Pin To Net: NetName=NetF1_1 Pin=F1-1
Added Pin To Net: NetName=NetC23_1 Pin=F1-2
Added Member To Class: ClassName=AC Member=Component C23 Cap Pol1
Added Member To Class: ClassName=AC Member=Component C24 Cap Pol1
Added Member To Class: ClassName=AC Member=Component C25 Cap Pol1
Added Member To Class: ClassName=AC Member=Component C26 Cap Pol1
Added Member To Class: ClassName=AC Member=Component D18 Diode 1N4149
Added Member To Class: ClassName=AC Member=Component D20 Diode 1N4149
Added Member To Class: ClassName=AC Member=Component F1 THERMAL FUSE
Added Member To Class: ClassName=AC Member=Component J5 CON4
Added Member To Class: ClassName=AC Member=Component J7 CON3
Added Member To Class: ClassName=AC Member=Component J11 CON2
Added Member To Class: ClassName=AC Member=Component R5 10K
Added Member To Class: ClassName=AC Member=Component R8 10K
Added Member To Class: ClassName=AC Member=Component R10 10K
Added Member To Class: ClassName=AC Member=Component R11 10K
Added Member To Class: ClassName=AC Member=Component R17 332
Added Member To Class: ClassName=AC Member=Component R19 10K
Added Member To Class: ClassName=AC Member=Component R29 Res2
Added Member To Class: ClassName=AC Member=Component R33 Res2
Added Member To Class: ClassName=AC Member=Component R35 201
Added Member To Class: ClassName=AC Member=Component TVS1 TVS
Added Member To Class: ClassName=AC Member=Component U5 URF4824QB-200W
Added Member To Class: ClassName=AC Member=Component U9 6n137
Added Member To Class: ClassName=AC Member=Component U13 6n137
Added Member To Class: ClassName=AC Member=Component U16 6n137
Added Member To Class: ClassName=AC Member=Component U19 1N4148WS(T4)
