Added Pin To Net: NetName=GND1 Pin=C1-2
Added Pin To Net: NetName=GND1 Pin=C2-2
Added Pin To Net: NetName=GND1 Pin=C3-2
Added Pin To Net: NetName=GND1 Pin=C4-2
Added Pin To Net: NetName=GND1 Pin=C5-2
Added Pin To Net: NetName=GND1 Pin=C6-2
Added Pin To Net: NetName=GND1 Pin=C7-2
Added Pin To Net: NetName=GND1 Pin=C8-1
Added Pin To Net: NetName=GND1 Pin=C9-1
Added Pin To Net: NetName=GND1 Pin=C10-2
Added Pin To Net: NetName=GND1 Pin=C12-2
Added Pin To Net: NetName=GND1 Pin=C13-1
Added Pin To Net: NetName=GND1 Pin=C15-1
Added Pin To Net: NetName=GND1 Pin=C16-1
Added Pin To Net: NetName=GND1 Pin=C17-1
Added Pin To Net: NetName=GND1 Pin=C18-1
Added Pin To Net: NetName=GND1 Pin=C20-1
Added Pin To Net: NetName=GND1 Pin=C21-2
Added Pin To Net: NetName=GND1 Pin=C22-2
Added Pin To Net: NetName=GND1 Pin=J1-1
Added Pin To Net: NetName=GND1 Pin=J2-4
Added Pin To Net: NetName=GND1 Pin=J3-4
Added Pin To Net: NetName=GND1 Pin=J4-4
Added Pin To Net: NetName=GND1 Pin=J5-1
Added Pin To Net: NetName=GND1 Pin=J6-3
Added Pin To Net: NetName=GND1 Pin=J7-1
Added Pin To Net: NetName=GND1 Pin=J8-1
Added Pin To Net: NetName=GND1 Pin=K1-2
Added Pin To Net: NetName=GND1 Pin=LED1-1
Added Pin To Net: NetName=GND1 Pin=R2-2
Added Pin To Net: NetName=GND1 Pin=U1-10
Added Pin To Net: NetName=GND1 Pin=U1-20
Added Pin To Net: NetName=GND1 Pin=U1-27
Added Pin To Net: NetName=GND1 Pin=U1-74
Added Pin To Net: NetName=GND1 Pin=U1-99
Added Pin To Net: NetName=GND1 Pin=U2-15
Added Pin To Net: NetName=GND1 Pin=U3-1
Added Pin To Net: NetName=GND1 Pin=U6-3
Added Pin To Net: NetName=GND1 Pin=U7-3
Added Pin To Net: NetName=GND1 Pin=U9-3
Added Pin To Net: NetName=GND1 Pin=U10-3
Added Pin To Net: NetName=GND1 Pin=U11-3
Added Pin To Net: NetName=GND1 Pin=U13-3
Added Pin To Net: NetName=GND1 Pin=U14-3
Added Pin To Net: NetName=GND1 Pin=U16-3
Added Pin To Net: NetName=GND1 Pin=U18-3
Added Pin To Net: NetName=GND1 Pin=U21-3
Added Net: Name=GND1
Added Pin To Net: NetName=GND2 Pin=C26-2
Added Pin To Net: NetName=GND2 Pin=C27-2
Added Pin To Net: NetName=GND2 Pin=C28-1
Added Pin To Net: NetName=GND2 Pin=C29-2
Added Pin To Net: NetName=GND2 Pin=D3-1
Added Pin To Net: NetName=GND2 Pin=D4-1
Added Pin To Net: NetName=GND2 Pin=D7-1
Added Pin To Net: NetName=GND2 Pin=D8-1
Added Pin To Net: NetName=GND2 Pin=D11-1
Added Pin To Net: NetName=GND2 Pin=D12-1
Added Pin To Net: NetName=GND2 Pin=D15-1
Added Pin To Net: NetName=GND2 Pin=D16-1
Added Pin To Net: NetName=GND2 Pin=D20-1
Added Pin To Net: NetName=GND2 Pin=D21-1
Added Pin To Net: NetName=GND2 Pin=R29-2
Added Pin To Net: NetName=GND2 Pin=R33-2
Added Pin To Net: NetName=GND2 Pin=TVS1-1
Added Pin To Net: NetName=GND2 Pin=U4-1
Added Pin To Net: NetName=GND2 Pin=U4-2
Added Pin To Net: NetName=GND2 Pin=U4-10
Added Pin To Net: NetName=GND2 Pin=U4-11
Added Pin To Net: NetName=GND2 Pin=U4-19
Added Pin To Net: NetName=GND2 Pin=U4-20
Added Pin To Net: NetName=GND2 Pin=U5-6
Added Pin To Net: NetName=GND2 Pin=U5-7
Added Pin To Net: NetName=GND2 Pin=U6-5
Added Pin To Net: NetName=GND2 Pin=U7-5
Added Pin To Net: NetName=GND2 Pin=U8-1
Added Pin To Net: NetName=GND2 Pin=U8-2
Added Pin To Net: NetName=GND2 Pin=U8-10
Added Pin To Net: NetName=GND2 Pin=U8-11
Added Pin To Net: NetName=GND2 Pin=U8-19
Added Pin To Net: NetName=GND2 Pin=U8-20
Added Pin To Net: NetName=GND2 Pin=U9-5
Added Pin To Net: NetName=GND2 Pin=U10-5
Added Pin To Net: NetName=GND2 Pin=U11-5
Added Pin To Net: NetName=GND2 Pin=U12-1
Added Pin To Net: NetName=GND2 Pin=U12-2
Added Pin To Net: NetName=GND2 Pin=U12-10
Added Pin To Net: NetName=GND2 Pin=U12-11
Added Pin To Net: NetName=GND2 Pin=U12-19
Added Pin To Net: NetName=GND2 Pin=U12-20
Added Pin To Net: NetName=GND2 Pin=U13-5
Added Pin To Net: NetName=GND2 Pin=U14-5
Added Pin To Net: NetName=GND2 Pin=U15-1
Added Pin To Net: NetName=GND2 Pin=U15-2
Added Pin To Net: NetName=GND2 Pin=U15-10
Added Pin To Net: NetName=GND2 Pin=U15-11
Added Pin To Net: NetName=GND2 Pin=U15-19
Added Pin To Net: NetName=GND2 Pin=U15-20
Added Pin To Net: NetName=GND2 Pin=U16-5
Added Pin To Net: NetName=GND2 Pin=U17-5
Added Pin To Net: NetName=GND2 Pin=U17-6
Added Pin To Net: NetName=GND2 Pin=U17-7
Added Pin To Net: NetName=GND2 Pin=U17-8
Added Pin To Net: NetName=GND2 Pin=U18-5
Added Pin To Net: NetName=GND2 Pin=U19-2
Added Pin To Net: NetName=GND2 Pin=U20-1
Added Pin To Net: NetName=GND2 Pin=U20-2
Added Pin To Net: NetName=GND2 Pin=U20-10
Added Pin To Net: NetName=GND2 Pin=U20-11
Added Pin To Net: NetName=GND2 Pin=U20-19
Added Pin To Net: NetName=GND2 Pin=U20-20
Added Pin To Net: NetName=GND2 Pin=U21-5
Added Net: Name=GND2
