Removed Pin From Net: NetName=GND2 Pin=J4-1
Removed Pin From Net: NetName=IN3 Pin=J4-2
Removed Pin From Net: NetName=GND2 Pin=J4-3
Removed Pin From Net: NetName=VCC_12V Pin=J4-4
Removed Pin From Net: NetName=GND2 Pin=J5-1
Removed Pin From Net: NetName=IN1 Pin=J5-2
Removed Pin From Net: NetName=OUT+ Pin=J5-3
Removed Pin From Net: NetName=GND2 Pin=J6-1
Removed Pin From Net: NetName=IN2 Pin=J6-2
Removed Pin From Net: NetName=OUT+ Pin=J6-3
Removed Pin From Net: NetName=GND2 Pin=J7-1
Removed Pin From Net: NetName=IN4 Pin=J7-2
Removed Pin From Net: NetName=VCC_24V Pin=J7-3
Removed Pin From Net: NetName=GND2 Pin=J16-1
Removed Pin From Net: NetName=VCC_24V Pin=J16-3
Removed Member From Class: ClassName=RD Member=J4
Change Component Footprint: Designator=C23 Old Footprint=0805 New Footprint=0805C
Change Component Footprint: Designator=C25 Old Footprint=0805 New Footprint=0805C
Change Component Footprint: Designator=R12 Old Footprint=0805 New Footprint=0805R
Change Component Footprint: Designator=R20 Old Footprint=0805 New Footprint=0805R
Change Component Footprint: Designator=LED4 Old Footprint=0805 New Footprint=LED_0603_GRN
Change Component Footprint: Designator=J5 Old Footprint=CONN-TH_3P-P3.81_DB2EVC-3.81-3P New Footprint=CONN-TH_2P-P3.81_DB2EVC-3.81-2P-BK
Change Component Comment : Designator=J5 Old Comment=CON3 New Comment=CON2
Change Component Designator: OldDesignator=LED4 NewDesignator=D2
Change component parameters: Designator = "J5" ("J5"); Footprint = "CONN-TH_3P-P3.81_DB2EVC-3.81-3P"; UniqueID = "\SDGVFFGT" ("\SDGVFFGT")
Change component parameters: Designator = "J7" ("J7"); Footprint = "CONN-TH_3P-P3.81_DB2EVC-3.81-3P"; UniqueID = "\NEXKXJTJ" ("\NEXKXJTJ")
Change component parameters (AddParameter): Name = "LatestRevisionDate"; Value = "17-Jul-2002"; VariantName = "[No Variations]"
Change component parameters (AddParameter): Name = "LatestRevisionNote"; Value = "Re-released for DXP Platform."; VariantName = "[No Variations]"
Change component parameters (AddParameter): Name = "Publisher"; Value = "Altium Limited"; VariantName = "[No Variations]"
Added Pin To Net: NetName=GND1 Pin=J5-1
Added Pin To Net: NetName=IN4 Pin=J5-2
Added Pin To Net: NetName=IN1 Pin=J6-1
Added Pin To Net: NetName=OUT+ Pin=J6-2
Added Pin To Net: NetName=GND2 Pin=J6-3
Added Pin To Net: NetName=IN2 Pin=J7-1
Added Pin To Net: NetName=OUT+ Pin=J7-2
Added Pin To Net: NetName=GND2 Pin=J7-3
Added Pin To Net: NetName=GND1 Pin=J16-1
Added Pin To Net: NetName=IN3 Pin=J16-3
Change Net Name : Old Net Name=NetLED4_1 New Net Name=NetD2_1
Added Member To Class: ClassName=RD Member=Component U3 AMS1117-3.3_C347222
