Removed Pin From Net: NetName=VCC_12V Pin=C31-1
Removed Pin From Net: NetName=GND2 Pin=C31-2
Removed Pin From Net: NetName=VCC_5V Pin=C32-1
Removed Pin From Net: NetName=GND2 Pin=C32-2
Removed Pin From Net: NetName=VCC_24V Pin=D1-1
Removed Pin From Net: NetName=VCC_24V Pin=D2-1
Removed Pin From Net: NetName=GND2 Pin=D3-2
Removed Pin From Net: NetName=GND2 Pin=D4-2
Removed Pin From Net: NetName=VCC_24V Pin=D5-1
Removed Pin From Net: NetName=VCC_24V Pin=D6-1
Removed Pin From Net: NetName=GND2 Pin=D7-2
Removed Pin From Net: NetName=GND2 Pin=D8-2
Removed Pin From Net: NetName=VCC_24V Pin=D9-1
Removed Pin From Net: NetName=VCC_24V Pin=D10-1
Removed Pin From Net: NetName=GND2 Pin=D11-2
Removed Pin From Net: NetName=GND2 Pin=D12-2
Removed Pin From Net: NetName=VCC_24V Pin=D13-1
Removed Pin From Net: NetName=VCC_24V Pin=D14-1
Removed Pin From Net: NetName=GND2 Pin=D15-2
Removed Pin From Net: NetName=GND2 Pin=D16-2
Removed Pin From Net: NetName=VCC_12V Pin=D18-1
Removed Pin From Net: NetName=VCC_12V Pin=D19-1
Removed Pin From Net: NetName=GND2 Pin=D20-2
Removed Pin From Net: NetName=GND2 Pin=D21-2
Removed Pin From Net: NetName=TXA Pin=J1-1
Removed Pin From Net: NetName=GND1 Pin=J1-3
Removed Pin From Net: NetName=A1 Pin=J2-1
Removed Pin From Net: NetName=+5V Pin=J2-3
Removed Pin From Net: NetName=GND1 Pin=J2-4
Removed Pin From Net: NetName=A2 Pin=J3-1
Removed Pin From Net: NetName=+5V Pin=J3-3
Removed Pin From Net: NetName=GND1 Pin=J3-4
Removed Pin From Net: NetName=A3 Pin=J4-1
Removed Pin From Net: NetName=+5V Pin=J4-3
Removed Pin From Net: NetName=GND1 Pin=J4-4
Removed Pin From Net: NetName=+5V Pin=J6-1
Removed Pin From Net: NetName=GND1 Pin=J6-2
Removed Pin From Net: NetName=A4 Pin=J13-1
Removed Pin From Net: NetName=+5V Pin=J13-3
Removed Pin From Net: NetName=GND1 Pin=J13-4
Removed Pin From Net: NetName=VCC_5V Pin=LED4-1
Removed Pin From Net: NetName=A1 Pin=R5-1
Removed Pin From Net: NetName=+5V Pin=R5-2
Removed Pin From Net: NetName=+5V Pin=R6-2
Removed Pin From Net: NetName=A2 Pin=R7-1
Removed Pin From Net: NetName=+5V Pin=R7-2
Removed Pin From Net: NetName=+5V Pin=R8-2
Removed Pin From Net: NetName=A3 Pin=R9-1
Removed Pin From Net: NetName=+5V Pin=R9-2
Removed Pin From Net: NetName=+5V Pin=R10-2
Removed Pin From Net: NetName=VCC_5V Pin=R24-1
Removed Pin From Net: NetName=INPUT6 Pin=R26-1
Removed Pin From Net: NetName=VCC_5V Pin=R27-1
Removed Pin From Net: NetName=INPUT7 Pin=R28-1
Removed Pin From Net: NetName=VCC_5V Pin=R30-1
Removed Pin From Net: NetName=INPUT8 Pin=R31-1
Removed Pin From Net: NetName=VCC_5V Pin=R34-1
Removed Pin From Net: NetName=INPUT9 Pin=R35-1
Removed Pin From Net: NetName=VCC_5V Pin=R36-1
Removed Pin From Net: NetName=INPUT10 Pin=R37-1
Removed Pin From Net: NetName=A4 Pin=R39-1
Removed Pin From Net: NetName=+5V Pin=R39-2
Removed Pin From Net: NetName=+5V Pin=R40-2
Removed Pin From Net: NetName=GND2 Pin=R42-2
Removed Pin From Net: NetName=A1 Pin=U1-67
Removed Pin From Net: NetName=A2 Pin=U1-77
Removed Pin From Net: NetName=A3 Pin=U1-90
Removed Pin From Net: NetName=A4 Pin=U1-92
Removed Pin From Net: NetName=GND2 Pin=U4-1
Removed Pin From Net: NetName=GND2 Pin=U4-2
Removed Pin From Net: NetName=VCC_24V Pin=U4-6
Removed Pin From Net: NetName=IN1 Pin=U4-7
Removed Pin From Net: NetName=VCC_5V Pin=U4-8
Removed Pin From Net: NetName=IN2 Pin=U4-9
Removed Pin From Net: NetName=GND2 Pin=U4-10
Removed Pin From Net: NetName=GND2 Pin=U4-11
Removed Pin From Net: NetName=VCC_5V Pin=U4-12
Removed Pin From Net: NetName=GND2 Pin=U4-19
Removed Pin From Net: NetName=GND2 Pin=U4-20
Removed Pin From Net: NetName=GND2 Pin=U8-1
Removed Pin From Net: NetName=GND2 Pin=U8-2
Removed Pin From Net: NetName=VCC_24V Pin=U8-6
Removed Pin From Net: NetName=IN3 Pin=U8-7
Removed Pin From Net: NetName=VCC_5V Pin=U8-8
Removed Pin From Net: NetName=IN4 Pin=U8-9
Removed Pin From Net: NetName=GND2 Pin=U8-10
Removed Pin From Net: NetName=GND2 Pin=U8-11
Removed Pin From Net: NetName=VCC_5V Pin=U8-12
Removed Pin From Net: NetName=GND2 Pin=U8-19
Removed Pin From Net: NetName=GND2 Pin=U8-20
Removed Pin From Net: NetName=GND2 Pin=U12-1
Removed Pin From Net: NetName=GND2 Pin=U12-2
Removed Pin From Net: NetName=VCC_24V Pin=U12-6
Removed Pin From Net: NetName=IN5 Pin=U12-7
Removed Pin From Net: NetName=VCC_5V Pin=U12-8
Removed Pin From Net: NetName=GND2 Pin=U12-10
Removed Pin From Net: NetName=GND2 Pin=U12-11
Removed Pin From Net: NetName=VCC_5V Pin=U12-12
Removed Pin From Net: NetName=GND2 Pin=U12-19
Removed Pin From Net: NetName=GND2 Pin=U12-20
Removed Pin From Net: NetName=GND1 Pin=U13-3
Removed Pin From Net: NetName=GND2 Pin=U13-5
Removed Pin From Net: NetName=VCC_5V Pin=U13-7
Removed Pin From Net: NetName=VCC_5V Pin=U13-8
Removed Pin From Net: NetName=GND1 Pin=U14-3
Removed Pin From Net: NetName=GND2 Pin=U14-5
Removed Pin From Net: NetName=VCC_5V Pin=U14-7
Removed Pin From Net: NetName=VCC_5V Pin=U14-8
Removed Pin From Net: NetName=GND2 Pin=U15-1
Removed Pin From Net: NetName=GND2 Pin=U15-2
Removed Pin From Net: NetName=VCC_24V Pin=U15-6
Removed Pin From Net: NetName=VCC_5V Pin=U15-8
Removed Pin From Net: NetName=GND2 Pin=U15-10
Removed Pin From Net: NetName=GND2 Pin=U15-11
Removed Pin From Net: NetName=VCC_5V Pin=U15-12
Removed Pin From Net: NetName=GND2 Pin=U15-19
Removed Pin From Net: NetName=GND2 Pin=U15-20
Removed Pin From Net: NetName=GND1 Pin=U16-3
Removed Pin From Net: NetName=GND2 Pin=U16-5
Removed Pin From Net: NetName=VCC_5V Pin=U16-7
Removed Pin From Net: NetName=VCC_5V Pin=U16-8
Removed Pin From Net: NetName=GND1 Pin=U18-3
Removed Pin From Net: NetName=GND2 Pin=U18-5
Removed Pin From Net: NetName=VCC_5V Pin=U18-7
Removed Pin From Net: NetName=VCC_5V Pin=U18-8
Removed Pin From Net: NetName=GND2 Pin=U20-1
Removed Pin From Net: NetName=GND2 Pin=U20-2
Removed Pin From Net: NetName=VCC_12V Pin=U20-6
Removed Pin From Net: NetName=VCC_5V Pin=U20-8
Removed Pin From Net: NetName=GND2 Pin=U20-10
Removed Pin From Net: NetName=GND2 Pin=U20-11
Removed Pin From Net: NetName=VCC_5V Pin=U20-12
Removed Pin From Net: NetName=GND2 Pin=U20-19
Removed Pin From Net: NetName=GND2 Pin=U20-20
Removed Pin From Net: NetName=GND1 Pin=U21-3
Removed Pin From Net: NetName=GND2 Pin=U21-5
Removed Pin From Net: NetName=VCC_5V Pin=U21-7
Removed Pin From Net: NetName=VCC_5V Pin=U21-8
Removed Pin From Net: NetName=VCC_12V Pin=U23-1
Removed Pin From Net: NetName=GND2 Pin=U23-2
Removed Pin From Net: NetName=VCC_5V Pin=U23-3
Removed Member From Class: ClassName=RD Member=D3
Removed Member From Class: ClassName=RD Member=D4
Removed Member From Class: ClassName=RD Member=D5
Removed Member From Class: ClassName=RD Member=D6
Removed Member From Class: ClassName=RD Member=D7
Removed Member From Class: ClassName=RD Member=D8
Removed Member From Class: ClassName=RD Member=D9
Removed Member From Class: ClassName=RD Member=D10
Removed Member From Class: ClassName=RD Member=D11
Removed Member From Class: ClassName=RD Member=D12
Removed Member From Class: ClassName=RD Member=D13
Removed Member From Class: ClassName=RD Member=D14
Removed Member From Class: ClassName=RD Member=D15
Removed Member From Class: ClassName=RD Member=D16
Removed Member From Class: ClassName=RD Member=D18
Removed Member From Class: ClassName=RD Member=D19
Removed Member From Class: ClassName=RD Member=D20
Removed Member From Class: ClassName=RD Member=D21
Removed Member From Class: ClassName=RD Member=DS1
Removed Member From Class: ClassName=RD Member=DS2
Removed Member From Class: ClassName=RD Member=DS3
Removed Member From Class: ClassName=RD Member=DS4
Removed Member From Class: ClassName=RD Member=DS5
Removed Member From Class: ClassName=RD Member=DS6
Removed Member From Class: ClassName=RD Member=DS7
Removed Member From Class: ClassName=RD Member=DS8
Removed Member From Class: ClassName=RD Member=DS9
Removed Member From Class: ClassName=RD Member=DS10
Removed Member From Class: ClassName=RD Member=J4
Removed Member From Class: ClassName=RD Member=J10
Removed Member From Class: ClassName=RD Member=J11
Removed Member From Class: ClassName=RD Member=J12
Removed Member From Class: ClassName=RD Member=J13
Removed Member From Class: ClassName=RD Member=J14
Removed Member From Class: ClassName=RD Member=J15
Removed Member From Class: ClassName=RD Member=LED4
Removed Member From Class: ClassName=RD Member=R21
Removed Member From Class: ClassName=RD Member=R22
Removed Member From Class: ClassName=RD Member=R23
Removed Member From Class: ClassName=RD Member=R24
Removed Member From Class: ClassName=RD Member=R25
Removed Member From Class: ClassName=RD Member=R26
Removed Member From Class: ClassName=RD Member=R27
Removed Member From Class: ClassName=RD Member=R28
Removed Member From Class: ClassName=RD Member=R29
Removed Member From Class: ClassName=RD Member=R30
Removed Member From Class: ClassName=RD Member=R31
Removed Member From Class: ClassName=RD Member=R32
Removed Member From Class: ClassName=RD Member=R34
Removed Member From Class: ClassName=RD Member=R35
Removed Member From Class: ClassName=RD Member=R36
Removed Member From Class: ClassName=RD Member=R37
Removed Member From Class: ClassName=RD Member=R38
Removed Member From Class: ClassName=RD Member=R39
Removed Member From Class: ClassName=RD Member=R40
Removed Member From Class: ClassName=RD Member=R41
Removed Member From Class: ClassName=RD Member=R42
Removed Member From Class: ClassName=RD Member=U12
Removed Member From Class: ClassName=RD Member=U13
Removed Member From Class: ClassName=RD Member=U14
Removed Member From Class: ClassName=RD Member=U15
Removed Member From Class: ClassName=RD Member=U16
Removed Member From Class: ClassName=RD Member=U18
Removed Member From Class: ClassName=RD Member=U20
Removed Member From Class: ClassName=RD Member=U21
Removed Member From Class: ClassName=RD Member=U22
Removed Member From Class: ClassName=RD Member=U23
Change Component Footprint: Designator=D2 Old Footprint=肖特基二极管SS34 New Footprint=LED_0603_GRN
Change Component Footprint: Designator=D1 Old Footprint=肖特基二极管SS34 New Footprint=SS34
Change Component Comment : Designator=D2 Old Comment=Diode 1N4149 New Comment=
Change Component Comment : Designator=D1 Old Comment=Diode 1N4149 New Comment=DIODE
Change Component Designator: OldDesignator=C23 NewDesignator=C27
Change Component Designator: OldDesignator=C24 NewDesignator=C28
Change Component Designator: OldDesignator=C25 NewDesignator=C29
Change Component Designator: OldDesignator=C26 NewDesignator=C30
Change Component Designator: OldDesignator=C27 NewDesignator=C31
Change Component Designator: OldDesignator=C28 NewDesignator=C32
Change Component Designator: OldDesignator=C29 NewDesignator=C33
Change Component Designator: OldDesignator=C30 NewDesignator=C34
Change Component Designator: OldDesignator=J5 NewDesignator=J3
Change Component Designator: OldDesignator=J6 NewDesignator=J2
Change Component Designator: OldDesignator=J9 NewDesignator=J8
Change Component Designator: OldDesignator=R11 NewDesignator=R5
Change Component Designator: OldDesignator=R12 NewDesignator=R6
Change Component Designator: OldDesignator=R13 NewDesignator=R7
Change Component Designator: OldDesignator=R15 NewDesignator=R8
Change Component Designator: OldDesignator=R16 NewDesignator=R9
Change Component Designator: OldDesignator=R17 NewDesignator=R10
Change Component Designator: OldDesignator=R18 NewDesignator=R11
Change Component Designator: OldDesignator=R20 NewDesignator=R13
Change Component Designator: OldDesignator=R21 NewDesignator=R14
Change Component Designator: OldDesignator=R22 NewDesignator=R16
Change Component Designator: OldDesignator=R23 NewDesignator=R17
Change Component Designator: OldDesignator=R29 NewDesignator=R18
Change Component Designator: OldDesignator=R41 NewDesignator=R19
Change Component Designator: OldDesignator=U5 NewDesignator=U10
Change Component Designator: OldDesignator=U6 NewDesignator=U4
Change Component Designator: OldDesignator=U7 NewDesignator=U5
Change Component Designator: OldDesignator=U9 NewDesignator=U6
Change Component Designator: OldDesignator=U10 NewDesignator=U8
Change Component Designator: OldDesignator=U11 NewDesignator=U9
Change Component Designator: OldDesignator=U22 NewDesignator=U11
Change component parameters: Designator = "D1" ("D1"); Footprint = "肖特基二极管SS34"; UniqueID = "\SQSWBYGY" ("\SQSWBYGY")
Change component parameters: Designator = "D2" ("D2"); Footprint = "肖特基二极管SS34"; UniqueID = "\MKBNBGSO" ("\MKBNBGSO")
Change component parameters (AddParameter): Name = "PackageDescription"; Value = "SM LED; 2 Flat Leads"; VariantName = "[No Variations]"
Change component parameters (AddParameter): Name = "PackageReference"; Value = "0603"; VariantName = "[No Variations]"
Change component parameters (AddParameter): Name = "Value"; Value = "LED_GREEN"; VariantName = "[No Variations]"
Change component parameters (AddParameter): Name = "贴?"; Value = "SMT"; VariantName = "[No Variations]"
Added Component: Designator=C23(0805C)
Add component (AddParameter): Name = "PackageDescription"; Value = "Chip Capacitor"; VariantName = "[No Variations]"
Add component (AddParameter): Name = "PackageReference"; Value = "C0603"; VariantName = "[No Variations]"
Add component (AddParameter): Name = "Value"; Value = "105"; VariantName = "[No Variations]"
Add component (AddParameter): Name = "贴?"; Value = "SMT"; VariantName = "[No Variations]"
Added Component: Designator=C24(CAP+)
Add component (AddParameter): Name = "LatestRevisionDate"; Value = "17-Jul-2002"; VariantName = "[No Variations]"
Add component (AddParameter): Name = "LatestRevisionNote"; Value = "Re-released for DXP Platform."; VariantName = "[No Variations]"
Add component (AddParameter): Name = "PackageDescription"; Value = "Polarized Capacitor (Radial); 2 Leads"; VariantName = "[No Variations]"
Add component (AddParameter): Name = "PackageReference"; Value = "RB7.6-15"; VariantName = "[No Variations]"
Add component (AddParameter): Name = "Published"; Value = "8-Jun-2000"; VariantName = "[No Variations]"
Add component (AddParameter): Name = "Publisher"; Value = "Altium Limited"; VariantName = "[No Variations]"
Add component (AddParameter): Name = "Value"; Value = "100uF"; VariantName = "[No Variations]"
Added Component: Designator=C25(0805C)
Add component (AddParameter): Name = "PackageDescription"; Value = "Chip Capacitor"; VariantName = "[No Variations]"
Add component (AddParameter): Name = "PackageReference"; Value = "C0603"; VariantName = "[No Variations]"
Add component (AddParameter): Name = "Value"; Value = "104"; VariantName = "[No Variations]"
Add component (AddParameter): Name = "贴?"; Value = "SMT"; VariantName = "[No Variations]"
Added Component: Designator=C26(CAP+)
Add component (AddParameter): Name = "LatestRevisionDate"; Value = "17-Jul-2002"; VariantName = "[No Variations]"
Add component (AddParameter): Name = "LatestRevisionNote"; Value = "Re-released for DXP Platform."; VariantName = "[No Variations]"
Add component (AddParameter): Name = "PackageDescription"; Value = "Polarized Capacitor (Radial); 2 Leads"; VariantName = "[No Variations]"
Add component (AddParameter): Name = "PackageReference"; Value = "RB7.6-15"; VariantName = "[No Variations]"
Add component (AddParameter): Name = "Published"; Value = "8-Jun-2000"; VariantName = "[No Variations]"
Add component (AddParameter): Name = "Publisher"; Value = "Altium Limited"; VariantName = "[No Variations]"
Add component (AddParameter): Name = "Value"; Value = "220uF"; VariantName = "[No Variations]"
Added Component: Designator=J5(CONN-TH_2P-P3.81_DB2EVC-3.81-2P-BK)
Added Component: Designator=J6(CONN-TH_3P-P3.81_DB2EVC-3.81-3P)
Add component (AddParameter): Name = "LatestRevisionDate"; Value = "17-Jul-2002"; VariantName = "[No Variations]"
Add component (AddParameter): Name = "LatestRevisionNote"; Value = "Re-released for DXP Platform."; VariantName = "[No Variations]"
Add component (AddParameter): Name = "Publisher"; Value = "Altium Limited"; VariantName = "[No Variations]"
Added Component: Designator=J7(CONN-TH_3P-P3.81_DB2EVC-3.81-3P)
Add component (AddParameter): Name = "LatestRevisionDate"; Value = "17-Jul-2002"; VariantName = "[No Variations]"
Add component (AddParameter): Name = "LatestRevisionNote"; Value = "Re-released for DXP Platform."; VariantName = "[No Variations]"
Add component (AddParameter): Name = "Publisher"; Value = "Altium Limited"; VariantName = "[No Variations]"
Added Component: Designator=J16(CONN-TH_3P-P3.81_DB2EVC-3.81-3P)
Added Component: Designator=L1(470)
Added Component: Designator=R12(0805R)
Add component (AddParameter): Name = "PackageDescription"; Value = "Chip Resistor"; VariantName = "[No Variations]"
Add component (AddParameter): Name = "PackageReference"; Value = "R0603"; VariantName = "[No Variations]"
Add component (AddParameter): Name = "Value"; Value = "330R"; VariantName = "[No Variations]"
Add component (AddParameter): Name = "贴?"; Value = "SMT"; VariantName = "[No Variations]"
Added Component: Designator=R15(RESPACK)
Added Component: Designator=R20(0805R)
Add component (AddParameter): Name = "PackageDescription"; Value = "R0603"; VariantName = "[No Variations]"
Add component (AddParameter): Name = "PackageReference"; Value = "R0603"; VariantName = "[No Variations]"
Add component (AddParameter): Name = "Value"; Value = "1k"; VariantName = "[No Variations]"
Add component (AddParameter): Name = "贴?"; Value = "SMT"; VariantName = "[No Variations]"
Added Component: Designator=U7(LM2596S)
Added Pin To Net: NetName=GND2 Pin=C23-1
Added Pin To Net: NetName=A1 Pin=C23-2
Added Pin To Net: NetName=VCC_12V Pin=C24-1
Added Pin To Net: NetName=GND2 Pin=C24-2
Added Pin To Net: NetName=GND2 Pin=C25-1
Added Pin To Net: NetName=VCC_12V Pin=C25-2
Added Pin To Net: NetName=A1 Pin=C26-1
Added Pin To Net: NetName=GND2 Pin=C26-2
Added Pin To Net: NetName=GND2 Pin=D1-1
Added Pin To Net: NetName=A4 Pin=D1-2
Added Pin To Net: NetName=A3 Pin=D2-1
Added Pin To Net: NetName=GND2 Pin=D2-2
Added Pin To Net: NetName=GND1 Pin=J1-1
Added Pin To Net: NetName=TXA Pin=J1-3
Added Pin To Net: NetName=GND1 Pin=J2-1
Added Pin To Net: NetName=+5V Pin=J2-2
Added Pin To Net: NetName=GND1 Pin=J5-1
Added Pin To Net: NetName=IN5 Pin=J5-2
Added Pin To Net: NetName=IN2 Pin=J6-1
Added Pin To Net: NetName=A1 Pin=J6-2
Added Pin To Net: NetName=GND2 Pin=J6-3
Added Pin To Net: NetName=IN1 Pin=J7-1
Added Pin To Net: NetName=A1 Pin=J7-2
Added Pin To Net: NetName=GND2 Pin=J7-3
Added Pin To Net: NetName=GND1 Pin=J16-1
Added Pin To Net: NetName=IN3 Pin=J16-2
Added Pin To Net: NetName=IN4 Pin=J16-3
Added Pin To Net: NetName=A1 Pin=L1-1
Added Pin To Net: NetName=A4 Pin=L1-2
Added Pin To Net: NetName=A2 Pin=R12-1
Added Pin To Net: NetName=GND2 Pin=R12-2
Added Pin To Net: NetName=A2 Pin=R15-1
Added Pin To Net: NetName=A1 Pin=R15-2
Added Pin To Net: NetName=A1 Pin=R15-3
Added Pin To Net: NetName=A1 Pin=R20-1
Added Pin To Net: NetName=A3 Pin=R20-2
Added Pin To Net: NetName=GND2 Pin=U7-0
Added Pin To Net: NetName=VCC_12V Pin=U7-1
Added Pin To Net: NetName=A4 Pin=U7-2
Added Pin To Net: NetName=GND2 Pin=U7-3
Added Pin To Net: NetName=A2 Pin=U7-4
Added Pin To Net: NetName=GND2 Pin=U7-5
Change Net Name : Old Net Name=A1 New Net Name=OUT+
Change Net Name : Old Net Name=A2 New Net Name=NetR12_1
Change Net Name : Old Net Name=A3 New Net Name=NetD2_1
Change Net Name : Old Net Name=A4 New Net Name=NetD1_2
Change Net Name : Old Net Name=NetC23_1 New Net Name=NetC27_1
Change Net Name : Old Net Name=NetC23_2 New Net Name=NetC27_2
Change Net Name : Old Net Name=NetR13_2 New Net Name=NetR7_2
Change Net Name : Old Net Name=NetR16_2 New Net Name=NetR9_2
Change Net Name : Old Net Name=NetR18_2 New Net Name=NetR11_2
Change Net Name : Old Net Name=NetR21_2 New Net Name=NetR14_2
Change Net Name : Old Net Name=NetR23_2 New Net Name=NetR17_2
Added Member To Class: ClassName=RD Member=Component C33 Cap Pol1
Added Member To Class: ClassName=RD Member=Component C34 Cap Pol1
Added Member To Class: ClassName=RD Member=Component J7 CON3
Added Member To Class: ClassName=RD Member=Component J16 CON3
Added Member To Class: ClassName=RD Member=Component L1 470
Added Room: Name=RD
