Removed Pin From Net: NetName=VCC_5V Pin=R6-1
Removed Pin From Net: NetName=IN2 Pin=R6-2
Removed Pin From Net: NetName=PWM2 Pin=R7-1
Removed Pin From Net: NetName=VCC_5V Pin=R8-1
Removed Pin From Net: NetName=IN1 Pin=R8-2
Removed Pin From Net: NetName=PWM1 Pin=R9-1
Removed Pin From Net: NetName=VCC_5V Pin=R11-1
Removed Pin From Net: NetName=IN4 Pin=R11-2
Removed Pin From Net: NetName=PWM4 Pin=R13-1
Removed Pin From Net: NetName=VCC_5V Pin=R15-1
Removed Pin From Net: NetName=IN3 Pin=R15-2
Removed Pin From Net: NetName=PWM3 Pin=R16-1
Removed Pin From Net: NetName=VCC_5V Pin=R17-1
Removed Pin From Net: NetName=IN5 Pin=R17-2
Removed Pin From Net: NetName=PWM5 Pin=R19-1
Removed Pin From Net: NetName=GND1 Pin=U4-3
Removed Pin From Net: NetName=GND2 Pin=U4-5
Removed Pin From Net: NetName=IN2 Pin=U4-6
Removed Pin From Net: NetName=VCC_5V Pin=U4-7
Removed Pin From Net: NetName=VCC_5V Pin=U4-8
Removed Pin From Net: NetName=GND1 Pin=U5-3
Removed Pin From Net: NetName=GND2 Pin=U5-5
Removed Pin From Net: NetName=IN1 Pin=U5-6
Removed Pin From Net: NetName=VCC_5V Pin=U5-7
Removed Pin From Net: NetName=VCC_5V Pin=U5-8
Removed Pin From Net: NetName=GND1 Pin=U7-3
Removed Pin From Net: NetName=GND2 Pin=U7-5
Removed Pin From Net: NetName=IN4 Pin=U7-6
Removed Pin From Net: NetName=VCC_5V Pin=U7-7
Removed Pin From Net: NetName=VCC_5V Pin=U7-8
Removed Pin From Net: NetName=GND1 Pin=U9-3
Removed Pin From Net: NetName=GND2 Pin=U9-5
Removed Pin From Net: NetName=IN3 Pin=U9-6
Removed Pin From Net: NetName=VCC_5V Pin=U9-7
Removed Pin From Net: NetName=VCC_5V Pin=U9-8
Removed Pin From Net: NetName=GND1 Pin=U10-3
Removed Pin From Net: NetName=GND2 Pin=U10-5
Removed Pin From Net: NetName=IN5 Pin=U10-6
Removed Pin From Net: NetName=VCC_5V Pin=U10-7
Removed Pin From Net: NetName=VCC_5V Pin=U10-8
Removed Member From Class: ClassName=Tui Member=R6
Removed Member From Class: ClassName=Tui Member=R7
Removed Member From Class: ClassName=Tui Member=R8
Removed Member From Class: ClassName=Tui Member=R9
Removed Member From Class: ClassName=Tui Member=R11
Removed Member From Class: ClassName=Tui Member=R13
Removed Member From Class: ClassName=Tui Member=R15
Removed Member From Class: ClassName=Tui Member=R16
Removed Member From Class: ClassName=Tui Member=R17
Removed Member From Class: ClassName=Tui Member=R19
Removed Member From Class: ClassName=Tui Member=U4
Removed Member From Class: ClassName=Tui Member=U5
Removed Member From Class: ClassName=Tui Member=U7
Removed Member From Class: ClassName=Tui Member=U9
Removed Member From Class: ClassName=Tui Member=U10
