Added Member To Class: ClassName=RD Member=Component C27 Cap Pol1
Added Member To Class: ClassName=RD Member=Component C28 Cap Pol1
Added Member To Class: ClassName=RD Member=Component C29 Cap Pol1
Added Member To Class: ClassName=RD Member=Component C30 Cap Pol1
Added Member To Class: ClassName=RD Member=Component C32 0.1uF
Added Member To Class: ClassName=RD Member=Component F2 THERMAL FUSE
Added Member To Class: ClassName=RD Member=Component J1 CON3
Added Member To Class: ClassName=RD Member=Component J5 CON2
Added Member To Class: ClassName=RD Member=Component J6 CON3
Added Member To Class: ClassName=RD Member=Component J7 CON3
Added Member To Class: ClassName=RD Member=Component J8 CON2
Added Member To Class: ClassName=RD Member=Component R13 332
Added Member To Class: ClassName=RD Member=Component R16 332
Added Member To Class: ClassName=RD Member=Component R17 201
Added Member To Class: ClassName=RD Member=Component R18 Res2
Added Member To Class: ClassName=RD Member=Component U2 MAX3232
Added Member To Class: ClassName=RD Member=Component U4 6n137
Added Member To Class: ClassName=RD Member=Component U5 6n137
Added Member To Class: ClassName=RD Member=Component U6 6n137
Added Member To Class: ClassName=RD Member=Component U10 URF4824QB-200W
Added Member To Class: ClassName=RD Member=Component U11 7812
