Removed Pin From Net: NetName=OUT1 Pin=D1-1
Removed Pin From Net: NetName=VCC_24V Pin=D1-2
Removed Pin From Net: NetName=OUT2 Pin=D2-1
Removed Pin From Net: NetName=VCC_24V Pin=D2-2
Removed Pin From Net: NetName=GND2 Pin=D3-1
Removed Pin From Net: NetName=OUT1 Pin=D3-2
Removed Pin From Net: NetName=GND2 Pin=D4-1
Removed Pin From Net: NetName=OUT2 Pin=D4-2
Removed Pin From Net: NetName=OUT3 Pin=D5-1
Removed Pin From Net: NetName=VCC_24V Pin=D5-2
Removed Pin From Net: NetName=OUT4 Pin=D6-1
Removed Pin From Net: NetName=VCC_24V Pin=D6-2
Removed Pin From Net: NetName=GND2 Pin=D7-1
Removed Pin From Net: NetName=OUT3 Pin=D7-2
Removed Pin From Net: NetName=GND2 Pin=D8-1
Removed Pin From Net: NetName=OUT4 Pin=D8-2
Removed Pin From Net: NetName=OUT5 Pin=D9-1
Removed Pin From Net: NetName=VCC_24V Pin=D9-2
Removed Pin From Net: NetName=OUT6 Pin=D10-1
Removed Pin From Net: NetName=VCC_24V Pin=D10-2
Removed Pin From Net: NetName=GND2 Pin=D11-1
Removed Pin From Net: NetName=OUT5 Pin=D11-2
Removed Pin From Net: NetName=GND2 Pin=D12-1
Removed Pin From Net: NetName=OUT6 Pin=D12-2
Removed Pin From Net: NetName=OUT7 Pin=D13-1
Removed Pin From Net: NetName=VCC_24V Pin=D13-2
Removed Pin From Net: NetName=OUT8 Pin=D14-1
Removed Pin From Net: NetName=VCC_24V Pin=D14-2
Removed Pin From Net: NetName=GND2 Pin=D15-1
Removed Pin From Net: NetName=OUT7 Pin=D15-2
Removed Pin From Net: NetName=GND2 Pin=D16-1
Removed Pin From Net: NetName=OUT8 Pin=D16-2
Removed Pin From Net: NetName=OUT9 Pin=D18-1
Removed Pin From Net: NetName=VCC_12V Pin=D18-2
Removed Pin From Net: NetName=OUT10 Pin=D19-1
Removed Pin From Net: NetName=VCC_12V Pin=D19-2
Removed Pin From Net: NetName=GND2 Pin=D20-1
Removed Pin From Net: NetName=OUT9 Pin=D20-2
Removed Pin From Net: NetName=GND2 Pin=D21-1
Removed Pin From Net: NetName=OUT10 Pin=D21-2
Change Component Library : Designator=D1 Old Library=Miscellaneous Devices.IntLib New Library=Arm&CeTui_zkk4.SCHLIB
Change Component Library : Designator=D2 Old Library=Miscellaneous Devices.IntLib New Library=Arm&CeTui_zkk4.SCHLIB
Change Component Library : Designator=D3 Old Library=Miscellaneous Devices.IntLib New Library=Arm&CeTui_zkk4.SCHLIB
Change Component Library : Designator=D4 Old Library=Miscellaneous Devices.IntLib New Library=Arm&CeTui_zkk4.SCHLIB
Change Component Library : Designator=D5 Old Library=Miscellaneous Devices.IntLib New Library=Arm&CeTui_zkk4.SCHLIB
Change Component Library : Designator=D6 Old Library=Miscellaneous Devices.IntLib New Library=Arm&CeTui_zkk4.SCHLIB
Change Component Library : Designator=D7 Old Library=Miscellaneous Devices.IntLib New Library=Arm&CeTui_zkk4.SCHLIB
Change Component Library : Designator=D8 Old Library=Miscellaneous Devices.IntLib New Library=Arm&CeTui_zkk4.SCHLIB
Change Component Library : Designator=D9 Old Library=Miscellaneous Devices.IntLib New Library=Arm&CeTui_zkk4.SCHLIB
Change Component Library : Designator=D10 Old Library=Miscellaneous Devices.IntLib New Library=Arm&CeTui_zkk4.SCHLIB
Change Component Library : Designator=D11 Old Library=Miscellaneous Devices.IntLib New Library=Arm&CeTui_zkk4.SCHLIB
Change Component Library : Designator=D12 Old Library=Miscellaneous Devices.IntLib New Library=Arm&CeTui_zkk4.SCHLIB
Change Component Library : Designator=D13 Old Library=Miscellaneous Devices.IntLib New Library=Arm&CeTui_zkk4.SCHLIB
Change Component Library : Designator=D14 Old Library=Miscellaneous Devices.IntLib New Library=Arm&CeTui_zkk4.SCHLIB
Change Component Library : Designator=D15 Old Library=Miscellaneous Devices.IntLib New Library=Arm&CeTui_zkk4.SCHLIB
Change Component Library : Designator=D16 Old Library=Miscellaneous Devices.IntLib New Library=Arm&CeTui_zkk4.SCHLIB
Change Component Library : Designator=D18 Old Library=Miscellaneous Devices.IntLib New Library=Arm&CeTui_zkk4.SCHLIB
Change Component Library : Designator=D19 Old Library=Miscellaneous Devices.IntLib New Library=Arm&CeTui_zkk4.SCHLIB
Change Component Library : Designator=D20 Old Library=Miscellaneous Devices.IntLib New Library=Arm&CeTui_zkk4.SCHLIB
Change Component Library : Designator=D21 Old Library=Miscellaneous Devices.IntLib New Library=Arm&CeTui_zkk4.SCHLIB
Added Pin To Net: NetName=VCC_24V Pin=D1-1
Added Pin To Net: NetName=OUT1 Pin=D1-2
Added Pin To Net: NetName=VCC_24V Pin=D2-1
Added Pin To Net: NetName=OUT2 Pin=D2-2
Added Pin To Net: NetName=OUT1 Pin=D3-1
Added Pin To Net: NetName=GND2 Pin=D3-2
Added Pin To Net: NetName=OUT2 Pin=D4-1
Added Pin To Net: NetName=GND2 Pin=D4-2
Added Pin To Net: NetName=VCC_24V Pin=D5-1
Added Pin To Net: NetName=OUT3 Pin=D5-2
Added Pin To Net: NetName=VCC_24V Pin=D6-1
Added Pin To Net: NetName=OUT4 Pin=D6-2
Added Pin To Net: NetName=OUT3 Pin=D7-1
Added Pin To Net: NetName=GND2 Pin=D7-2
Added Pin To Net: NetName=OUT4 Pin=D8-1
Added Pin To Net: NetName=GND2 Pin=D8-2
Added Pin To Net: NetName=VCC_24V Pin=D9-1
Added Pin To Net: NetName=OUT5 Pin=D9-2
Added Pin To Net: NetName=VCC_24V Pin=D10-1
Added Pin To Net: NetName=OUT6 Pin=D10-2
Added Pin To Net: NetName=OUT5 Pin=D11-1
Added Pin To Net: NetName=GND2 Pin=D11-2
Added Pin To Net: NetName=OUT6 Pin=D12-1
Added Pin To Net: NetName=GND2 Pin=D12-2
Added Pin To Net: NetName=VCC_24V Pin=D13-1
Added Pin To Net: NetName=OUT7 Pin=D13-2
Added Pin To Net: NetName=VCC_24V Pin=D14-1
Added Pin To Net: NetName=OUT8 Pin=D14-2
Added Pin To Net: NetName=OUT7 Pin=D15-1
Added Pin To Net: NetName=GND2 Pin=D15-2
Added Pin To Net: NetName=OUT8 Pin=D16-1
Added Pin To Net: NetName=GND2 Pin=D16-2
Added Pin To Net: NetName=VCC_12V Pin=D18-1
Added Pin To Net: NetName=OUT9 Pin=D18-2
Added Pin To Net: NetName=VCC_12V Pin=D19-1
Added Pin To Net: NetName=OUT10 Pin=D19-2
Added Pin To Net: NetName=OUT9 Pin=D20-1
Added Pin To Net: NetName=GND2 Pin=D20-2
Added Pin To Net: NetName=OUT10 Pin=D21-1
Added Pin To Net: NetName=GND2 Pin=D21-2
